__tests__/utils/mocks.ts(26,3): error TS2322: Type 'number' is not assignable to type 'string'.
__tests__/utils/mocks.ts(34,3): error TS2322: Type 'string' is not assignable to type 'Date'.
__tests__/utils/mocks.ts(40,3): error TS2322: Type 'number' is not assignable to type 'string'.
__tests__/utils/mocks.ts(48,3): error TS2322: Type 'string' is not assignable to type 'Date'.
__tests__/utils/mocks.ts(54,3): error TS2322: Type 'number' is not assignable to type 'string'.
__tests__/utils/mocks.ts(62,3): error TS2322: Type 'string' is not assignable to type 'Date'.
