2025-11-09 19:31:55,339 - app.main - INFO - Celery configured successfully
2025-11-09 19:31:55,540 - app.main - INFO - Starting Finance Management System Backend
2025-11-09 19:31:59,550 - app.main - ERROR - Failed to create database tables: (psycopg2.OperationalError) connection to server at "localhost" (::1), port 5432 failed: FATAL:  password authentication failed for user "user"

(Background on this error at: https://sqlalche.me/e/20/e3q8)
2025-11-09 19:31:59,550 - app.main - INFO - Directory uploads created/verified
2025-11-09 19:31:59,550 - app.main - INFO - Directory reports created/verified
2025-11-09 19:31:59,601 - app.main - INFO - Directory backups created/verified
2025-11-09 19:31:59,609 - app.main - INFO - Directory logs created/verified
2025-11-09 19:45:23,588 - app.main - INFO - Shutting down Finance Management System Backend
2025-11-09 19:45:49,826 - app.main - INFO - Celery configured successfully
2025-11-09 19:45:49,880 - app.main - INFO - Starting Finance Management System Backend
2025-11-09 19:45:50,526 - app.main - ERROR - Failed to create database tables: (psycopg2.OperationalError) connection to server at "localhost" (::1), port 5432 failed: FATAL:  password authentication failed for user "user"

(Background on this error at: https://sqlalche.me/e/20/e3q8)
2025-11-09 19:45:50,530 - app.main - INFO - Directory uploads created/verified
2025-11-09 19:45:50,530 - app.main - INFO - Directory reports created/verified
2025-11-09 19:45:50,530 - app.main - INFO - Directory backups created/verified
2025-11-09 19:45:50,549 - app.main - INFO - Directory logs created/verified
2025-11-09 19:57:08,375 - app.main - INFO - Shutting down Finance Management System Backend
2025-11-09 19:57:34,715 - app.main - INFO - Celery configured successfully
2025-11-09 19:57:34,790 - app.main - INFO - Starting Finance Management System Backend
2025-11-09 19:57:35,932 - app.main - ERROR - Failed to create database tables: (psycopg2.OperationalError) connection to server at "localhost" (::1), port 5432 failed: FATAL:  database "finance_db" does not exist

(Background on this error at: https://sqlalche.me/e/20/e3q8)
2025-11-09 19:57:35,948 - app.main - INFO - Directory uploads created/verified
2025-11-09 19:57:35,951 - app.main - INFO - Directory reports created/verified
2025-11-09 19:57:35,951 - app.main - INFO - Directory backups created/verified
2025-11-09 19:57:35,963 - app.main - INFO - Directory logs created/verified
2025-11-09 20:20:37,565 - app.main - INFO - Shutting down Finance Management System Backend
2025-11-09 20:21:01,881 - app.main - INFO - Celery configured successfully
2025-11-09 20:21:01,905 - app.main - INFO - Starting Finance Management System Backend
2025-11-09 20:21:03,590 - app.main - INFO - Database tables created successfully
2025-11-09 20:21:03,590 - app.main - INFO - Directory uploads created/verified
2025-11-09 20:21:03,590 - app.main - INFO - Directory reports created/verified
2025-11-09 20:21:03,590 - app.main - INFO - Directory backups created/verified
2025-11-09 20:21:03,590 - app.main - INFO - Directory logs created/verified
2025-11-09 20:22:01,055 - app.main - INFO - Request: GET http://127.0.0.1:8000/health
2025-11-09 20:22:01,060 - app.main - ERROR - Database health check failed: Textual SQL expression 'SELECT 1' should be explicitly declared as text('SELECT 1')
2025-11-09 20:22:06,440 - app.main - ERROR - Redis health check failed: Error 10061 connecting to localhost:6379. No connection could be made because the target machine actively refused it.
2025-11-09 20:22:06,495 - app.main - INFO - Response: 200 in 5.4399s
2025-11-09 20:22:07,679 - app.main - INFO - Request: GET http://127.0.0.1:8000/favicon.ico
2025-11-09 20:22:07,891 - app.main - INFO - Response: 404 in 0.2123s
2025-11-09 20:22:25,448 - app.main - INFO - Request: GET http://127.0.0.1:8000/docs
2025-11-09 20:22:25,465 - app.main - INFO - Response: 404 in 0.0155s
2025-11-09 20:22:43,698 - app.main - INFO - Request: GET http://127.0.0.1:8000/docs
2025-11-09 20:22:43,708 - app.main - INFO - Response: 404 in 0.0100s
2025-11-09 20:22:52,698 - app.main - INFO - Request: GET http://127.0.0.1:8000/
2025-11-09 20:22:52,716 - app.main - INFO - Response: 200 in 0.0176s
2025-11-09 20:30:12,998 - app.main - INFO - Shutting down Finance Management System Backend
2025-11-09 20:30:32,593 - app.main - INFO - Celery configured successfully
2025-11-09 20:30:32,613 - app.main - INFO - Starting Finance Management System Backend
2025-11-09 20:30:33,025 - app.main - INFO - Database tables created successfully
2025-11-09 20:30:33,025 - app.main - INFO - Directory uploads created/verified
2025-11-09 20:30:33,025 - app.main - INFO - Directory reports created/verified
2025-11-09 20:30:33,025 - app.main - INFO - Directory backups created/verified
2025-11-09 20:30:33,040 - app.main - INFO - Directory logs created/verified
2025-11-09 20:30:46,571 - app.main - INFO - Request: GET http://127.0.0.1:8000/docs
2025-11-09 20:30:46,588 - app.main - INFO - Response: 404 in 0.0171s
2025-11-09 20:30:51,110 - app.main - INFO - Request: GET http://127.0.0.1:8000/docs
2025-11-09 20:30:51,135 - app.main - INFO - Response: 404 in 0.0250s
2025-11-09 20:36:35,043 - app.main - INFO - Shutting down Finance Management System Backend
2025-11-09 20:36:49,470 - app.main - INFO - Celery configured successfully
2025-11-09 20:36:49,500 - app.main - INFO - Starting Finance Management System Backend
2025-11-09 20:36:49,932 - app.main - INFO - Database tables created successfully
2025-11-09 20:36:49,932 - app.main - INFO - Directory uploads created/verified
2025-11-09 20:36:49,932 - app.main - INFO - Directory reports created/verified
2025-11-09 20:36:49,932 - app.main - INFO - Directory backups created/verified
2025-11-09 20:36:49,972 - app.main - INFO - Directory logs created/verified
2025-11-09 20:37:08,968 - app.main - INFO - Request: GET http://127.0.0.1:8000/docs
2025-11-09 20:37:08,979 - app.main - INFO - Response: 404 in 0.0098s
2025-11-09 20:37:11,605 - app.main - INFO - Request: GET http://127.0.0.1:8000/docs
2025-11-09 20:37:11,616 - app.main - INFO - Response: 404 in 0.0110s
2025-11-09 20:39:05,993 - app.main - INFO - Shutting down Finance Management System Backend
2025-11-09 20:41:51,902 - app.main - INFO - Celery configured successfully
2025-11-09 20:41:51,925 - app.main - INFO - Starting Finance Management System Backend
2025-11-09 20:41:52,305 - app.main - ERROR - Failed to create database tables: (psycopg2.OperationalError) connection to server at "localhost" (::1), port 5432 failed: FATAL:  password authentication failed for user "user"

(Background on this error at: https://sqlalche.me/e/20/e3q8)
2025-11-09 20:41:52,317 - app.main - INFO - Directory uploads created/verified
2025-11-09 20:41:52,317 - app.main - INFO - Directory reports created/verified
2025-11-09 20:41:52,317 - app.main - INFO - Directory backups created/verified
2025-11-09 20:41:52,330 - app.main - INFO - Directory logs created/verified
2025-11-09 20:42:54,558 - app.main - INFO - Shutting down Finance Management System Backend
2025-11-09 20:43:05,243 - app.main - INFO - Celery configured successfully
2025-11-09 20:43:05,243 - app.main - INFO - Starting Finance Management System Backend
2025-11-09 20:43:05,512 - app.main - ERROR - Failed to create database tables: (psycopg2.OperationalError) connection to server at "localhost" (::1), port 5432 failed: FATAL:  password authentication failed for user "user"

(Background on this error at: https://sqlalche.me/e/20/e3q8)
2025-11-09 20:43:05,512 - app.main - INFO - Directory uploads created/verified
2025-11-09 20:43:05,528 - app.main - INFO - Directory reports created/verified
2025-11-09 20:43:05,542 - app.main - INFO - Directory backups created/verified
2025-11-09 20:43:05,551 - app.main - INFO - Directory logs created/verified
2025-11-09 20:44:58,865 - app.main - INFO - Shutting down Finance Management System Backend
2025-11-09 20:45:14,174 - app.main - INFO - Celery configured successfully
2025-11-09 20:45:14,202 - app.main - INFO - Starting Finance Management System Backend
2025-11-09 20:45:14,599 - app.main - INFO - Database tables created successfully
2025-11-09 20:45:14,599 - app.main - INFO - Directory uploads created/verified
2025-11-09 20:45:14,599 - app.main - INFO - Directory reports created/verified
2025-11-09 20:45:14,615 - app.main - INFO - Directory backups created/verified
2025-11-09 20:45:14,615 - app.main - INFO - Directory logs created/verified
2025-11-09 20:45:49,603 - app.main - INFO - Request: GET http://127.0.0.1:8000/docs
2025-11-09 20:45:49,636 - app.main - INFO - Response: 200 in 0.0334s
2025-11-09 20:46:08,498 - app.main - INFO - Request: GET http://127.0.0.1:8000/openapi.json
2025-11-09 20:46:11,196 - app.main - INFO - Response: 200 in 2.6976s
2025-11-09 20:49:04,417 - app.main - INFO - Shutting down Finance Management System Backend
2025-11-09 20:49:15,848 - app.main - INFO - Celery configured successfully
2025-11-09 20:49:15,869 - app.main - INFO - Starting Finance Management System Backend
2025-11-09 20:49:16,234 - app.main - INFO - Database tables created successfully
2025-11-09 20:49:16,234 - app.main - INFO - Directory uploads created/verified
2025-11-09 20:49:16,234 - app.main - INFO - Directory reports created/verified
2025-11-09 20:49:16,249 - app.main - INFO - Directory backups created/verified
2025-11-09 20:49:16,249 - app.main - INFO - Directory logs created/verified
2025-11-09 20:54:06,389 - app.main - INFO - Shutting down Finance Management System Backend
2025-11-09 20:54:29,810 - app.main - INFO - Celery configured successfully
2025-11-09 20:54:29,814 - app.main - INFO - Starting Finance Management System Backend
2025-11-09 20:54:33,949 - app.main - INFO - Database tables created successfully
2025-11-09 20:54:33,949 - app.main - INFO - Directory uploads created/verified
2025-11-09 20:54:33,964 - app.main - INFO - Directory reports created/verified
2025-11-09 20:54:33,964 - app.main - INFO - Directory backups created/verified
2025-11-09 20:54:33,964 - app.main - INFO - Directory logs created/verified
2025-11-10 20:37:48,163 - app.main - INFO - Celery configured successfully
2025-11-10 20:37:48,634 - app.main - INFO - Starting Finance Management System Backend
2025-11-10 20:37:51,065 - app.main - INFO - Database tables created successfully
2025-11-10 20:37:51,065 - app.main - INFO - Directory uploads created/verified
2025-11-10 20:37:51,080 - app.main - INFO - Directory reports created/verified
2025-11-10 20:37:51,080 - app.main - INFO - Directory backups created/verified
2025-11-10 20:37:51,080 - app.main - INFO - Directory logs created/verified
2025-11-10 20:38:12,192 - app.main - INFO - Request: GET http://localhost:8000/
2025-11-10 20:38:12,272 - app.main - INFO - Response: 200 in 0.0791s
2025-11-10 20:38:15,179 - app.main - INFO - Request: GET http://localhost:8000/favicon.ico
2025-11-10 20:38:15,195 - app.main - INFO - Response: 404 in 0.0156s
2025-11-10 20:38:27,002 - app.main - INFO - Request: GET http://localhost:8000/docs
2025-11-10 20:38:27,006 - app.main - INFO - Response: 200 in 0.0041s
2025-11-10 20:38:29,653 - app.main - INFO - Request: GET http://localhost:8000/openapi.json
2025-11-10 20:38:30,563 - app.main - INFO - Response: 200 in 0.9095s
2025-11-11 15:54:31,649 - app.main - INFO - Celery configured successfully
2025-11-11 15:54:32,029 - app.main - INFO - Starting Finance Management System Backend
2025-11-11 15:54:33,240 - app.main - INFO - Database tables created successfully
2025-11-11 15:54:33,255 - app.main - INFO - Directory uploads created/verified
2025-11-11 15:54:33,257 - app.main - INFO - Directory reports created/verified
2025-11-11 15:54:33,259 - app.main - INFO - Directory backups created/verified
2025-11-11 15:54:33,261 - app.main - INFO - Directory logs created/verified
2025-11-11 15:56:33,768 - app.main - INFO - Request: GET http://localhost:8000/docs
2025-11-11 15:56:33,930 - app.main - INFO - Response: 200 in 0.1616s
2025-11-11 15:56:42,506 - app.main - INFO - Request: GET http://localhost:8000/openapi.json
2025-11-11 15:56:43,436 - app.main - INFO - Response: 200 in 0.9297s
2025-11-12 08:37:44,558 - app.main - INFO - Celery configured successfully
2025-11-12 08:37:46,692 - app.main - INFO - Starting Finance Management System Backend
2025-11-12 08:37:47,783 - app.main - INFO - Database tables created successfully
2025-11-12 08:37:47,786 - app.main - INFO - Directory uploads created/verified
2025-11-12 08:37:47,787 - app.main - INFO - Directory reports created/verified
2025-11-12 08:37:47,790 - app.main - INFO - Directory backups created/verified
2025-11-12 08:37:47,793 - app.main - INFO - Directory logs created/verified
2025-11-12 08:41:33,354 - app.main - INFO - Request: GET http://localhost:8000/docs
2025-11-12 08:41:33,512 - app.main - INFO - Response: 200 in 0.1577s
2025-11-12 08:41:43,681 - app.main - INFO - Request: GET http://localhost:8000/openapi.json
2025-11-12 08:41:45,570 - app.main - INFO - Response: 200 in 1.8892s
2025-11-13 07:22:49,927 - app.main - INFO - Celery configured successfully
2025-11-13 07:22:50,089 - app.main - INFO - Starting Finance Management System Backend
2025-11-13 07:22:50,705 - app.main - INFO - Database tables created successfully
2025-11-13 07:22:50,721 - app.main - INFO - Directory uploads created/verified
2025-11-13 07:22:50,721 - app.main - INFO - Directory reports created/verified
2025-11-13 07:22:50,721 - app.main - INFO - Directory backups created/verified
2025-11-13 07:22:50,721 - app.main - INFO - Directory logs created/verified
2025-11-13 07:23:50,114 - app.main - INFO - Request: GET http://localhost:8000/docs
2025-11-13 07:23:51,971 - app.main - INFO - Response: 200 in 1.8568s
2025-11-13 07:23:58,099 - app.main - INFO - Request: GET http://localhost:8000/openapi.json
2025-11-13 07:23:59,215 - app.main - INFO - Response: 200 in 1.1169s
2025-11-13 17:37:39,374 - app.main - INFO - Celery configured successfully
2025-11-13 17:37:39,565 - app.main - INFO - Starting Finance Management System Backend
2025-11-13 17:37:40,704 - app.main - INFO - Database tables created successfully
2025-11-13 17:37:40,704 - app.main - INFO - Directory uploads created/verified
2025-11-13 17:37:40,719 - app.main - INFO - Directory reports created/verified
2025-11-13 17:37:40,721 - app.main - INFO - Directory backups created/verified
2025-11-13 17:37:40,725 - app.main - INFO - Directory logs created/verified
2025-11-13 17:38:19,579 - app.main - INFO - Request: GET http://127.0.0.1:8000/
2025-11-13 17:38:19,728 - app.main - INFO - Response: 200 in 0.1491s
2025-11-13 17:38:34,065 - app.main - INFO - Request: GET http://127.0.0.1:8000/favicon.ico
2025-11-13 17:38:34,072 - app.main - INFO - Response: 404 in 0.0075s
2025-11-13 17:38:55,292 - app.main - INFO - Request: GET http://127.0.0.1:8000/docs
2025-11-13 17:38:55,329 - app.main - INFO - Response: 200 in 0.0368s
2025-11-13 17:38:59,875 - app.main - INFO - Request: GET http://127.0.0.1:8000/openapi.json
2025-11-13 17:39:01,028 - app.main - INFO - Response: 200 in 1.1531s
2025-11-13 19:17:44,294 - app.main - INFO - Celery configured successfully
2025-11-13 19:17:46,174 - app.main - INFO - Starting Finance Management System Backend
2025-11-13 19:17:52,846 - app.main - INFO - Database tables created successfully
2025-11-13 19:17:53,292 - app.main - INFO - Directory uploads created/verified
2025-11-13 19:17:53,646 - app.main - INFO - Directory reports created/verified
2025-11-13 19:17:54,280 - app.main - INFO - Directory backups created/verified
2025-11-13 19:17:55,012 - app.main - INFO - Directory logs created/verified
2025-11-13 19:21:58,907 - app.main - INFO - Request: GET http://127.0.0.1:8000/docs
2025-11-13 19:21:59,195 - app.main - INFO - Response: 200 in 0.2893s
2025-11-13 19:22:30,726 - app.main - INFO - Request: GET http://127.0.0.1:8000/openapi.json
2025-11-13 19:22:33,207 - app.main - INFO - Response: 200 in 2.4811s
2025-11-14 08:15:08,804 - app.main - INFO - Celery configured successfully
2025-11-14 08:15:09,495 - app.main - INFO - Starting Finance Management System Backend
2025-11-14 08:15:14,236 - app.main - INFO - Database tables created successfully
2025-11-14 08:15:14,256 - app.main - INFO - Directory uploads created/verified
2025-11-14 08:15:14,262 - app.main - INFO - Directory reports created/verified
2025-11-14 08:15:14,265 - app.main - INFO - Directory backups created/verified
2025-11-14 08:15:14,315 - app.main - INFO - Directory logs created/verified
2025-11-14 08:17:05,276 - app.main - INFO - Request: GET http://127.0.0.1:8000/docs
2025-11-14 08:17:05,368 - app.main - INFO - Response: 200 in 0.0915s
2025-11-14 08:17:16,887 - app.main - INFO - Request: GET http://127.0.0.1:8000/openapi.json
2025-11-14 08:17:17,802 - app.main - INFO - Response: 200 in 0.9143s
2025-11-14 08:27:04,376 - app.main - INFO - Shutting down Finance Management System Backend
2025-11-14 08:31:40,137 - app.main - INFO - Celery configured successfully
2025-11-14 08:40:13,701 - app.main - INFO - Celery configured successfully
2025-11-14 08:52:05,364 - app.main - INFO - Celery configured successfully
2025-11-14 08:59:18,369 - app.main - INFO - Celery configured successfully
2025-11-14 09:02:44,130 - app.main - INFO - Celery configured successfully
2025-11-14 09:03:04,848 - app.main - INFO - Celery configured successfully
2025-11-14 09:06:21,795 - app.main - INFO - Celery configured successfully
2025-11-14 09:12:42,192 - app.main - INFO - Celery configured successfully
2025-11-14 09:33:35,561 - app.main - INFO - Celery configured successfully
2025-11-14 09:43:08,262 - app.main - INFO - Celery configured successfully
2025-11-14 09:46:15,002 - app.main - INFO - Celery configured successfully
2025-11-14 09:51:26,709 - app.main - INFO - Celery configured successfully
2025-11-14 09:58:28,420 - app.main - INFO - Celery configured successfully
2025-11-14 09:58:29,786 - passlib.handlers.bcrypt - WARNING - (trapped) error reading bcrypt version
Traceback (most recent call last):
  File "C:\Users\Amare\AppData\Local\Programs\Python\Python312\Lib\site-packages\passlib\handlers\bcrypt.py", line 620, in _load_backend_mixin
    version = _bcrypt.__about__.__version__
              ^^^^^^^^^^^^^^^^^
AttributeError: module 'bcrypt' has no attribute '__about__'
2025-11-14 10:06:20,113 - app.main - INFO - Celery configured successfully
2025-11-14 10:06:21,200 - passlib.handlers.bcrypt - WARNING - (trapped) error reading bcrypt version
Traceback (most recent call last):
  File "C:\Users\Amare\AppData\Local\Programs\Python\Python312\Lib\site-packages\passlib\handlers\bcrypt.py", line 620, in _load_backend_mixin
    version = _bcrypt.__about__.__version__
              ^^^^^^^^^^^^^^^^^
AttributeError: module 'bcrypt' has no attribute '__about__'
2025-11-14 10:13:33,066 - app.main - INFO - Celery configured successfully
2025-11-14 10:17:43,903 - app.main - INFO - Celery configured successfully
2025-11-14 10:17:50,187 - app.main - INFO - Request: POST http://testserver/api/v1/auth/login
2025-11-14 10:17:50,193 - app.main - INFO - Response: 404 in 0.0050s
2025-11-14 10:17:50,221 - httpx - INFO - HTTP Request: POST http://testserver/api/v1/auth/login "HTTP/1.1 404 Not Found"
2025-11-14 10:43:31,520 - app.main - INFO - Celery configured successfully
2025-11-14 10:43:36,239 - app.main - INFO - Request: POST http://testserver/api/v1/auth/login
2025-11-14 10:43:36,245 - app.main - INFO - Response: 404 in 0.0060s
2025-11-14 10:43:36,255 - httpx - INFO - HTTP Request: POST http://testserver/api/v1/auth/login "HTTP/1.1 404 Not Found"
2025-11-14 10:48:33,414 - app.main - INFO - Request: POST http://testserver/api/v1/auth/login
2025-11-14 10:48:33,432 - app.main - INFO - Response: 404 in 0.0170s
2025-11-14 10:48:33,455 - httpx - INFO - HTTP Request: POST http://testserver/api/v1/auth/login "HTTP/1.1 404 Not Found"
2025-11-14 11:05:11,384 - app.main - INFO - Celery configured successfully
2025-11-14 11:05:16,722 - app.main - INFO - Request: POST http://testserver/api/v1/auth/login
2025-11-14 11:05:16,866 - app.main - INFO - Response: 404 in 0.1300s
2025-11-14 11:05:16,914 - httpx - INFO - HTTP Request: POST http://testserver/api/v1/auth/login "HTTP/1.1 404 Not Found"
2025-11-14 11:08:13,623 - app.main - INFO - Celery configured successfully
2025-11-14 11:08:19,448 - app.main - INFO - Request: POST http://testserver/api/v1/auth/login
2025-11-14 11:08:19,482 - app.main - INFO - Response: 404 in 0.0332s
2025-11-14 11:08:19,515 - httpx - INFO - HTTP Request: POST http://testserver/api/v1/auth/login "HTTP/1.1 404 Not Found"
2025-11-14 11:15:27,690 - app.main - INFO - Celery configured successfully
2025-11-14 11:15:33,555 - app.main - INFO - Request: POST http://testserver/api/v1/auth
2025-11-14 11:15:33,562 - app.main - INFO - Response: 404 in 0.0080s
2025-11-14 11:15:33,610 - httpx - INFO - HTTP Request: POST http://testserver/api/v1/auth "HTTP/1.1 404 Not Found"
2025-11-14 11:19:00,053 - app.main - INFO - Celery configured successfully
2025-11-14 11:19:06,408 - app.main - INFO - Request: POST http://testserver/api/v1/auth/login
2025-11-14 11:19:06,418 - app.main - INFO - Response: 404 in 0.0110s
2025-11-14 11:19:06,452 - httpx - INFO - HTTP Request: POST http://testserver/api/v1/auth/login "HTTP/1.1 404 Not Found"
2025-11-14 11:25:53,026 - app.main - INFO - Celery configured successfully
2025-11-14 11:25:59,920 - app.main - INFO - Request: POST http://testserver/api/v1/auth/login
2025-11-14 11:26:01,071 - app.main - INFO - Response: 200 in 1.1502s
2025-11-14 11:26:01,086 - httpx - INFO - HTTP Request: POST http://testserver/api/v1/auth/login "HTTP/1.1 200 OK"
2025-11-14 11:26:01,111 - app.main - INFO - Request: POST http://testserver/api/v1/users/
2025-11-14 11:26:01,297 - app.main - INFO - Response: 422 in 0.1858s
2025-11-14 11:26:01,297 - httpx - INFO - HTTP Request: POST http://testserver/api/v1/users/ "HTTP/1.1 422 Unprocessable Entity"
2025-11-14 11:35:29,339 - app.main - INFO - Celery configured successfully
2025-11-14 11:35:34,358 - app.main - INFO - Request: POST http://testserver/api/v1/auth/login
2025-11-14 11:35:34,975 - app.main - INFO - Response: 200 in 0.6176s
2025-11-14 11:35:34,983 - httpx - INFO - HTTP Request: POST http://testserver/api/v1/auth/login "HTTP/1.1 200 OK"
2025-11-14 11:35:35,008 - app.main - INFO - Request: POST http://testserver/api/v1/users/
2025-11-14 11:35:35,115 - app.main - INFO - Response: 422 in 0.1071s
2025-11-14 11:35:35,122 - httpx - INFO - HTTP Request: POST http://testserver/api/v1/users/ "HTTP/1.1 422 Unprocessable Entity"
2025-11-14 16:06:51,346 - app.main - INFO - Celery configured successfully
2025-11-14 16:07:40,845 - app.main - INFO - Request: POST http://testserver/api/v1/auth/login
2025-11-14 16:07:42,540 - app.main - INFO - Response: 200 in 1.6962s
2025-11-14 16:07:42,554 - httpx - INFO - HTTP Request: POST http://testserver/api/v1/auth/login "HTTP/1.1 200 OK"
2025-11-14 16:07:42,637 - app.main - INFO - Request: POST http://testserver/api/v1/users/
2025-11-14 16:07:43,049 - app.main - INFO - Response: 422 in 0.4119s
2025-11-14 16:07:43,057 - httpx - INFO - HTTP Request: POST http://testserver/api/v1/users/ "HTTP/1.1 422 Unprocessable Entity"
2025-11-14 16:13:41,280 - app.main - INFO - Celery configured successfully
2025-11-14 16:13:52,222 - app.main - INFO - Request: POST http://testserver/api/v1/auth/login
2025-11-14 16:13:52,921 - app.main - WARNING - HTTP Exception: 401 - Incorrect username or password
2025-11-14 16:13:52,924 - app.main - INFO - Response: 401 in 0.7025s
2025-11-14 16:13:52,933 - httpx - INFO - HTTP Request: POST http://testserver/api/v1/auth/login "HTTP/1.1 401 Unauthorized"
2025-11-14 18:27:13,094 - app.main - INFO - Celery configured successfully
2025-11-14 18:27:41,119 - app.main - INFO - Request: POST http://testserver/api/v1/auth/login
2025-11-14 18:27:41,995 - app.main - WARNING - HTTP Exception: 401 - Incorrect username or password
2025-11-14 18:27:42,019 - app.main - INFO - Response: 401 in 0.9003s
2025-11-14 18:27:42,080 - httpx - INFO - HTTP Request: POST http://testserver/api/v1/auth/login "HTTP/1.1 401 Unauthorized"
2025-11-14 18:33:56,342 - app.main - INFO - Celery configured successfully
2025-11-14 18:34:05,302 - app.main - INFO - Request: POST http://testserver/api/v1/auth/login
2025-11-14 18:34:06,590 - app.main - INFO - Response: 200 in 1.2880s
2025-11-14 18:34:06,610 - httpx - INFO - HTTP Request: POST http://testserver/api/v1/auth/login "HTTP/1.1 200 OK"
2025-11-14 18:34:06,647 - app.main - INFO - Request: POST http://testserver/api/v1/users/
2025-11-14 18:34:06,869 - app.main - INFO - Response: 422 in 0.2228s
2025-11-14 18:34:06,877 - httpx - INFO - HTTP Request: POST http://testserver/api/v1/users/ "HTTP/1.1 422 Unprocessable Entity"
2025-11-14 18:37:19,911 - app.main - INFO - Celery configured successfully
2025-11-14 18:37:29,460 - app.main - INFO - Request: POST http://testserver/api/v1/auth/login
2025-11-14 18:37:31,058 - app.main - INFO - Response: 200 in 1.5987s
2025-11-14 18:37:31,109 - httpx - INFO - HTTP Request: POST http://testserver/api/v1/auth/login "HTTP/1.1 200 OK"
2025-11-14 18:37:31,121 - app.main - INFO - Request: POST http://testserver/api/v1/users/
2025-11-14 18:37:32,013 - app.main - INFO - Response: 201 in 0.8913s
2025-11-14 18:37:32,028 - httpx - INFO - HTTP Request: POST http://testserver/api/v1/users/ "HTTP/1.1 201 Created"
2025-11-14 18:40:34,293 - app.main - INFO - Celery configured successfully
2025-11-14 18:40:42,185 - app.main - INFO - Request: POST http://testserver/api/v1/auth/login
2025-11-14 18:40:42,933 - app.main - INFO - Response: 200 in 0.7481s
2025-11-14 18:40:42,943 - httpx - INFO - HTTP Request: POST http://testserver/api/v1/auth/login "HTTP/1.1 200 OK"
2025-11-14 18:40:42,974 - app.main - INFO - Request: POST http://testserver/api/v1/users/
2025-11-14 18:40:43,833 - app.main - INFO - Response: 201 in 0.8591s
2025-11-14 18:40:43,853 - httpx - INFO - HTTP Request: POST http://testserver/api/v1/users/ "HTTP/1.1 201 Created"
2025-11-14 18:40:43,893 - app.main - INFO - Request: POST http://testserver/api/v1/auth/login
2025-11-14 18:40:44,610 - app.main - INFO - Response: 200 in 0.7165s
2025-11-14 18:40:44,619 - httpx - INFO - HTTP Request: POST http://testserver/api/v1/auth/login "HTTP/1.1 200 OK"
2025-11-14 18:40:44,654 - app.main - INFO - Request: POST http://testserver/api/v1/users/subordinates
2025-11-14 18:40:45,682 - app.main - INFO - Response: 201 in 1.0283s
2025-11-14 18:40:45,694 - httpx - INFO - HTTP Request: POST http://testserver/api/v1/users/subordinates "HTTP/1.1 201 Created"
2025-11-14 18:40:45,745 - app.main - INFO - Request: POST http://testserver/api/v1/users/subordinates
2025-11-14 18:40:46,839 - app.main - INFO - Response: 201 in 1.0927s
2025-11-14 18:40:46,859 - httpx - INFO - HTTP Request: POST http://testserver/api/v1/users/subordinates "HTTP/1.1 201 Created"
2025-11-14 18:40:46,884 - app.main - INFO - Request: POST http://testserver/api/v1/auth/login
2025-11-14 18:40:47,752 - app.main - INFO - Response: 200 in 0.8684s
2025-11-14 18:40:47,762 - httpx - INFO - HTTP Request: POST http://testserver/api/v1/auth/login "HTTP/1.1 200 OK"
2025-11-14 18:40:47,788 - app.main - INFO - Request: POST http://testserver/api/v1/users/
2025-11-14 18:40:47,841 - app.main - WARNING - HTTP Exception: 403 - Not enough permissions
2025-11-14 18:40:47,890 - app.main - INFO - Response: 403 in 0.1019s
2025-11-14 18:40:47,905 - httpx - INFO - HTTP Request: POST http://testserver/api/v1/users/ "HTTP/1.1 403 Forbidden"
2025-11-14 18:46:32,627 - app.main - INFO - Celery configured successfully
2025-11-14 18:46:45,230 - app.main - INFO - Request: POST http://testserver/api/v1/auth/login
2025-11-14 18:46:46,066 - app.main - INFO - Response: 200 in 0.8366s
2025-11-14 18:46:46,077 - httpx - INFO - HTTP Request: POST http://testserver/api/v1/auth/login "HTTP/1.1 200 OK"
2025-11-14 18:46:46,147 - app.main - INFO - Request: POST http://testserver/api/v1/users/
2025-11-14 18:46:47,462 - app.main - INFO - Response: 201 in 1.3151s
2025-11-14 18:46:47,564 - httpx - INFO - HTTP Request: POST http://testserver/api/v1/users/ "HTTP/1.1 201 Created"
2025-11-14 18:46:47,645 - app.main - INFO - Request: POST http://testserver/api/v1/auth/login
2025-11-14 18:46:48,764 - app.main - INFO - Response: 200 in 1.1192s
2025-11-14 18:46:48,773 - httpx - INFO - HTTP Request: POST http://testserver/api/v1/auth/login "HTTP/1.1 200 OK"
2025-11-14 18:46:48,806 - app.main - INFO - Request: POST http://testserver/api/v1/users/subordinates
2025-11-14 18:46:49,859 - app.main - INFO - Response: 201 in 1.0522s
2025-11-14 18:46:49,869 - httpx - INFO - HTTP Request: POST http://testserver/api/v1/users/subordinates "HTTP/1.1 201 Created"
2025-11-14 18:46:50,073 - app.main - INFO - Request: POST http://testserver/api/v1/users/subordinates
2025-11-14 18:46:51,443 - app.main - INFO - Response: 201 in 1.3700s
2025-11-14 18:46:51,465 - httpx - INFO - HTTP Request: POST http://testserver/api/v1/users/subordinates "HTTP/1.1 201 Created"
2025-11-14 18:46:51,597 - app.main - INFO - Request: POST http://testserver/api/v1/auth/login
2025-11-14 18:46:52,740 - app.main - INFO - Response: 200 in 1.1440s
2025-11-14 18:46:52,740 - httpx - INFO - HTTP Request: POST http://testserver/api/v1/auth/login "HTTP/1.1 200 OK"
2025-11-14 18:46:52,781 - app.main - INFO - Request: POST http://testserver/api/v1/users/
2025-11-14 18:46:52,850 - app.main - WARNING - HTTP Exception: 403 - Not enough permissions
2025-11-14 18:46:52,858 - app.main - INFO - Response: 403 in 0.0777s
2025-11-14 18:46:52,873 - httpx - INFO - HTTP Request: POST http://testserver/api/v1/users/ "HTTP/1.1 403 Forbidden"
2025-11-14 18:48:04,348 - app.main - INFO - Celery configured successfully
2025-11-14 18:48:04,567 - app.main - INFO - Starting Finance Management System Backend
2025-11-14 18:48:16,141 - app.main - INFO - Database tables created successfully
2025-11-14 18:48:16,148 - app.main - INFO - Directory uploads created/verified
2025-11-14 18:48:16,152 - app.main - INFO - Directory reports created/verified
2025-11-14 18:48:16,187 - app.main - INFO - Directory backups created/verified
2025-11-14 18:48:16,189 - app.main - INFO - Directory logs created/verified
2025-11-14 18:49:43,218 - app.main - INFO - Request: GET http://127.0.0.1:8000/docs
2025-11-14 18:49:43,226 - app.main - INFO - Response: 200 in 0.0090s
2025-11-14 18:49:56,231 - app.main - INFO - Request: GET http://127.0.0.1:8000/openapi.json
2025-11-14 18:49:59,278 - app.main - INFO - Response: 200 in 3.0472s
2025-11-14 19:47:24,113 - app.main - INFO - Shutting down Finance Management System Backend
2025-11-14 19:50:36,968 - app.main - INFO - Celery configured successfully
2025-11-14 19:51:14,363 - app.main - INFO - Request: POST http://testserver/api/v1/auth/login
2025-11-14 19:51:15,426 - app.main - INFO - Response: 200 in 1.0636s
2025-11-14 19:51:15,457 - httpx - INFO - HTTP Request: POST http://testserver/api/v1/auth/login "HTTP/1.1 200 OK"
2025-11-14 19:51:15,501 - app.main - INFO - Request: POST http://testserver/api/v1/users/
2025-11-14 19:51:18,030 - app.main - INFO - Response: 201 in 2.5282s
2025-11-14 19:51:18,432 - httpx - INFO - HTTP Request: POST http://testserver/api/v1/users/ "HTTP/1.1 201 Created"
2025-11-14 19:51:19,240 - app.main - INFO - Request: POST http://testserver/api/v1/auth/login
2025-11-14 19:51:20,906 - app.main - INFO - Response: 200 in 1.6659s
2025-11-14 19:51:20,915 - httpx - INFO - HTTP Request: POST http://testserver/api/v1/auth/login "HTTP/1.1 200 OK"
2025-11-14 19:51:20,924 - app.main - INFO - Request: POST http://testserver/api/v1/users/subordinates
2025-11-14 19:51:22,447 - app.main - INFO - Response: 201 in 1.5230s
2025-11-14 19:51:22,651 - httpx - INFO - HTTP Request: POST http://testserver/api/v1/users/subordinates "HTTP/1.1 201 Created"
2025-11-14 19:51:22,761 - app.main - INFO - Request: POST http://testserver/api/v1/users/subordinates
2025-11-14 19:51:23,658 - app.main - INFO - Response: 201 in 0.8979s
2025-11-14 19:51:23,667 - httpx - INFO - HTTP Request: POST http://testserver/api/v1/users/subordinates "HTTP/1.1 201 Created"
2025-11-14 19:51:23,802 - app.main - INFO - Request: POST http://testserver/api/v1/auth/login
2025-11-14 19:51:24,615 - app.main - INFO - Response: 200 in 0.8125s
2025-11-14 19:51:24,626 - httpx - INFO - HTTP Request: POST http://testserver/api/v1/auth/login "HTTP/1.1 200 OK"
2025-11-14 19:51:24,689 - app.main - INFO - Request: POST http://testserver/api/v1/users/
2025-11-14 19:51:24,759 - app.main - WARNING - HTTP Exception: 403 - Not enough permissions
2025-11-14 19:51:24,768 - app.main - INFO - Response: 403 in 0.0789s
2025-11-14 19:51:24,775 - httpx - INFO - HTTP Request: POST http://testserver/api/v1/users/ "HTTP/1.1 403 Forbidden"
2025-11-14 19:58:12,048 - app.main - INFO - Celery configured successfully
2025-11-14 19:58:18,950 - app.main - INFO - Request: POST http://testserver/api/v1/auth/login
2025-11-14 19:58:19,926 - app.main - INFO - Response: 200 in 0.9773s
2025-11-14 19:58:19,937 - httpx - INFO - HTTP Request: POST http://testserver/api/v1/auth/login "HTTP/1.1 200 OK"
2025-11-14 19:58:20,009 - app.main - INFO - Request: POST http://testserver/api/v1/users/
2025-11-14 19:58:21,020 - app.main - INFO - Response: 201 in 1.0112s
2025-11-14 19:58:21,045 - httpx - INFO - HTTP Request: POST http://testserver/api/v1/users/ "HTTP/1.1 201 Created"
2025-11-14 19:58:21,066 - app.main - INFO - Request: POST http://testserver/api/v1/auth/login
2025-11-14 19:58:22,451 - app.main - INFO - Response: 200 in 1.3851s
2025-11-14 19:58:22,461 - httpx - INFO - HTTP Request: POST http://testserver/api/v1/auth/login "HTTP/1.1 200 OK"
2025-11-14 19:58:22,515 - app.main - INFO - Request: POST http://testserver/api/v1/users/subordinates
2025-11-14 19:58:24,121 - app.main - INFO - Response: 201 in 1.6059s
2025-11-14 19:58:24,157 - httpx - INFO - HTTP Request: POST http://testserver/api/v1/users/subordinates "HTTP/1.1 201 Created"
2025-11-14 19:58:24,265 - app.main - INFO - Request: POST http://testserver/api/v1/users/subordinates
2025-11-14 19:58:25,366 - app.main - INFO - Response: 201 in 1.1009s
2025-11-14 19:58:25,406 - httpx - INFO - HTTP Request: POST http://testserver/api/v1/users/subordinates "HTTP/1.1 201 Created"
2025-11-14 19:58:25,736 - app.main - INFO - Request: POST http://testserver/api/v1/auth/login
2025-11-14 19:58:26,571 - app.main - INFO - Response: 200 in 0.8351s
2025-11-14 19:58:26,571 - httpx - INFO - HTTP Request: POST http://testserver/api/v1/auth/login "HTTP/1.1 200 OK"
2025-11-14 19:58:26,621 - app.main - INFO - Request: POST http://testserver/api/v1/users/
2025-11-14 19:58:26,703 - app.main - WARNING - HTTP Exception: 403 - Not enough permissions
2025-11-14 19:58:26,707 - app.main - INFO - Response: 403 in 0.0860s
2025-11-14 19:58:26,714 - httpx - INFO - HTTP Request: POST http://testserver/api/v1/users/ "HTTP/1.1 403 Forbidden"
2025-11-14 20:01:24,291 - app.main - INFO - Celery configured successfully
2025-11-14 20:01:24,340 - app.main - INFO - Starting Finance Management System Backend
2025-11-14 20:01:24,405 - app.main - INFO - Database tables created successfully
2025-11-14 20:01:24,408 - app.main - INFO - Directory uploads created/verified
2025-11-14 20:01:24,411 - app.main - INFO - Directory reports created/verified
2025-11-14 20:01:24,415 - app.main - INFO - Directory backups created/verified
2025-11-14 20:01:24,418 - app.main - INFO - Directory logs created/verified
2025-11-15 09:20:38,378 - app.main - INFO - Celery configured successfully
2025-11-15 09:20:53,813 - app.main - INFO - Request: POST http://testserver/api/v1/auth/login
2025-11-15 09:20:58,196 - app.main - INFO - Response: 200 in 4.3828s
2025-11-15 09:20:58,491 - httpx - INFO - HTTP Request: POST http://testserver/api/v1/auth/login "HTTP/1.1 200 OK"
2025-11-15 09:20:58,773 - app.main - INFO - Request: POST http://testserver/api/v1/users/
2025-11-15 09:20:59,758 - app.main - INFO - Response: 201 in 0.9855s
2025-11-15 09:20:59,758 - httpx - INFO - HTTP Request: POST http://testserver/api/v1/users/ "HTTP/1.1 201 Created"
2025-11-15 09:20:59,774 - app.main - INFO - Request: POST http://testserver/api/v1/auth/login
2025-11-15 09:21:00,430 - app.main - INFO - Response: 200 in 0.6561s
2025-11-15 09:21:00,445 - httpx - INFO - HTTP Request: POST http://testserver/api/v1/auth/login "HTTP/1.1 200 OK"
2025-11-15 09:21:00,485 - app.main - INFO - Request: POST http://testserver/api/v1/users/subordinates
2025-11-15 09:21:01,211 - app.main - INFO - Response: 201 in 0.7259s
2025-11-15 09:21:01,211 - httpx - INFO - HTTP Request: POST http://testserver/api/v1/users/subordinates "HTTP/1.1 201 Created"
2025-11-15 09:21:01,242 - app.main - INFO - Request: POST http://testserver/api/v1/users/subordinates
2025-11-15 09:21:02,165 - app.main - INFO - Response: 201 in 0.9225s
2025-11-15 09:21:02,191 - httpx - INFO - HTTP Request: POST http://testserver/api/v1/users/subordinates "HTTP/1.1 201 Created"
2025-11-15 09:21:02,216 - app.main - INFO - Request: POST http://testserver/api/v1/auth/login
2025-11-15 09:21:03,043 - app.main - INFO - Response: 200 in 0.8269s
2025-11-15 09:21:03,052 - httpx - INFO - HTTP Request: POST http://testserver/api/v1/auth/login "HTTP/1.1 200 OK"
2025-11-15 09:21:03,066 - app.main - INFO - Request: POST http://testserver/api/v1/users/
2025-11-15 09:21:03,100 - app.main - WARNING - HTTP Exception: 403 - Not enough permissions
2025-11-15 09:21:03,103 - app.main - INFO - Response: 403 in 0.0380s
2025-11-15 09:21:03,111 - httpx - INFO - HTTP Request: POST http://testserver/api/v1/users/ "HTTP/1.1 403 Forbidden"
2025-11-15 09:24:08,414 - app.main - INFO - Celery configured successfully
2025-11-15 09:24:08,622 - app.main - INFO - Starting Finance Management System Backend
2025-11-15 09:24:08,862 - app.main - INFO - Database tables created successfully
2025-11-15 09:24:08,868 - app.main - INFO - Directory uploads created/verified
2025-11-15 09:24:08,902 - app.main - INFO - Directory reports created/verified
2025-11-15 09:24:08,912 - app.main - INFO - Directory backups created/verified
2025-11-15 09:24:08,963 - app.main - INFO - Directory logs created/verified
2025-11-15 09:28:29,131 - app.main - INFO - Request: POST http://127.0.0.1:8000/api/v1/auth/login-json
2025-11-15 09:28:30,149 - app.main - WARNING - HTTP Exception: 401 - Incorrect username or password
2025-11-15 09:28:30,149 - app.main - INFO - Response: 401 in 1.0186s
2025-11-15 09:29:28,830 - app.main - INFO - Request: POST http://127.0.0.1:8000/api/v1/auth/login-json
2025-11-15 09:29:28,863 - app.main - WARNING - HTTP Exception: 401 - Incorrect username or password
2025-11-15 09:29:28,868 - app.main - INFO - Response: 401 in 0.0380s
2025-11-15 09:29:47,213 - app.main - INFO - Request: POST http://127.0.0.1:8000/api/v1/auth/login-json
2025-11-15 09:29:47,236 - app.main - WARNING - HTTP Exception: 401 - Incorrect username or password
2025-11-15 09:29:47,243 - app.main - INFO - Response: 401 in 0.0298s
2025-11-15 09:36:14,830 - app.main - INFO - Request: POST http://127.0.0.1:8000/api/v1/auth/login-json
2025-11-15 09:36:14,844 - app.main - WARNING - HTTP Exception: 401 - Incorrect username or password
2025-11-15 09:36:14,847 - app.main - INFO - Response: 401 in 0.0180s
2025-11-15 09:36:33,968 - app.main - INFO - Request: GET http://127.0.0.1:8000/docs
2025-11-15 09:36:35,014 - app.main - INFO - Request: GET http://127.0.0.1:8000/.well-known/appspecific/com.chrome.devtools.json
2025-11-15 09:36:35,082 - app.main - INFO - Response: 200 in 1.1136s
2025-11-15 09:36:35,730 - app.main - INFO - Response: 404 in 0.7145s
2025-11-15 09:48:43,863 - app.main - INFO - Shutting down Finance Management System Backend
2025-11-15 09:49:15,102 - app.main - INFO - Celery configured successfully
2025-11-15 09:49:15,124 - app.main - INFO - Starting Finance Management System Backend
2025-11-15 09:49:15,183 - app.main - INFO - Database tables created successfully
2025-11-15 09:49:15,186 - app.main - INFO - Directory uploads created/verified
2025-11-15 09:49:15,187 - app.main - INFO - Directory reports created/verified
2025-11-15 09:49:15,190 - app.main - INFO - Directory backups created/verified
2025-11-15 09:49:15,195 - app.main - INFO - Directory logs created/verified
2025-11-15 09:52:38,971 - app.main - INFO - Celery configured successfully
2025-11-15 09:52:47,750 - app.main - INFO - Request: POST http://testserver/api/v1/auth/login
2025-11-15 09:52:48,623 - app.main - INFO - Response: 200 in 0.8737s
2025-11-15 09:52:48,639 - httpx - INFO - HTTP Request: POST http://testserver/api/v1/auth/login "HTTP/1.1 200 OK"
2025-11-15 09:52:48,700 - app.main - INFO - Request: POST http://testserver/api/v1/users/
2025-11-15 09:52:49,445 - app.main - INFO - Response: 201 in 0.7453s
2025-11-15 09:52:49,461 - httpx - INFO - HTTP Request: POST http://testserver/api/v1/users/ "HTTP/1.1 201 Created"
2025-11-15 09:52:49,485 - app.main - INFO - Request: POST http://testserver/api/v1/auth/login
2025-11-15 09:52:50,139 - app.main - INFO - Response: 200 in 0.6545s
2025-11-15 09:52:50,147 - httpx - INFO - HTTP Request: POST http://testserver/api/v1/auth/login "HTTP/1.1 200 OK"
2025-11-15 09:52:50,157 - app.main - INFO - Request: POST http://testserver/api/v1/users/subordinates
2025-11-15 09:52:50,852 - app.main - INFO - Response: 201 in 0.6951s
2025-11-15 09:52:50,862 - httpx - INFO - HTTP Request: POST http://testserver/api/v1/users/subordinates "HTTP/1.1 201 Created"
2025-11-15 09:52:50,902 - app.main - INFO - Request: POST http://testserver/api/v1/users/subordinates
2025-11-15 09:52:51,617 - app.main - INFO - Response: 201 in 0.7164s
2025-11-15 09:52:51,633 - httpx - INFO - HTTP Request: POST http://testserver/api/v1/users/subordinates "HTTP/1.1 201 Created"
2025-11-15 09:52:51,684 - app.main - INFO - Request: POST http://testserver/api/v1/auth/login
2025-11-15 09:52:52,479 - app.main - INFO - Response: 200 in 0.7951s
2025-11-15 09:52:52,487 - httpx - INFO - HTTP Request: POST http://testserver/api/v1/auth/login "HTTP/1.1 200 OK"
2025-11-15 09:52:52,498 - app.main - INFO - Request: POST http://testserver/api/v1/users/
2025-11-15 09:52:52,518 - app.main - WARNING - HTTP Exception: 403 - Not enough permissions
2025-11-15 09:52:52,526 - app.main - INFO - Response: 403 in 0.0278s
2025-11-15 09:52:52,548 - httpx - INFO - HTTP Request: POST http://testserver/api/v1/users/ "HTTP/1.1 403 Forbidden"
2025-11-15 09:53:24,974 - app.main - INFO - Celery configured successfully
2025-11-15 09:53:24,993 - app.main - INFO - Starting Finance Management System Backend
2025-11-15 09:53:25,053 - app.main - INFO - Database tables created successfully
2025-11-15 09:53:25,068 - app.main - INFO - Directory uploads created/verified
2025-11-15 09:53:25,072 - app.main - INFO - Directory reports created/verified
2025-11-15 09:53:25,105 - app.main - INFO - Directory backups created/verified
2025-11-15 09:53:25,120 - app.main - INFO - Directory logs created/verified
2025-11-15 10:15:11,982 - app.main - INFO - Shutting down Finance Management System Backend
2025-11-15 10:15:25,975 - app.main - INFO - Celery configured successfully
2025-11-15 10:15:25,992 - app.main - INFO - Starting Finance Management System Backend
2025-11-15 10:15:26,033 - app.main - INFO - Database tables created successfully
2025-11-15 10:15:26,052 - app.main - INFO - Directory uploads created/verified
2025-11-15 10:15:26,052 - app.main - INFO - Directory reports created/verified
2025-11-15 10:15:26,072 - app.main - INFO - Directory backups created/verified
2025-11-15 10:15:26,096 - app.main - INFO - Directory logs created/verified
2025-11-15 14:50:15,177 - app.main - INFO - Celery configured successfully
2025-11-15 14:50:43,939 - app.main - INFO - Request: POST http://testserver/api/v1/auth/login
2025-11-15 14:50:48,026 - app.main - INFO - Response: 200 in 4.0874s
2025-11-15 14:50:48,102 - httpx - INFO - HTTP Request: POST http://testserver/api/v1/auth/login "HTTP/1.1 200 OK"
2025-11-15 14:50:48,248 - app.main - INFO - Request: POST http://testserver/api/v1/users/
2025-11-15 14:50:50,925 - app.main - INFO - Response: 201 in 2.6774s
2025-11-15 14:50:50,966 - httpx - INFO - HTTP Request: POST http://testserver/api/v1/users/ "HTTP/1.1 201 Created"
2025-11-15 14:50:52,632 - app.main - INFO - Request: POST http://testserver/api/v1/auth/login
2025-11-15 14:50:54,065 - app.main - INFO - Response: 200 in 1.4331s
2025-11-15 14:50:54,076 - httpx - INFO - HTTP Request: POST http://testserver/api/v1/auth/login "HTTP/1.1 200 OK"
2025-11-15 14:50:54,427 - app.main - INFO - Request: POST http://testserver/api/v1/users/subordinates
2025-11-15 14:50:55,823 - app.main - INFO - Response: 201 in 1.3962s
2025-11-15 14:50:55,840 - httpx - INFO - HTTP Request: POST http://testserver/api/v1/users/subordinates "HTTP/1.1 201 Created"
2025-11-15 14:50:56,551 - app.main - INFO - Request: POST http://testserver/api/v1/users/subordinates
2025-11-15 14:50:58,256 - app.main - INFO - Response: 201 in 1.7049s
2025-11-15 14:50:58,267 - httpx - INFO - HTTP Request: POST http://testserver/api/v1/users/subordinates "HTTP/1.1 201 Created"
2025-11-15 14:50:58,842 - app.main - INFO - Request: POST http://testserver/api/v1/auth/login
2025-11-15 14:51:00,613 - app.main - INFO - Response: 200 in 1.7709s
2025-11-15 14:51:00,625 - httpx - INFO - HTTP Request: POST http://testserver/api/v1/auth/login "HTTP/1.1 200 OK"
2025-11-15 14:51:00,648 - app.main - INFO - Request: POST http://testserver/api/v1/users/
2025-11-15 14:51:00,767 - app.main - WARNING - HTTP Exception: 403 - Not enough permissions
2025-11-15 14:51:00,771 - app.main - INFO - Response: 403 in 0.1229s
2025-11-15 14:51:00,781 - httpx - INFO - HTTP Request: POST http://testserver/api/v1/users/ "HTTP/1.1 403 Forbidden"
2025-11-15 15:05:22,627 - app.main - INFO - Celery configured successfully
2025-11-15 15:05:41,056 - app.main - INFO - Request: POST http://testserver/api/v1/auth/login
2025-11-15 15:05:43,696 - app.main - INFO - Response: 200 in 2.6400s
2025-11-15 15:05:43,705 - httpx - INFO - HTTP Request: POST http://testserver/api/v1/auth/login "HTTP/1.1 200 OK"
2025-11-15 15:05:43,767 - app.main - INFO - Request: POST http://testserver/api/v1/users/
2025-11-15 15:05:45,651 - app.main - INFO - Response: 201 in 1.8840s
2025-11-15 15:05:45,659 - httpx - INFO - HTTP Request: POST http://testserver/api/v1/users/ "HTTP/1.1 201 Created"
2025-11-15 15:05:45,669 - app.main - INFO - Request: POST http://testserver/api/v1/auth/login
2025-11-15 15:05:46,374 - app.main - INFO - Response: 200 in 0.7055s
2025-11-15 15:05:46,384 - httpx - INFO - HTTP Request: POST http://testserver/api/v1/auth/login "HTTP/1.1 200 OK"
2025-11-15 15:05:46,518 - app.main - INFO - Request: POST http://testserver/api/v1/users/subordinates
2025-11-15 15:05:47,360 - app.main - INFO - Response: 201 in 0.8423s
2025-11-15 15:05:47,371 - httpx - INFO - HTTP Request: POST http://testserver/api/v1/users/subordinates "HTTP/1.1 201 Created"
2025-11-15 15:05:47,404 - app.main - INFO - Request: POST http://testserver/api/v1/users/subordinates
2025-11-15 15:05:50,275 - app.main - INFO - Response: 201 in 2.8712s
2025-11-15 15:05:50,292 - httpx - INFO - HTTP Request: POST http://testserver/api/v1/users/subordinates "HTTP/1.1 201 Created"
2025-11-15 15:05:50,303 - app.main - INFO - Request: POST http://testserver/api/v1/auth/login
2025-11-15 15:05:50,830 - app.main - INFO - Response: 200 in 0.5257s
2025-11-15 15:05:50,839 - httpx - INFO - HTTP Request: POST http://testserver/api/v1/auth/login "HTTP/1.1 200 OK"
2025-11-15 15:05:50,875 - app.main - INFO - Request: POST http://testserver/api/v1/users/
2025-11-15 15:05:50,985 - app.main - WARNING - HTTP Exception: 403 - Not enough permissions
2025-11-15 15:05:50,998 - app.main - INFO - Response: 403 in 0.1229s
2025-11-15 15:05:51,011 - httpx - INFO - HTTP Request: POST http://testserver/api/v1/users/ "HTTP/1.1 403 Forbidden"
2025-11-15 15:10:11,193 - app.main - INFO - Celery configured successfully
2025-11-15 15:10:11,474 - app.main - INFO - Starting Finance Management System Backend
2025-11-15 15:10:12,115 - app.main - INFO - Database tables created successfully
2025-11-15 15:10:12,117 - app.main - INFO - Directory uploads created/verified
2025-11-15 15:10:12,120 - app.main - INFO - Directory reports created/verified
2025-11-15 15:10:12,121 - app.main - INFO - Directory backups created/verified
2025-11-15 15:10:12,124 - app.main - INFO - Directory logs created/verified
2025-11-15 15:28:29,424 - app.main - INFO - Celery configured successfully
2025-11-15 15:28:30,170 - app.main - INFO - Starting Finance Management System Backend
2025-11-15 15:28:30,387 - app.main - INFO - Database tables created successfully
2025-11-15 15:28:30,393 - app.main - INFO - Directory uploads created/verified
2025-11-15 15:28:30,409 - app.main - INFO - Directory reports created/verified
2025-11-15 15:28:30,527 - app.main - INFO - Directory backups created/verified
2025-11-15 15:28:30,618 - app.main - INFO - Directory logs created/verified
2025-11-15 15:28:38,959 - app.main - INFO - Default admin created: admin@expense.com / admin1234
2025-11-16 08:49:41,734 - app.main - INFO - Celery configured successfully
2025-11-16 08:49:41,734 - app.main - INFO - Celery configured successfully
2025-11-16 08:49:41,865 - app.main - INFO - Starting Finance Management System Backend
2025-11-16 08:49:42,310 - app.main - INFO - Database tables created successfully
2025-11-16 08:49:42,310 - app.main - INFO - Directory uploads created/verified
2025-11-16 08:49:42,326 - app.main - INFO - Directory reports created/verified
2025-11-16 08:49:42,326 - app.main - INFO - Directory backups created/verified
2025-11-16 08:49:42,326 - app.main - INFO - Directory logs created/verified
2025-11-16 08:49:43,086 - app.main - INFO - Default admin already exists: admin@expense.com
2025-11-16 08:49:56,635 - app.main - INFO - Request: POST http://testserver/api/v1/auth/login
2025-11-16 08:49:58,367 - app.main - INFO - Response: 200 in 1.7316s
2025-11-16 08:49:58,452 - httpx - INFO - HTTP Request: POST http://testserver/api/v1/auth/login "HTTP/1.1 200 OK"
2025-11-16 08:49:58,466 - app.main - INFO - Request: POST http://testserver/api/v1/users/
2025-11-16 08:49:59,592 - app.main - INFO - Response: 201 in 1.1256s
2025-11-16 08:49:59,592 - httpx - INFO - HTTP Request: POST http://testserver/api/v1/users/ "HTTP/1.1 201 Created"
2025-11-16 08:49:59,653 - app.main - INFO - Request: POST http://testserver/api/v1/auth/login
2025-11-16 08:50:00,545 - app.main - INFO - Response: 200 in 0.8924s
2025-11-16 08:50:00,545 - httpx - INFO - HTTP Request: POST http://testserver/api/v1/auth/login "HTTP/1.1 200 OK"
2025-11-16 08:50:00,686 - app.main - INFO - Request: POST http://testserver/api/v1/users/subordinates
2025-11-16 08:50:01,516 - app.main - INFO - Response: 201 in 0.8305s
2025-11-16 08:50:01,532 - httpx - INFO - HTTP Request: POST http://testserver/api/v1/users/subordinates "HTTP/1.1 201 Created"
2025-11-16 08:50:01,564 - app.main - INFO - Request: POST http://testserver/api/v1/users/subordinates
2025-11-16 08:50:02,978 - app.main - INFO - Response: 201 in 1.4143s
2025-11-16 08:50:02,993 - httpx - INFO - HTTP Request: POST http://testserver/api/v1/users/subordinates "HTTP/1.1 201 Created"
2025-11-16 08:50:03,115 - app.main - INFO - Request: POST http://testserver/api/v1/auth/login
2025-11-16 08:50:04,156 - app.main - INFO - Response: 200 in 1.0405s
2025-11-16 08:50:04,156 - httpx - INFO - HTTP Request: POST http://testserver/api/v1/auth/login "HTTP/1.1 200 OK"
2025-11-16 08:50:04,280 - app.main - INFO - Request: POST http://testserver/api/v1/users/
2025-11-16 08:50:04,303 - app.main - WARNING - HTTP Exception: 403 - Not enough permissions
2025-11-16 08:50:04,334 - app.main - INFO - Response: 403 in 0.0641s
2025-11-16 08:50:04,354 - httpx - INFO - HTTP Request: POST http://testserver/api/v1/users/ "HTTP/1.1 403 Forbidden"
2025-11-16 08:50:48,233 - app.main - INFO - Request: GET http://127.0.0.1:8000/docs
2025-11-16 08:50:48,251 - app.main - INFO - Response: 200 in 0.0173s
2025-11-16 08:50:52,085 - app.main - INFO - Request: GET http://127.0.0.1:8000/openapi.json
2025-11-16 08:50:53,796 - app.main - INFO - Response: 200 in 1.7105s
2025-11-16 08:52:03,080 - app.main - INFO - Request: POST http://127.0.0.1:8000/api/v1/auth/login-json
2025-11-16 08:52:09,855 - app.main - INFO - Response: 200 in 6.7759s
2025-11-16 09:00:30,823 - app.main - INFO - Request: GET http://127.0.0.1:8000/.well-known/appspecific/com.chrome.devtools.json
2025-11-16 09:00:30,902 - app.main - INFO - Response: 404 in 0.0799s
2025-11-16 09:50:49,618 - app.main - INFO - Celery configured successfully
2025-11-16 09:50:49,842 - app.main - INFO - Starting Finance Management System Backend
2025-11-16 09:50:50,615 - app.main - INFO - Database tables created successfully
2025-11-16 09:50:50,617 - app.main - INFO - Directory uploads created/verified
2025-11-16 09:50:50,619 - app.main - INFO - Directory reports created/verified
2025-11-16 09:50:50,621 - app.main - INFO - Directory backups created/verified
2025-11-16 09:50:50,624 - app.main - INFO - Directory logs created/verified
2025-11-16 09:50:51,309 - app.main - INFO - Default admin already exists: admin@expense.com
2025-11-16 09:51:18,825 - app.main - INFO - Request: GET http://127.0.0.1:8000/docs
2025-11-16 09:51:19,099 - app.main - INFO - Response: 200 in 0.2743s
2025-11-16 09:51:30,721 - app.main - INFO - Request: GET http://127.0.0.1:8000/openapi.json
2025-11-16 09:51:35,590 - app.main - INFO - Response: 200 in 4.8690s
2025-11-16 10:25:17,977 - app.main - INFO - Request: OPTIONS http://localhost:8000/api/v1/auth/login
2025-11-16 10:25:20,909 - app.main - INFO - Response: 200 in 3.3115s
2025-11-16 10:25:21,486 - app.main - INFO - Request: POST http://localhost:8000/api/v1/auth/login
2025-11-16 10:25:23,496 - app.main - INFO - Response: 422 in 2.0095s
2025-11-16 12:00:08,965 - app.main - INFO - Request: OPTIONS http://localhost:8000/api/v1/auth/login
2025-11-16 12:00:09,806 - app.main - INFO - Response: 200 in 0.9728s
2025-11-16 12:00:10,281 - app.main - INFO - Request: POST http://localhost:8000/api/v1/auth/login
2025-11-16 12:00:11,828 - app.main - INFO - Response: 422 in 1.5465s
2025-11-16 12:19:44,768 - app.main - INFO - Shutting down Finance Management System Backend
2025-11-17 15:16:21,190 - app.main - INFO - Celery configured successfully
2025-11-17 15:16:21,764 - app.main - INFO - Starting Finance Management System Backend
2025-11-17 15:16:23,000 - app.main - INFO - Database tables created successfully
2025-11-17 15:16:23,006 - app.main - INFO - Directory uploads created/verified
2025-11-17 15:16:23,022 - app.main - INFO - Directory reports created/verified
2025-11-17 15:16:23,032 - app.main - INFO - Directory backups created/verified
2025-11-17 15:16:23,038 - app.main - INFO - Directory logs created/verified
2025-11-17 15:16:23,937 - app.main - INFO - Default admin already exists: admin@expense.com
2025-11-17 15:18:26,118 - app.main - INFO - Request: GET http://127.0.0.1:8000/docs
2025-11-17 15:18:26,377 - app.main - INFO - Response: 200 in 0.2588s
2025-11-17 15:18:31,537 - app.main - INFO - Request: GET http://127.0.0.1:8000/openapi.json
2025-11-17 15:18:37,945 - app.main - INFO - Response: 200 in 6.4074s
2025-11-17 15:24:08,031 - app.main - INFO - Request: POST http://127.0.0.1:8000/api/v1/auth/login-json
2025-11-17 15:24:11,126 - app.main - INFO - Response: 200 in 3.0939s
2025-11-17 18:45:18,706 - app.main - INFO - Celery configured successfully
2025-11-17 18:45:18,914 - app.main - INFO - Starting Finance Management System Backend
2025-11-17 18:45:19,266 - app.main - INFO - Database tables created successfully
2025-11-17 18:45:19,270 - app.main - INFO - Directory uploads created/verified
2025-11-17 18:45:19,272 - app.main - INFO - Directory reports created/verified
2025-11-17 18:45:19,272 - app.main - INFO - Directory backups created/verified
2025-11-17 18:45:19,343 - app.main - INFO - Directory logs created/verified
2025-11-17 18:45:19,767 - app.main - INFO - Default admin already exists: admin@expense.com
2025-11-17 18:47:00,742 - app.main - INFO - Request: GET http://127.0.0.1:8000/docs
2025-11-17 18:47:00,781 - app.main - INFO - Response: 200 in 0.0390s
2025-11-17 18:47:09,933 - app.main - INFO - Request: GET http://127.0.0.1:8000/openapi.json
2025-11-17 18:47:10,825 - app.main - INFO - Response: 200 in 0.8921s
2025-11-17 18:49:23,084 - app.main - INFO - Request: POST http://127.0.0.1:8000/api/v1/auth/login-json
2025-11-17 18:49:24,397 - app.main - INFO - Response: 200 in 1.3125s
2025-11-17 18:51:34,837 - app.main - INFO - Request: POST http://127.0.0.1:8000/api/v1/auth/login
2025-11-17 18:51:35,491 - app.main - INFO - Response: 200 in 0.6534s
2025-11-17 18:57:17,113 - app.main - INFO - Request: OPTIONS http://localhost:8000/api/v1/auth/login
2025-11-17 18:57:17,113 - app.main - INFO - Response: 200 in 0.0000s
2025-11-17 18:57:17,454 - app.main - INFO - Request: POST http://localhost:8000/api/v1/auth/login
2025-11-17 18:57:17,655 - app.main - INFO - Response: 422 in 0.2014s
2025-11-17 19:19:23,663 - app.main - INFO - Request: OPTIONS http://localhost:8000/api/v1/auth/login
2025-11-17 19:19:23,750 - app.main - INFO - Response: 200 in 0.0883s
2025-11-17 19:19:24,164 - app.main - INFO - Request: POST http://localhost:8000/api/v1/auth/login
2025-11-17 19:19:24,211 - app.main - INFO - Response: 422 in 0.0470s
2025-11-17 20:09:55,124 - app.main - INFO - Request: OPTIONS http://localhost:8000/api/v1/auth/login
2025-11-17 20:09:55,474 - app.main - INFO - Response: 200 in 0.3498s
2025-11-17 20:09:55,843 - app.main - INFO - Request: POST http://localhost:8000/api/v1/auth/login
2025-11-17 20:09:56,061 - app.main - INFO - Response: 422 in 0.2180s
2025-11-17 20:38:45,832 - app.main - INFO - Shutting down Finance Management System Backend
2025-11-17 20:43:14,452 - app.main - INFO - Celery configured successfully
2025-11-17 20:43:14,631 - app.main - INFO - Starting Finance Management System Backend
2025-11-17 20:43:14,858 - app.main - INFO - Database tables created successfully
2025-11-17 20:43:14,863 - app.main - INFO - Directory uploads created/verified
2025-11-17 20:43:14,865 - app.main - INFO - Directory reports created/verified
2025-11-17 20:43:14,868 - app.main - INFO - Directory backups created/verified
2025-11-17 20:43:14,897 - app.main - INFO - Directory logs created/verified
2025-11-17 20:43:15,320 - app.main - INFO - Default admin already exists: admin@expense.com
2025-11-17 20:43:42,115 - app.main - INFO - Request: POST http://testserver/api/v1/auth/login
2025-11-17 20:43:46,500 - app.main - INFO - Response: 200 in 4.3852s
2025-11-17 20:43:46,595 - httpx - INFO - HTTP Request: POST http://testserver/api/v1/auth/login "HTTP/1.1 200 OK"
2025-11-17 20:43:46,605 - app.main - INFO - Request: POST http://testserver/api/v1/users/
2025-11-17 20:43:48,011 - app.main - INFO - Response: 201 in 1.4055s
2025-11-17 20:43:48,025 - httpx - INFO - HTTP Request: POST http://testserver/api/v1/users/ "HTTP/1.1 201 Created"
2025-11-17 20:43:48,047 - app.main - INFO - Request: POST http://testserver/api/v1/auth/login
2025-11-17 20:43:48,841 - app.main - INFO - Response: 200 in 0.7932s
2025-11-17 20:43:48,854 - httpx - INFO - HTTP Request: POST http://testserver/api/v1/auth/login "HTTP/1.1 200 OK"
2025-11-17 20:43:48,862 - app.main - INFO - Request: POST http://testserver/api/v1/users/subordinates
2025-11-17 20:43:49,853 - app.main - INFO - Response: 201 in 0.9922s
2025-11-17 20:43:49,863 - httpx - INFO - HTTP Request: POST http://testserver/api/v1/users/subordinates "HTTP/1.1 201 Created"
2025-11-17 20:43:49,909 - app.main - INFO - Request: POST http://testserver/api/v1/users/subordinates
2025-11-17 20:43:53,020 - app.main - INFO - Response: 201 in 3.1109s
2025-11-17 20:43:53,031 - httpx - INFO - HTTP Request: POST http://testserver/api/v1/users/subordinates "HTTP/1.1 201 Created"
2025-11-17 20:43:53,051 - app.main - INFO - Request: POST http://testserver/api/v1/auth/login
2025-11-17 20:43:53,823 - app.main - INFO - Response: 200 in 0.7725s
2025-11-17 20:43:53,839 - httpx - INFO - HTTP Request: POST http://testserver/api/v1/auth/login "HTTP/1.1 200 OK"
2025-11-17 20:43:53,851 - app.main - INFO - Request: POST http://testserver/api/v1/users/
2025-11-17 20:43:53,873 - app.main - WARNING - HTTP Exception: 403 - Not enough permissions
2025-11-17 20:43:53,877 - app.main - INFO - Response: 403 in 0.0260s
2025-11-17 20:43:53,884 - httpx - INFO - HTTP Request: POST http://testserver/api/v1/users/ "HTTP/1.1 403 Forbidden"
2025-11-19 11:15:44,012 - app.main - INFO - Celery configured successfully
2025-11-19 11:15:44,392 - app.main - INFO - Starting Finance Management System Backend
2025-11-19 11:15:44,958 - app.main - INFO - Database tables created successfully
2025-11-19 11:15:45,037 - app.main - INFO - Directory uploads created/verified
2025-11-19 11:15:45,053 - app.main - INFO - Directory reports created/verified
2025-11-19 11:15:45,080 - app.main - INFO - Directory backups created/verified
2025-11-19 11:15:45,084 - app.main - INFO - Directory logs created/verified
2025-11-19 11:15:45,648 - app.main - INFO - Default admin already exists: admin@expense.com
2025-11-19 11:16:40,000 - app.main - INFO - Request: GET http://127.0.0.1:8000/docs
2025-11-19 11:16:41,236 - app.main - INFO - Response: 200 in 1.2359s
2025-11-19 11:16:45,356 - app.main - INFO - Request: GET http://127.0.0.1:8000/openapi.json
2025-11-19 11:16:46,238 - app.main - INFO - Response: 200 in 0.8823s
2025-11-19 11:18:11,055 - app.main - INFO - Request: POST http://127.0.0.1:8000/api/v1/auth/login-json
2025-11-19 11:18:12,232 - app.main - INFO - Response: 200 in 1.1764s
2025-11-19 11:19:40,913 - app.main - INFO - Request: POST http://127.0.0.1:8000/api/v1/auth/login
2025-11-19 11:19:41,751 - app.main - INFO - Response: 200 in 0.8386s
2025-11-19 11:21:15,326 - app.main - INFO - Request: POST http://127.0.0.1:8000/api/v1/auth/login
2025-11-19 11:21:16,650 - app.main - INFO - Response: 200 in 1.3239s
2025-11-19 11:56:54,875 - app.main - INFO - Request: POST http://localhost:8000/api/v1/auth/login
2025-11-19 11:57:02,331 - app.main - INFO - Response: 200 in 7.6558s
2025-11-19 16:01:38,804 - app.main - INFO - Celery configured successfully
2025-11-19 16:01:39,309 - app.main - INFO - Starting Finance Management System Backend
2025-11-19 16:01:40,769 - app.main - INFO - Database tables created successfully
2025-11-19 16:01:40,803 - app.main - INFO - Directory uploads created/verified
2025-11-19 16:01:40,921 - app.main - INFO - Directory reports created/verified
2025-11-19 16:01:41,041 - app.main - INFO - Directory backups created/verified
2025-11-19 16:01:41,191 - app.main - INFO - Directory logs created/verified
2025-11-19 16:01:42,452 - app.main - INFO - Default admin already exists: admin@expense.com
2025-11-19 16:02:24,309 - app.main - INFO - Request: GET http://127.0.0.1:8000/docs
2025-11-19 16:02:24,557 - app.main - INFO - Response: 200 in 0.2469s
2025-11-19 16:02:49,543 - app.main - INFO - Request: GET http://127.0.0.1:8000/openapi.json
2025-11-19 16:02:51,090 - app.main - INFO - Response: 200 in 1.5464s
2025-11-19 16:04:00,810 - app.main - INFO - Request: POST http://127.0.0.1:8000/api/v1/auth/login
2025-11-19 16:04:04,781 - app.main - INFO - Response: 200 in 3.9702s
2025-11-19 19:07:46,934 - app.main - INFO - Celery configured successfully
2025-11-19 19:07:48,106 - app.main - INFO - Starting Finance Management System Backend
2025-11-19 19:07:50,782 - app.main - INFO - Database tables created successfully
2025-11-19 19:07:50,912 - app.main - INFO - Directory uploads created/verified
2025-11-19 19:07:51,530 - app.main - INFO - Directory reports created/verified
2025-11-19 19:07:52,128 - app.main - INFO - Directory backups created/verified
2025-11-19 19:07:52,579 - app.main - INFO - Directory logs created/verified
2025-11-19 19:07:54,382 - app.main - INFO - Default admin already exists: admin@expense.com
2025-11-19 19:10:06,967 - app.main - INFO - Request: GET http://127.0.0.1:8000/docs
2025-11-19 19:10:07,426 - app.main - INFO - Response: 200 in 0.4597s
2025-11-19 19:10:11,034 - app.main - INFO - Request: GET http://127.0.0.1:8000/openapi.json
2025-11-19 19:10:19,414 - app.main - INFO - Response: 200 in 8.3794s
2025-11-19 19:11:13,550 - app.main - INFO - Request: POST http://127.0.0.1:8000/api/v1/auth/login
2025-11-19 19:11:24,164 - app.main - INFO - Request: POST http://127.0.0.1:8000/api/v1/auth/login
2025-11-19 19:11:29,730 - app.main - INFO - Response: 200 in 16.1803s
2025-11-19 19:11:34,667 - app.main - INFO - Response: 200 in 10.5094s
2025-11-20 15:24:30,389 - app.main - INFO - Celery configured successfully
2025-11-20 15:24:30,738 - app.main - INFO - Starting Finance Management System Backend
2025-11-20 15:24:31,442 - app.main - INFO - Database tables created successfully
2025-11-20 15:24:31,490 - app.main - INFO - Directory uploads created/verified
2025-11-20 15:24:31,615 - app.main - INFO - Directory reports created/verified
2025-11-20 15:24:31,652 - app.main - INFO - Directory backups created/verified
2025-11-20 15:24:31,666 - app.main - INFO - Directory logs created/verified
2025-11-20 15:24:32,148 - app.main - INFO - Default admin already exists: admin@expense.com
2025-11-20 15:26:34,247 - app.main - INFO - Request: GET http://127.0.0.1:8000/docs
2025-11-20 15:26:35,066 - app.main - INFO - Response: 200 in 0.8186s
2025-11-20 15:26:37,866 - app.main - INFO - Request: GET http://127.0.0.1:8000/openapi.json
2025-11-20 15:26:39,066 - app.main - INFO - Response: 200 in 1.2014s
2025-11-20 15:27:10,020 - app.main - INFO - Request: POST http://127.0.0.1:8000/api/v1/auth/login
2025-11-20 15:27:13,440 - app.main - INFO - Response: 200 in 3.4193s
2025-11-20 16:21:50,736 - app.main - INFO - Celery configured successfully
2025-11-20 16:21:54,576 - app.main - INFO - Starting Finance Management System Backend
2025-11-20 16:21:55,849 - app.main - INFO - Database tables created successfully
2025-11-20 16:21:56,535 - app.main - INFO - Directory uploads created/verified
2025-11-20 16:21:56,817 - app.main - INFO - Directory reports created/verified
2025-11-20 16:21:57,076 - app.main - INFO - Directory backups created/verified
2025-11-20 16:21:57,274 - app.main - INFO - Directory logs created/verified
2025-11-20 16:22:00,345 - app.main - INFO - Default admin already exists: admin@expense.com
2025-11-20 16:22:30,204 - app.main - INFO - Request: GET http://127.0.0.1:8000/docs
2025-11-20 16:22:30,574 - app.main - INFO - Response: 200 in 0.3698s
2025-11-20 16:22:37,418 - app.main - INFO - Request: GET http://127.0.0.1:8000/openapi.json
2025-11-20 16:22:43,849 - app.main - INFO - Response: 200 in 6.4303s
2025-11-20 16:23:54,168 - app.main - INFO - Request: POST http://127.0.0.1:8000/api/v1/auth/login
2025-11-20 16:24:10,841 - app.main - INFO - Response: 200 in 16.6731s
2025-11-20 16:32:36,328 - app.main - INFO - Request: POST http://localhost:8000/api/v1/auth/login
2025-11-20 16:32:57,047 - app.main - INFO - Response: 200 in 20.9493s
2025-11-20 19:19:01,186 - app.main - INFO - Shutting down Finance Management System Backend
2025-11-20 19:25:15,375 - app.main - INFO - Celery configured successfully
2025-11-20 19:25:16,521 - app.main - INFO - Starting Finance Management System Backend
2025-11-20 19:25:17,181 - app.main - INFO - Database tables created successfully
2025-11-20 19:25:17,357 - app.main - INFO - Directory uploads created/verified
2025-11-20 19:25:18,205 - app.main - INFO - Directory reports created/verified
2025-11-20 19:25:18,736 - app.main - INFO - Directory backups created/verified
2025-11-20 19:25:19,473 - app.main - INFO - Directory logs created/verified
2025-11-20 19:25:24,179 - app.main - INFO - Default admin already exists: admin@expense.com
2025-11-21 10:30:45,984 - app.main - INFO - Celery configured successfully
2025-11-21 10:30:48,384 - app.main - INFO - Starting Finance Management System Backend
2025-11-21 10:31:00,824 - app.main - INFO - Database tables created successfully
2025-11-21 10:31:00,881 - app.main - INFO - Directory uploads created/verified
2025-11-21 10:31:00,901 - app.main - INFO - Directory reports created/verified
2025-11-21 10:31:00,963 - app.main - INFO - Directory backups created/verified
2025-11-21 10:31:00,976 - app.main - INFO - Directory logs created/verified
2025-11-21 10:31:02,063 - app.main - INFO - Default admin already exists: admin@expense.com
2025-11-21 14:34:17,519 - app.main - INFO - Celery configured successfully
2025-11-21 14:34:17,632 - app.main - INFO - Starting Finance Management System Backend
2025-11-21 14:34:17,794 - app.main - INFO - Database tables created successfully
2025-11-21 14:34:17,799 - app.main - INFO - Directory uploads created/verified
2025-11-21 14:34:17,802 - app.main - INFO - Directory reports created/verified
2025-11-21 14:34:17,809 - app.main - INFO - Directory backups created/verified
2025-11-21 14:34:17,814 - app.main - INFO - Directory logs created/verified
2025-11-21 14:34:18,190 - app.main - INFO - Default admin already exists: admin@expense.com
2025-11-21 14:35:51,719 - app.main - INFO - Request: GET http://127.0.0.1:8000/docs
2025-11-21 14:35:52,217 - app.main - INFO - Response: 200 in 0.4983s
2025-11-21 14:35:56,553 - app.main - INFO - Request: GET http://127.0.0.1:8000/openapi.json
2025-11-21 14:35:58,056 - app.main - INFO - Response: 200 in 1.5029s
2025-11-21 14:36:38,636 - app.main - INFO - Request: POST http://127.0.0.1:8000/api/v1/auth/login
2025-11-21 14:36:40,255 - app.main - INFO - Response: 200 in 1.6198s
2025-11-21 14:46:15,579 - app.main - INFO - Request: POST http://localhost:8000/api/v1/auth/login
2025-11-21 14:46:16,611 - app.main - INFO - Response: 200 in 1.0467s
2025-11-21 14:46:16,655 - app.main - INFO - Request: OPTIONS http://localhost:8000/api/v1/users/me
2025-11-21 14:46:16,664 - app.main - INFO - Response: 200 in 0.0087s
2025-11-21 14:46:16,763 - app.main - INFO - Request: GET http://localhost:8000/api/v1/users/me
2025-11-21 14:46:17,197 - app.main - INFO - Response: 200 in 0.4331s
2025-11-22 01:00:02,832 - app.main - INFO - Celery configured successfully
2025-11-22 01:00:03,609 - app.main - INFO - Starting Finance Management System Backend
2025-11-22 01:00:07,025 - app.main - INFO - Database tables created successfully
2025-11-22 01:00:07,025 - app.main - INFO - Directory uploads created/verified
2025-11-22 01:00:07,041 - app.main - INFO - Directory reports created/verified
2025-11-22 01:00:07,044 - app.main - INFO - Directory backups created/verified
2025-11-22 01:00:07,044 - app.main - INFO - Directory logs created/verified
2025-11-22 01:00:07,465 - app.main - INFO - Default admin already exists: admin@expense.com
2025-11-22 01:00:19,714 - app.main - INFO - Request: GET http://127.0.0.1:8000/docs
2025-11-22 01:00:19,770 - app.main - INFO - Response: 200 in 0.0564s
2025-11-22 01:00:24,550 - app.main - INFO - Request: GET http://127.0.0.1:8000/openapi.json
2025-11-22 01:00:25,467 - app.main - INFO - Response: 200 in 0.9175s
2025-11-22 01:03:12,100 - app.main - INFO - Request: POST http://127.0.0.1:8000/api/v1/auth/login
2025-11-22 01:03:13,409 - app.main - WARNING - HTTP Exception: 401 - Incorrect username or password
2025-11-22 01:03:13,412 - app.main - INFO - Response: 401 in 1.3117s
2025-11-22 01:03:22,224 - app.main - INFO - Request: POST http://127.0.0.1:8000/api/v1/auth/login
2025-11-22 01:03:24,896 - app.main - INFO - Response: 200 in 2.6714s
2025-11-22 01:12:03,687 - app.main - INFO - Request: POST http://localhost:8000/api/v1/auth/login
2025-11-22 01:12:06,318 - app.main - INFO - Response: 200 in 2.6313s
2025-11-22 01:12:06,341 - app.main - INFO - Request: OPTIONS http://localhost:8000/api/v1/users/me
2025-11-22 01:12:06,355 - app.main - INFO - Response: 200 in 0.0140s
2025-11-22 01:12:06,488 - app.main - INFO - Request: GET http://localhost:8000/api/v1/users/me
2025-11-22 01:12:06,876 - app.main - INFO - Response: 200 in 0.3881s
2025-11-22 09:19:10,380 - app.main - INFO - Celery configured successfully
2025-11-22 09:19:11,247 - app.main - INFO - Starting Finance Management System Backend
2025-11-22 09:19:19,765 - app.main - INFO - Database tables created successfully
2025-11-22 09:19:19,765 - app.main - INFO - Directory uploads created/verified
2025-11-22 09:19:19,769 - app.main - INFO - Directory reports created/verified
2025-11-22 09:19:19,769 - app.main - INFO - Directory backups created/verified
2025-11-22 09:19:19,769 - app.main - INFO - Directory logs created/verified
2025-11-22 09:19:20,346 - app.main - INFO - Default admin already exists: admin@expense.com
2025-11-22 09:19:29,721 - app.main - INFO - Request: GET http://127.0.0.1:8000/docs
2025-11-22 09:19:29,817 - app.main - INFO - Response: 200 in 0.0967s
2025-11-22 09:19:35,407 - app.main - INFO - Request: GET http://127.0.0.1:8000/openapi.json
2025-11-22 09:19:37,634 - app.main - INFO - Response: 200 in 2.2270s
2025-11-22 09:20:01,799 - app.main - INFO - Request: POST http://127.0.0.1:8000/api/v1/auth/login
2025-11-22 09:20:15,346 - app.main - INFO - Response: 200 in 13.5461s
2025-11-22 09:37:32,177 - app.main - INFO - Request: POST http://localhost:8000/api/v1/auth/login
2025-11-22 09:37:46,134 - app.main - INFO - Response: 200 in 15.0550s
2025-11-22 09:37:46,366 - app.main - INFO - Request: OPTIONS http://localhost:8000/api/v1/users/me
2025-11-22 09:37:46,394 - app.main - INFO - Response: 200 in 0.0269s
2025-11-22 09:37:46,416 - app.main - INFO - Request: GET http://localhost:8000/api/v1/users/me
2025-11-22 09:37:48,973 - app.main - INFO - Response: 200 in 2.5563s
2025-11-25 18:06:36,232 - app.main - INFO - Celery configured successfully
2025-11-25 18:06:36,245 - app.main - INFO - Starting Finance Management System Backend
2025-11-25 18:06:36,273 - app.main - INFO - Database tables created successfully
2025-11-25 18:06:36,274 - app.main - INFO - Directory uploads created/verified
2025-11-25 18:06:36,274 - app.main - INFO - Directory reports created/verified
2025-11-25 18:06:36,275 - app.main - INFO - Directory backups created/verified
2025-11-25 18:06:36,275 - app.main - INFO - Directory logs created/verified
2025-11-25 18:06:36,305 - app.main - INFO - Default admin already exists: admin@expense.com
2025-11-25 18:06:55,954 - app.main - INFO - Request: GET http://localhost:8000/docs
2025-11-25 18:06:55,954 - app.main - INFO - Response: 200 in 0.0000s
2025-11-25 18:07:08,217 - app.main - INFO - Request: GET http://localhost:8000/openapi.json
2025-11-25 18:07:08,283 - app.main - INFO - Response: 200 in 0.0660s
2025-11-25 18:08:01,900 - app.main - INFO - Request: POST http://localhost:8000/api/v1/auth/login
2025-11-25 18:08:01,917 - passlib.handlers.bcrypt - WARNING - (trapped) error reading bcrypt version
Traceback (most recent call last):
  File "C:\Users\ASHROCK\Desktop\project1\backend\venv\Lib\site-packages\passlib\handlers\bcrypt.py", line 620, in _load_backend_mixin
    version = _bcrypt.__about__.__version__
              ^^^^^^^^^^^^^^^^^
AttributeError: module 'bcrypt' has no attribute '__about__'
2025-11-25 18:08:01,949 - app.main - ERROR - Unhandled exception: password cannot be longer than 72 bytes, truncate manually if necessary (e.g. my_password[:72])
Traceback (most recent call last):
  File "C:\Users\ASHROCK\Desktop\project1\backend\venv\Lib\site-packages\anyio\streams\memory.py", line 98, in receive
    return self.receive_nowait()
           ^^^^^^^^^^^^^^^^^^^^^
  File "C:\Users\ASHROCK\Desktop\project1\backend\venv\Lib\site-packages\anyio\streams\memory.py", line 93, in receive_nowait
    raise WouldBlock
anyio.WouldBlock

During handling of the above exception, another exception occurred:

Traceback (most recent call last):
  File "C:\Users\ASHROCK\Desktop\project1\backend\venv\Lib\site-packages\starlette\middleware\base.py", line 78, in call_next
    message = await recv_stream.receive()
              ^^^^^^^^^^^^^^^^^^^^^^^^^^^
  File "C:\Users\ASHROCK\Desktop\project1\backend\venv\Lib\site-packages\anyio\streams\memory.py", line 118, in receive
    raise EndOfStream
anyio.EndOfStream

During handling of the above exception, another exception occurred:

Traceback (most recent call last):
  File "C:\Users\ASHROCK\Desktop\project1\backend\venv\Lib\site-packages\starlette\middleware\errors.py", line 162, in __call__
    await self.app(scope, receive, _send)
  File "C:\Users\ASHROCK\Desktop\project1\backend\venv\Lib\site-packages\starlette\middleware\base.py", line 108, in __call__
    response = await self.dispatch_func(request, call_next)
               ^^^^^^^^^^^^^^^^^^^^^^^^^^^^^^^^^^^^^^^^^^^^
  File "C:\Users\ASHROCK\Desktop\project1\backend\app\main.py", line 212, in log_requests
    response = await call_next(request)
               ^^^^^^^^^^^^^^^^^^^^^^^^
  File "C:\Users\ASHROCK\Desktop\project1\backend\venv\Lib\site-packages\starlette\middleware\base.py", line 84, in call_next
    raise app_exc
  File "C:\Users\ASHROCK\Desktop\project1\backend\venv\Lib\site-packages\starlette\middleware\base.py", line 70, in coro
    await self.app(scope, receive_or_disconnect, send_no_error)
  File "C:\Users\ASHROCK\Desktop\project1\backend\venv\Lib\site-packages\starlette\middleware\base.py", line 108, in __call__
    response = await self.dispatch_func(request, call_next)
               ^^^^^^^^^^^^^^^^^^^^^^^^^^^^^^^^^^^^^^^^^^^^
  File "C:\Users\ASHROCK\Desktop\project1\backend\app\main.py", line 197, in add_process_time_header
    response = await call_next(request)
               ^^^^^^^^^^^^^^^^^^^^^^^^
  File "C:\Users\ASHROCK\Desktop\project1\backend\venv\Lib\site-packages\starlette\middleware\base.py", line 84, in call_next
    raise app_exc
  File "C:\Users\ASHROCK\Desktop\project1\backend\venv\Lib\site-packages\starlette\middleware\base.py", line 70, in coro
    await self.app(scope, receive_or_disconnect, send_no_error)
  File "C:\Users\ASHROCK\Desktop\project1\backend\venv\Lib\site-packages\starlette\middleware\cors.py", line 91, in __call__
    await self.simple_response(scope, receive, send, request_headers=headers)
  File "C:\Users\ASHROCK\Desktop\project1\backend\venv\Lib\site-packages\starlette\middleware\cors.py", line 146, in simple_response
    await self.app(scope, receive, send)
  File "C:\Users\ASHROCK\Desktop\project1\backend\venv\Lib\site-packages\starlette\middleware\exceptions.py", line 79, in __call__
    raise exc
  File "C:\Users\ASHROCK\Desktop\project1\backend\venv\Lib\site-packages\starlette\middleware\exceptions.py", line 68, in __call__
    await self.app(scope, receive, sender)
  File "C:\Users\ASHROCK\Desktop\project1\backend\venv\Lib\site-packages\fastapi\middleware\asyncexitstack.py", line 20, in __call__
    raise e
  File "C:\Users\ASHROCK\Desktop\project1\backend\venv\Lib\site-packages\fastapi\middleware\asyncexitstack.py", line 17, in __call__
    await self.app(scope, receive, send)
  File "C:\Users\ASHROCK\Desktop\project1\backend\venv\Lib\site-packages\starlette\routing.py", line 718, in __call__
    await route.handle(scope, receive, send)
  File "C:\Users\ASHROCK\Desktop\project1\backend\venv\Lib\site-packages\starlette\routing.py", line 276, in handle
    await self.app(scope, receive, send)
  File "C:\Users\ASHROCK\Desktop\project1\backend\venv\Lib\site-packages\starlette\routing.py", line 66, in app
    response = await func(request)
               ^^^^^^^^^^^^^^^^^^^
  File "C:\Users\ASHROCK\Desktop\project1\backend\venv\Lib\site-packages\fastapi\routing.py", line 274, in app
    raw_response = await run_endpoint_function(
                   ^^^^^^^^^^^^^^^^^^^^^^^^^^^^
  File "C:\Users\ASHROCK\Desktop\project1\backend\venv\Lib\site-packages\fastapi\routing.py", line 193, in run_endpoint_function
    return await run_in_threadpool(dependant.call, **values)
           ^^^^^^^^^^^^^^^^^^^^^^^^^^^^^^^^^^^^^^^^^^^^^^^^^
  File "C:\Users\ASHROCK\Desktop\project1\backend\venv\Lib\site-packages\starlette\concurrency.py", line 41, in run_in_threadpool
    return await anyio.to_thread.run_sync(func, *args)
           ^^^^^^^^^^^^^^^^^^^^^^^^^^^^^^^^^^^^^^^^^^^
  File "C:\Users\ASHROCK\Desktop\project1\backend\venv\Lib\site-packages\anyio\to_thread.py", line 33, in run_sync
    return await get_asynclib().run_sync_in_worker_thread(
           ^^^^^^^^^^^^^^^^^^^^^^^^^^^^^^^^^^^^^^^^^^^^^^^
  File "C:\Users\ASHROCK\Desktop\project1\backend\venv\Lib\site-packages\anyio\_backends\_asyncio.py", line 877, in run_sync_in_worker_thread
    return await future
           ^^^^^^^^^^^^
  File "C:\Users\ASHROCK\Desktop\project1\backend\venv\Lib\site-packages\anyio\_backends\_asyncio.py", line 807, in run
    result = context.run(func, *args)
             ^^^^^^^^^^^^^^^^^^^^^^^^
  File "C:\Users\ASHROCK\Desktop\project1\backend\app\api\v1\auth.py", line 166, in login
    user = user_crud.authenticate(db, form_data.username, form_data.password)
           ^^^^^^^^^^^^^^^^^^^^^^^^^^^^^^^^^^^^^^^^^^^^^^^^^^^^^^^^^^^^^^^^^^
  File "C:\Users\ASHROCK\Desktop\project1\backend\app\api\v1\auth.py", line 117, in authenticate
    if not user or not verify_password(password, user.hashed_password):
                       ^^^^^^^^^^^^^^^^^^^^^^^^^^^^^^^^^^^^^^^^^^^^^^^
  File "C:\Users\ASHROCK\Desktop\project1\backend\app\core\security.py", line 32, in verify_password
    return pwd_context.verify(_safe_password(plain_password), hashed_password)
           ^^^^^^^^^^^^^^^^^^^^^^^^^^^^^^^^^^^^^^^^^^^^^^^^^^^^^^^^^^^^^^^^^^^
  File "C:\Users\ASHROCK\Desktop\project1\backend\venv\Lib\site-packages\passlib\context.py", line 2347, in verify
    return record.verify(secret, hash, **kwds)
           ^^^^^^^^^^^^^^^^^^^^^^^^^^^^^^^^^^^
  File "C:\Users\ASHROCK\Desktop\project1\backend\venv\Lib\site-packages\passlib\utils\handlers.py", line 792, in verify
    return consteq(self._calc_checksum(secret), chk)
                   ^^^^^^^^^^^^^^^^^^^^^^^^^^^
  File "C:\Users\ASHROCK\Desktop\project1\backend\venv\Lib\site-packages\passlib\handlers\bcrypt.py", line 591, in _calc_checksum
    self._stub_requires_backend()
  File "C:\Users\ASHROCK\Desktop\project1\backend\venv\Lib\site-packages\passlib\utils\handlers.py", line 2254, in _stub_requires_backend
    cls.set_backend()
  File "C:\Users\ASHROCK\Desktop\project1\backend\venv\Lib\site-packages\passlib\utils\handlers.py", line 2156, in set_backend
    return owner.set_backend(name, dryrun=dryrun)
           ^^^^^^^^^^^^^^^^^^^^^^^^^^^^^^^^^^^^^^
  File "C:\Users\ASHROCK\Desktop\project1\backend\venv\Lib\site-packages\passlib\utils\handlers.py", line 2163, in set_backend
    return cls.set_backend(name, dryrun=dryrun)
           ^^^^^^^^^^^^^^^^^^^^^^^^^^^^^^^^^^^^
  File "C:\Users\ASHROCK\Desktop\project1\backend\venv\Lib\site-packages\passlib\utils\handlers.py", line 2188, in set_backend
    cls._set_backend(name, dryrun)
  File "C:\Users\ASHROCK\Desktop\project1\backend\venv\Lib\site-packages\passlib\utils\handlers.py", line 2311, in _set_backend
    super(SubclassBackendMixin, cls)._set_backend(name, dryrun)
  File "C:\Users\ASHROCK\Desktop\project1\backend\venv\Lib\site-packages\passlib\utils\handlers.py", line 2224, in _set_backend
    ok = loader(**kwds)
         ^^^^^^^^^^^^^^
  File "C:\Users\ASHROCK\Desktop\project1\backend\venv\Lib\site-packages\passlib\handlers\bcrypt.py", line 626, in _load_backend_mixin
    return mixin_cls._finalize_backend_mixin(name, dryrun)
           ^^^^^^^^^^^^^^^^^^^^^^^^^^^^^^^^^^^^^^^^^^^^^^^
  File "C:\Users\ASHROCK\Desktop\project1\backend\venv\Lib\site-packages\passlib\handlers\bcrypt.py", line 421, in _finalize_backend_mixin
    if detect_wrap_bug(IDENT_2A):
       ^^^^^^^^^^^^^^^^^^^^^^^^^
  File "C:\Users\ASHROCK\Desktop\project1\backend\venv\Lib\site-packages\passlib\handlers\bcrypt.py", line 380, in detect_wrap_bug
    if verify(secret, bug_hash):
       ^^^^^^^^^^^^^^^^^^^^^^^^
  File "C:\Users\ASHROCK\Desktop\project1\backend\venv\Lib\site-packages\passlib\utils\handlers.py", line 792, in verify
    return consteq(self._calc_checksum(secret), chk)
                   ^^^^^^^^^^^^^^^^^^^^^^^^^^^
  File "C:\Users\ASHROCK\Desktop\project1\backend\venv\Lib\site-packages\passlib\handlers\bcrypt.py", line 655, in _calc_checksum
    hash = _bcrypt.hashpw(secret, config)
           ^^^^^^^^^^^^^^^^^^^^^^^^^^^^^^
ValueError: password cannot be longer than 72 bytes, truncate manually if necessary (e.g. my_password[:72])
2025-11-25 19:21:19,731 - app.main - INFO - Shutting down Finance Management System Backend
2025-11-25 19:21:21,814 - app.main - INFO - Celery configured successfully
2025-11-25 19:21:21,818 - app.main - INFO - Starting Finance Management System Backend
2025-11-25 19:21:21,823 - app.main - INFO - Database tables created successfully
2025-11-25 19:21:21,824 - app.main - INFO - Directory uploads created/verified
2025-11-25 19:21:21,824 - app.main - INFO - Directory reports created/verified
2025-11-25 19:21:21,825 - app.main - INFO - Directory backups created/verified
2025-11-25 19:21:21,825 - app.main - INFO - Directory logs created/verified
2025-11-25 19:21:21,862 - app.main - INFO - Default admin already exists: admin@expense.com
2025-11-25 19:21:34,945 - app.main - INFO - Shutting down Finance Management System Backend
2025-11-25 19:21:36,666 - app.main - INFO - Celery configured successfully
2025-11-25 19:21:36,666 - app.main - INFO - Starting Finance Management System Backend
2025-11-25 19:21:36,666 - app.main - INFO - Database tables created successfully
2025-11-25 19:21:36,666 - app.main - INFO - Directory uploads created/verified
2025-11-25 19:21:36,666 - app.main - INFO - Directory reports created/verified
2025-11-25 19:21:36,666 - app.main - INFO - Directory backups created/verified
2025-11-25 19:21:36,666 - app.main - INFO - Directory logs created/verified
2025-11-25 19:21:36,707 - app.main - INFO - Default admin already exists: admin@expense.com
2025-11-25 19:21:39,798 - app.main - INFO - Shutting down Finance Management System Backend
2025-11-25 19:21:41,484 - app.main - INFO - Celery configured successfully
2025-11-25 19:21:41,484 - app.main - INFO - Starting Finance Management System Backend
2025-11-25 19:21:41,484 - app.main - INFO - Database tables created successfully
2025-11-25 19:21:41,484 - app.main - INFO - Directory uploads created/verified
2025-11-25 19:21:41,484 - app.main - INFO - Directory reports created/verified
2025-11-25 19:21:41,484 - app.main - INFO - Directory backups created/verified
2025-11-25 19:21:41,484 - app.main - INFO - Directory logs created/verified
2025-11-25 19:21:41,517 - app.main - INFO - Default admin already exists: admin@expense.com
2025-11-25 19:22:01,648 - app.main - INFO - Shutting down Finance Management System Backend
2025-11-25 19:22:03,592 - app.main - INFO - Celery configured successfully
2025-11-25 19:22:03,592 - app.main - INFO - Starting Finance Management System Backend
2025-11-25 19:22:03,599 - app.main - INFO - Database tables created successfully
2025-11-25 19:22:03,600 - app.main - INFO - Directory uploads created/verified
2025-11-25 19:22:03,600 - app.main - INFO - Directory reports created/verified
2025-11-25 19:22:03,601 - app.main - INFO - Directory backups created/verified
2025-11-25 19:22:03,601 - app.main - INFO - Directory logs created/verified
2025-11-25 19:22:03,660 - app.main - INFO - Default admin already exists: admin@expense.com
2025-11-25 19:22:13,047 - app.main - INFO - Shutting down Finance Management System Backend
2025-11-25 19:22:14,941 - app.main - INFO - Celery configured successfully
2025-11-25 19:22:14,944 - app.main - INFO - Starting Finance Management System Backend
2025-11-25 19:22:14,947 - app.main - INFO - Database tables created successfully
2025-11-25 19:22:14,947 - app.main - INFO - Directory uploads created/verified
2025-11-25 19:22:14,948 - app.main - INFO - Directory reports created/verified
2025-11-25 19:22:14,948 - app.main - INFO - Directory backups created/verified
2025-11-25 19:22:14,948 - app.main - INFO - Directory logs created/verified
2025-11-25 19:22:14,980 - app.main - INFO - Default admin already exists: admin@expense.com
2025-11-25 19:23:22,460 - app.main - INFO - Shutting down Finance Management System Backend
2025-11-25 19:23:24,313 - app.main - INFO - Celery configured successfully
2025-11-25 19:23:24,322 - app.main - INFO - Starting Finance Management System Backend
2025-11-25 19:23:24,322 - app.main - INFO - Database tables created successfully
2025-11-25 19:23:24,322 - app.main - INFO - Directory uploads created/verified
2025-11-25 19:23:24,322 - app.main - INFO - Directory reports created/verified
2025-11-25 19:23:24,322 - app.main - INFO - Directory backups created/verified
2025-11-25 19:23:24,326 - app.main - INFO - Directory logs created/verified
2025-11-25 19:23:24,360 - app.main - INFO - Default admin already exists: admin@expense.com
2025-11-25 19:35:57,086 - app.main - INFO - Celery configured successfully
2025-11-25 19:35:59,173 - app.main - INFO - Request: GET http://localhost:8000/health
2025-11-25 19:35:59,173 - app.main - ERROR - Database health check failed: Textual SQL expression 'SELECT 1' should be explicitly declared as text('SELECT 1')
2025-11-25 19:36:03,297 - app.main - ERROR - Redis health check failed: Error 10061 connecting to localhost:6379. No connection could be made because the target machine actively refused it.
2025-11-25 19:36:03,297 - app.main - INFO - Response: 200 in 4.1237s
2025-11-25 19:36:05,345 - app.main - INFO - Request: GET http://localhost:8000/
2025-11-25 19:36:05,347 - app.main - INFO - Response: 200 in 0.0020s
2025-11-25 19:36:07,403 - app.main - INFO - Request: GET http://localhost:8000/api/info
2025-11-25 19:36:07,403 - app.main - INFO - Response: 200 in 0.0000s
2025-11-25 19:36:09,480 - app.main - INFO - Request: GET http://localhost:8000/openapi.json
2025-11-25 19:36:09,520 - app.main - INFO - Response: 200 in 0.0400s
2025-11-25 19:36:09,640 - app.main - INFO - Request: POST http://testserver/api/v1/auth/login
2025-11-25 19:36:09,672 - app.main - ERROR - Unhandled exception: (sqlite3.OperationalError) no such table: users
[SQL: SELECT users.id AS users_id, users.email AS users_email, users.username AS users_username, users.hashed_password AS users_hashed_password, users.full_name AS users_full_name, users.phone AS users_phone, users.role AS users_role, users.is_active AS users_is_active, users.is_verified AS users_is_verified, users.manager_id AS users_manager_id, users.department AS users_department, users.created_at AS users_created_at, users.updated_at AS users_updated_at, users.last_login AS users_last_login 
FROM users 
WHERE users.username = ?
 LIMIT ? OFFSET ?]
[parameters: ('admin', 1, 0)]
(Background on this error at: https://sqlalche.me/e/20/e3q8)
Traceback (most recent call last):
  File "C:\Users\ASHROCK\Desktop\project1\backend\venv\Lib\site-packages\sqlalchemy\engine\base.py", line 1969, in _exec_single_context
    self.dialect.do_execute(
  File "C:\Users\ASHROCK\Desktop\project1\backend\venv\Lib\site-packages\sqlalchemy\engine\default.py", line 922, in do_execute
    cursor.execute(statement, parameters)
sqlite3.OperationalError: no such table: users

The above exception was the direct cause of the following exception:

Traceback (most recent call last):
  File "C:\Users\ASHROCK\Desktop\project1\backend\venv\Lib\site-packages\starlette\middleware\errors.py", line 162, in __call__
    await self.app(scope, receive, _send)
  File "C:\Users\ASHROCK\Desktop\project1\backend\venv\Lib\site-packages\starlette\middleware\base.py", line 108, in __call__
    response = await self.dispatch_func(request, call_next)
               ^^^^^^^^^^^^^^^^^^^^^^^^^^^^^^^^^^^^^^^^^^^^
  File "C:\Users\ASHROCK\Desktop\project1\backend\app\main.py", line 212, in log_requests
    response = await call_next(request)
               ^^^^^^^^^^^^^^^^^^^^^^^^
  File "C:\Users\ASHROCK\Desktop\project1\backend\venv\Lib\site-packages\starlette\middleware\base.py", line 84, in call_next
    raise app_exc
  File "C:\Users\ASHROCK\Desktop\project1\backend\venv\Lib\site-packages\starlette\middleware\base.py", line 70, in coro
    await self.app(scope, receive_or_disconnect, send_no_error)
  File "C:\Users\ASHROCK\Desktop\project1\backend\venv\Lib\site-packages\starlette\middleware\base.py", line 108, in __call__
    response = await self.dispatch_func(request, call_next)
               ^^^^^^^^^^^^^^^^^^^^^^^^^^^^^^^^^^^^^^^^^^^^
  File "C:\Users\ASHROCK\Desktop\project1\backend\app\main.py", line 197, in add_process_time_header
    response = await call_next(request)
               ^^^^^^^^^^^^^^^^^^^^^^^^
  File "C:\Users\ASHROCK\Desktop\project1\backend\venv\Lib\site-packages\starlette\middleware\base.py", line 84, in call_next
    raise app_exc
  File "C:\Users\ASHROCK\Desktop\project1\backend\venv\Lib\site-packages\starlette\middleware\base.py", line 70, in coro
    await self.app(scope, receive_or_disconnect, send_no_error)
  File "C:\Users\ASHROCK\Desktop\project1\backend\venv\Lib\site-packages\starlette\middleware\cors.py", line 83, in __call__
    await self.app(scope, receive, send)
  File "C:\Users\ASHROCK\Desktop\project1\backend\venv\Lib\site-packages\starlette\middleware\exceptions.py", line 79, in __call__
    raise exc
  File "C:\Users\ASHROCK\Desktop\project1\backend\venv\Lib\site-packages\starlette\middleware\exceptions.py", line 68, in __call__
    await self.app(scope, receive, sender)
  File "C:\Users\ASHROCK\Desktop\project1\backend\venv\Lib\site-packages\fastapi\middleware\asyncexitstack.py", line 20, in __call__
    raise e
  File "C:\Users\ASHROCK\Desktop\project1\backend\venv\Lib\site-packages\fastapi\middleware\asyncexitstack.py", line 17, in __call__
    await self.app(scope, receive, send)
  File "C:\Users\ASHROCK\Desktop\project1\backend\venv\Lib\site-packages\starlette\routing.py", line 718, in __call__
    await route.handle(scope, receive, send)
  File "C:\Users\ASHROCK\Desktop\project1\backend\venv\Lib\site-packages\starlette\routing.py", line 276, in handle
    await self.app(scope, receive, send)
  File "C:\Users\ASHROCK\Desktop\project1\backend\venv\Lib\site-packages\starlette\routing.py", line 66, in app
    response = await func(request)
               ^^^^^^^^^^^^^^^^^^^
  File "C:\Users\ASHROCK\Desktop\project1\backend\venv\Lib\site-packages\fastapi\routing.py", line 274, in app
    raw_response = await run_endpoint_function(
                   ^^^^^^^^^^^^^^^^^^^^^^^^^^^^
  File "C:\Users\ASHROCK\Desktop\project1\backend\venv\Lib\site-packages\fastapi\routing.py", line 193, in run_endpoint_function
    return await run_in_threadpool(dependant.call, **values)
           ^^^^^^^^^^^^^^^^^^^^^^^^^^^^^^^^^^^^^^^^^^^^^^^^^
  File "C:\Users\ASHROCK\Desktop\project1\backend\venv\Lib\site-packages\starlette\concurrency.py", line 41, in run_in_threadpool
    return await anyio.to_thread.run_sync(func, *args)
           ^^^^^^^^^^^^^^^^^^^^^^^^^^^^^^^^^^^^^^^^^^^
  File "C:\Users\ASHROCK\Desktop\project1\backend\venv\Lib\site-packages\anyio\to_thread.py", line 33, in run_sync
    return await get_asynclib().run_sync_in_worker_thread(
           ^^^^^^^^^^^^^^^^^^^^^^^^^^^^^^^^^^^^^^^^^^^^^^^
  File "C:\Users\ASHROCK\Desktop\project1\backend\venv\Lib\site-packages\anyio\_backends\_asyncio.py", line 877, in run_sync_in_worker_thread
    return await future
           ^^^^^^^^^^^^
  File "C:\Users\ASHROCK\Desktop\project1\backend\venv\Lib\site-packages\anyio\_backends\_asyncio.py", line 807, in run
    result = context.run(func, *args)
             ^^^^^^^^^^^^^^^^^^^^^^^^
  File "C:\Users\ASHROCK\Desktop\project1\backend\app\api\v1\auth.py", line 169, in login
    user = user_crud.authenticate(db, form_data.username, form_data.password)
           ^^^^^^^^^^^^^^^^^^^^^^^^^^^^^^^^^^^^^^^^^^^^^^^^^^^^^^^^^^^^^^^^^^
  File "C:\Users\ASHROCK\Desktop\project1\backend\app\api\v1\auth.py", line 117, in authenticate
    user = UserCRUD.get_by_username(db, username)
           ^^^^^^^^^^^^^^^^^^^^^^^^^^^^^^^^^^^^^^
  File "C:\Users\ASHROCK\Desktop\project1\backend\app\api\v1\auth.py", line 108, in get_by_username
    return db.query(User).filter(User.username == username).first()
           ^^^^^^^^^^^^^^^^^^^^^^^^^^^^^^^^^^^^^^^^^^^^^^^^^^^^^^^^
  File "C:\Users\ASHROCK\Desktop\project1\backend\venv\Lib\site-packages\sqlalchemy\orm\query.py", line 2748, in first
    return self.limit(1)._iter().first()  # type: ignore
           ^^^^^^^^^^^^^^^^^^^^^
  File "C:\Users\ASHROCK\Desktop\project1\backend\venv\Lib\site-packages\sqlalchemy\orm\query.py", line 2847, in _iter
    result: Union[ScalarResult[_T], Result[_T]] = self.session.execute(
                                                  ^^^^^^^^^^^^^^^^^^^^^
  File "C:\Users\ASHROCK\Desktop\project1\backend\venv\Lib\site-packages\sqlalchemy\orm\session.py", line 2308, in execute
    return self._execute_internal(
           ^^^^^^^^^^^^^^^^^^^^^^^
  File "C:\Users\ASHROCK\Desktop\project1\backend\venv\Lib\site-packages\sqlalchemy\orm\session.py", line 2190, in _execute_internal
    result: Result[Any] = compile_state_cls.orm_execute_statement(
                          ^^^^^^^^^^^^^^^^^^^^^^^^^^^^^^^^^^^^^^^^
  File "C:\Users\ASHROCK\Desktop\project1\backend\venv\Lib\site-packages\sqlalchemy\orm\context.py", line 293, in orm_execute_statement
    result = conn.execute(
             ^^^^^^^^^^^^^
  File "C:\Users\ASHROCK\Desktop\project1\backend\venv\Lib\site-packages\sqlalchemy\engine\base.py", line 1416, in execute
    return meth(
           ^^^^^
  File "C:\Users\ASHROCK\Desktop\project1\backend\venv\Lib\site-packages\sqlalchemy\sql\elements.py", line 516, in _execute_on_connection
    return connection._execute_clauseelement(
           ^^^^^^^^^^^^^^^^^^^^^^^^^^^^^^^^^^
  File "C:\Users\ASHROCK\Desktop\project1\backend\venv\Lib\site-packages\sqlalchemy\engine\base.py", line 1639, in _execute_clauseelement
    ret = self._execute_context(
          ^^^^^^^^^^^^^^^^^^^^^^
  File "C:\Users\ASHROCK\Desktop\project1\backend\venv\Lib\site-packages\sqlalchemy\engine\base.py", line 1848, in _execute_context
    return self._exec_single_context(
           ^^^^^^^^^^^^^^^^^^^^^^^^^^
  File "C:\Users\ASHROCK\Desktop\project1\backend\venv\Lib\site-packages\sqlalchemy\engine\base.py", line 1988, in _exec_single_context
    self._handle_dbapi_exception(
  File "C:\Users\ASHROCK\Desktop\project1\backend\venv\Lib\site-packages\sqlalchemy\engine\base.py", line 2343, in _handle_dbapi_exception
    raise sqlalchemy_exception.with_traceback(exc_info[2]) from e
  File "C:\Users\ASHROCK\Desktop\project1\backend\venv\Lib\site-packages\sqlalchemy\engine\base.py", line 1969, in _exec_single_context
    self.dialect.do_execute(
  File "C:\Users\ASHROCK\Desktop\project1\backend\venv\Lib\site-packages\sqlalchemy\engine\default.py", line 922, in do_execute
    cursor.execute(statement, parameters)
sqlalchemy.exc.OperationalError: (sqlite3.OperationalError) no such table: users
[SQL: SELECT users.id AS users_id, users.email AS users_email, users.username AS users_username, users.hashed_password AS users_hashed_password, users.full_name AS users_full_name, users.phone AS users_phone, users.role AS users_role, users.is_active AS users_is_active, users.is_verified AS users_is_verified, users.manager_id AS users_manager_id, users.department AS users_department, users.created_at AS users_created_at, users.updated_at AS users_updated_at, users.last_login AS users_last_login 
FROM users 
WHERE users.username = ?
 LIMIT ? OFFSET ?]
[parameters: ('admin', 1, 0)]
(Background on this error at: https://sqlalche.me/e/20/e3q8)
2025-11-25 19:36:10,464 - app.main - INFO - Request: POST http://testserver/api/v1/auth/login
2025-11-25 19:36:10,477 - app.main - ERROR - Unhandled exception: (sqlite3.OperationalError) no such table: users
[SQL: SELECT users.id AS users_id, users.email AS users_email, users.username AS users_username, users.hashed_password AS users_hashed_password, users.full_name AS users_full_name, users.phone AS users_phone, users.role AS users_role, users.is_active AS users_is_active, users.is_verified AS users_is_verified, users.manager_id AS users_manager_id, users.department AS users_department, users.created_at AS users_created_at, users.updated_at AS users_updated_at, users.last_login AS users_last_login 
FROM users 
WHERE users.username = ?
 LIMIT ? OFFSET ?]
[parameters: ('manager', 1, 0)]
(Background on this error at: https://sqlalche.me/e/20/e3q8)
Traceback (most recent call last):
  File "C:\Users\ASHROCK\Desktop\project1\backend\venv\Lib\site-packages\sqlalchemy\engine\base.py", line 1969, in _exec_single_context
    self.dialect.do_execute(
  File "C:\Users\ASHROCK\Desktop\project1\backend\venv\Lib\site-packages\sqlalchemy\engine\default.py", line 922, in do_execute
    cursor.execute(statement, parameters)
sqlite3.OperationalError: no such table: users

The above exception was the direct cause of the following exception:

Traceback (most recent call last):
  File "C:\Users\ASHROCK\Desktop\project1\backend\venv\Lib\site-packages\starlette\middleware\errors.py", line 162, in __call__
    await self.app(scope, receive, _send)
  File "C:\Users\ASHROCK\Desktop\project1\backend\venv\Lib\site-packages\starlette\middleware\base.py", line 108, in __call__
    response = await self.dispatch_func(request, call_next)
               ^^^^^^^^^^^^^^^^^^^^^^^^^^^^^^^^^^^^^^^^^^^^
  File "C:\Users\ASHROCK\Desktop\project1\backend\app\main.py", line 212, in log_requests
    response = await call_next(request)
               ^^^^^^^^^^^^^^^^^^^^^^^^
  File "C:\Users\ASHROCK\Desktop\project1\backend\venv\Lib\site-packages\starlette\middleware\base.py", line 84, in call_next
    raise app_exc
  File "C:\Users\ASHROCK\Desktop\project1\backend\venv\Lib\site-packages\starlette\middleware\base.py", line 70, in coro
    await self.app(scope, receive_or_disconnect, send_no_error)
  File "C:\Users\ASHROCK\Desktop\project1\backend\venv\Lib\site-packages\starlette\middleware\base.py", line 108, in __call__
    response = await self.dispatch_func(request, call_next)
               ^^^^^^^^^^^^^^^^^^^^^^^^^^^^^^^^^^^^^^^^^^^^
  File "C:\Users\ASHROCK\Desktop\project1\backend\app\main.py", line 197, in add_process_time_header
    response = await call_next(request)
               ^^^^^^^^^^^^^^^^^^^^^^^^
  File "C:\Users\ASHROCK\Desktop\project1\backend\venv\Lib\site-packages\starlette\middleware\base.py", line 84, in call_next
    raise app_exc
  File "C:\Users\ASHROCK\Desktop\project1\backend\venv\Lib\site-packages\starlette\middleware\base.py", line 70, in coro
    await self.app(scope, receive_or_disconnect, send_no_error)
  File "C:\Users\ASHROCK\Desktop\project1\backend\venv\Lib\site-packages\starlette\middleware\cors.py", line 83, in __call__
    await self.app(scope, receive, send)
  File "C:\Users\ASHROCK\Desktop\project1\backend\venv\Lib\site-packages\starlette\middleware\exceptions.py", line 79, in __call__
    raise exc
  File "C:\Users\ASHROCK\Desktop\project1\backend\venv\Lib\site-packages\starlette\middleware\exceptions.py", line 68, in __call__
    await self.app(scope, receive, sender)
  File "C:\Users\ASHROCK\Desktop\project1\backend\venv\Lib\site-packages\fastapi\middleware\asyncexitstack.py", line 20, in __call__
    raise e
  File "C:\Users\ASHROCK\Desktop\project1\backend\venv\Lib\site-packages\fastapi\middleware\asyncexitstack.py", line 17, in __call__
    await self.app(scope, receive, send)
  File "C:\Users\ASHROCK\Desktop\project1\backend\venv\Lib\site-packages\starlette\routing.py", line 718, in __call__
    await route.handle(scope, receive, send)
  File "C:\Users\ASHROCK\Desktop\project1\backend\venv\Lib\site-packages\starlette\routing.py", line 276, in handle
    await self.app(scope, receive, send)
  File "C:\Users\ASHROCK\Desktop\project1\backend\venv\Lib\site-packages\starlette\routing.py", line 66, in app
    response = await func(request)
               ^^^^^^^^^^^^^^^^^^^
  File "C:\Users\ASHROCK\Desktop\project1\backend\venv\Lib\site-packages\fastapi\routing.py", line 274, in app
    raw_response = await run_endpoint_function(
                   ^^^^^^^^^^^^^^^^^^^^^^^^^^^^
  File "C:\Users\ASHROCK\Desktop\project1\backend\venv\Lib\site-packages\fastapi\routing.py", line 193, in run_endpoint_function
    return await run_in_threadpool(dependant.call, **values)
           ^^^^^^^^^^^^^^^^^^^^^^^^^^^^^^^^^^^^^^^^^^^^^^^^^
  File "C:\Users\ASHROCK\Desktop\project1\backend\venv\Lib\site-packages\starlette\concurrency.py", line 41, in run_in_threadpool
    return await anyio.to_thread.run_sync(func, *args)
           ^^^^^^^^^^^^^^^^^^^^^^^^^^^^^^^^^^^^^^^^^^^
  File "C:\Users\ASHROCK\Desktop\project1\backend\venv\Lib\site-packages\anyio\to_thread.py", line 33, in run_sync
    return await get_asynclib().run_sync_in_worker_thread(
           ^^^^^^^^^^^^^^^^^^^^^^^^^^^^^^^^^^^^^^^^^^^^^^^
  File "C:\Users\ASHROCK\Desktop\project1\backend\venv\Lib\site-packages\anyio\_backends\_asyncio.py", line 877, in run_sync_in_worker_thread
    return await future
           ^^^^^^^^^^^^
  File "C:\Users\ASHROCK\Desktop\project1\backend\venv\Lib\site-packages\anyio\_backends\_asyncio.py", line 807, in run
    result = context.run(func, *args)
             ^^^^^^^^^^^^^^^^^^^^^^^^
  File "C:\Users\ASHROCK\Desktop\project1\backend\app\api\v1\auth.py", line 169, in login
    user = user_crud.authenticate(db, form_data.username, form_data.password)
           ^^^^^^^^^^^^^^^^^^^^^^^^^^^^^^^^^^^^^^^^^^^^^^^^^^^^^^^^^^^^^^^^^^
  File "C:\Users\ASHROCK\Desktop\project1\backend\app\api\v1\auth.py", line 117, in authenticate
    user = UserCRUD.get_by_username(db, username)
           ^^^^^^^^^^^^^^^^^^^^^^^^^^^^^^^^^^^^^^
  File "C:\Users\ASHROCK\Desktop\project1\backend\app\api\v1\auth.py", line 108, in get_by_username
    return db.query(User).filter(User.username == username).first()
           ^^^^^^^^^^^^^^^^^^^^^^^^^^^^^^^^^^^^^^^^^^^^^^^^^^^^^^^^
  File "C:\Users\ASHROCK\Desktop\project1\backend\venv\Lib\site-packages\sqlalchemy\orm\query.py", line 2748, in first
    return self.limit(1)._iter().first()  # type: ignore
           ^^^^^^^^^^^^^^^^^^^^^
  File "C:\Users\ASHROCK\Desktop\project1\backend\venv\Lib\site-packages\sqlalchemy\orm\query.py", line 2847, in _iter
    result: Union[ScalarResult[_T], Result[_T]] = self.session.execute(
                                                  ^^^^^^^^^^^^^^^^^^^^^
  File "C:\Users\ASHROCK\Desktop\project1\backend\venv\Lib\site-packages\sqlalchemy\orm\session.py", line 2308, in execute
    return self._execute_internal(
           ^^^^^^^^^^^^^^^^^^^^^^^
  File "C:\Users\ASHROCK\Desktop\project1\backend\venv\Lib\site-packages\sqlalchemy\orm\session.py", line 2190, in _execute_internal
    result: Result[Any] = compile_state_cls.orm_execute_statement(
                          ^^^^^^^^^^^^^^^^^^^^^^^^^^^^^^^^^^^^^^^^
  File "C:\Users\ASHROCK\Desktop\project1\backend\venv\Lib\site-packages\sqlalchemy\orm\context.py", line 293, in orm_execute_statement
    result = conn.execute(
             ^^^^^^^^^^^^^
  File "C:\Users\ASHROCK\Desktop\project1\backend\venv\Lib\site-packages\sqlalchemy\engine\base.py", line 1416, in execute
    return meth(
           ^^^^^
  File "C:\Users\ASHROCK\Desktop\project1\backend\venv\Lib\site-packages\sqlalchemy\sql\elements.py", line 516, in _execute_on_connection
    return connection._execute_clauseelement(
           ^^^^^^^^^^^^^^^^^^^^^^^^^^^^^^^^^^
  File "C:\Users\ASHROCK\Desktop\project1\backend\venv\Lib\site-packages\sqlalchemy\engine\base.py", line 1639, in _execute_clauseelement
    ret = self._execute_context(
          ^^^^^^^^^^^^^^^^^^^^^^
  File "C:\Users\ASHROCK\Desktop\project1\backend\venv\Lib\site-packages\sqlalchemy\engine\base.py", line 1848, in _execute_context
    return self._exec_single_context(
           ^^^^^^^^^^^^^^^^^^^^^^^^^^
  File "C:\Users\ASHROCK\Desktop\project1\backend\venv\Lib\site-packages\sqlalchemy\engine\base.py", line 1988, in _exec_single_context
    self._handle_dbapi_exception(
  File "C:\Users\ASHROCK\Desktop\project1\backend\venv\Lib\site-packages\sqlalchemy\engine\base.py", line 2343, in _handle_dbapi_exception
    raise sqlalchemy_exception.with_traceback(exc_info[2]) from e
  File "C:\Users\ASHROCK\Desktop\project1\backend\venv\Lib\site-packages\sqlalchemy\engine\base.py", line 1969, in _exec_single_context
    self.dialect.do_execute(
  File "C:\Users\ASHROCK\Desktop\project1\backend\venv\Lib\site-packages\sqlalchemy\engine\default.py", line 922, in do_execute
    cursor.execute(statement, parameters)
sqlalchemy.exc.OperationalError: (sqlite3.OperationalError) no such table: users
[SQL: SELECT users.id AS users_id, users.email AS users_email, users.username AS users_username, users.hashed_password AS users_hashed_password, users.full_name AS users_full_name, users.phone AS users_phone, users.role AS users_role, users.is_active AS users_is_active, users.is_verified AS users_is_verified, users.manager_id AS users_manager_id, users.department AS users_department, users.created_at AS users_created_at, users.updated_at AS users_updated_at, users.last_login AS users_last_login 
FROM users 
WHERE users.username = ?
 LIMIT ? OFFSET ?]
[parameters: ('manager', 1, 0)]
(Background on this error at: https://sqlalche.me/e/20/e3q8)
2025-11-25 19:36:11,121 - app.main - INFO - Request: POST http://testserver/api/v1/auth/login
2025-11-25 19:36:11,130 - app.main - ERROR - Unhandled exception: (sqlite3.OperationalError) no such table: users
[SQL: SELECT users.id AS users_id, users.email AS users_email, users.username AS users_username, users.hashed_password AS users_hashed_password, users.full_name AS users_full_name, users.phone AS users_phone, users.role AS users_role, users.is_active AS users_is_active, users.is_verified AS users_is_verified, users.manager_id AS users_manager_id, users.department AS users_department, users.created_at AS users_created_at, users.updated_at AS users_updated_at, users.last_login AS users_last_login 
FROM users 
WHERE users.username = ?
 LIMIT ? OFFSET ?]
[parameters: ('employee', 1, 0)]
(Background on this error at: https://sqlalche.me/e/20/e3q8)
Traceback (most recent call last):
  File "C:\Users\ASHROCK\Desktop\project1\backend\venv\Lib\site-packages\sqlalchemy\engine\base.py", line 1969, in _exec_single_context
    self.dialect.do_execute(
  File "C:\Users\ASHROCK\Desktop\project1\backend\venv\Lib\site-packages\sqlalchemy\engine\default.py", line 922, in do_execute
    cursor.execute(statement, parameters)
sqlite3.OperationalError: no such table: users

The above exception was the direct cause of the following exception:

Traceback (most recent call last):
  File "C:\Users\ASHROCK\Desktop\project1\backend\venv\Lib\site-packages\starlette\middleware\errors.py", line 162, in __call__
    await self.app(scope, receive, _send)
  File "C:\Users\ASHROCK\Desktop\project1\backend\venv\Lib\site-packages\starlette\middleware\base.py", line 108, in __call__
    response = await self.dispatch_func(request, call_next)
               ^^^^^^^^^^^^^^^^^^^^^^^^^^^^^^^^^^^^^^^^^^^^
  File "C:\Users\ASHROCK\Desktop\project1\backend\app\main.py", line 212, in log_requests
    response = await call_next(request)
               ^^^^^^^^^^^^^^^^^^^^^^^^
  File "C:\Users\ASHROCK\Desktop\project1\backend\venv\Lib\site-packages\starlette\middleware\base.py", line 84, in call_next
    raise app_exc
  File "C:\Users\ASHROCK\Desktop\project1\backend\venv\Lib\site-packages\starlette\middleware\base.py", line 70, in coro
    await self.app(scope, receive_or_disconnect, send_no_error)
  File "C:\Users\ASHROCK\Desktop\project1\backend\venv\Lib\site-packages\starlette\middleware\base.py", line 108, in __call__
    response = await self.dispatch_func(request, call_next)
               ^^^^^^^^^^^^^^^^^^^^^^^^^^^^^^^^^^^^^^^^^^^^
  File "C:\Users\ASHROCK\Desktop\project1\backend\app\main.py", line 197, in add_process_time_header
    response = await call_next(request)
               ^^^^^^^^^^^^^^^^^^^^^^^^
  File "C:\Users\ASHROCK\Desktop\project1\backend\venv\Lib\site-packages\starlette\middleware\base.py", line 84, in call_next
    raise app_exc
  File "C:\Users\ASHROCK\Desktop\project1\backend\venv\Lib\site-packages\starlette\middleware\base.py", line 70, in coro
    await self.app(scope, receive_or_disconnect, send_no_error)
  File "C:\Users\ASHROCK\Desktop\project1\backend\venv\Lib\site-packages\starlette\middleware\cors.py", line 83, in __call__
    await self.app(scope, receive, send)
  File "C:\Users\ASHROCK\Desktop\project1\backend\venv\Lib\site-packages\starlette\middleware\exceptions.py", line 79, in __call__
    raise exc
  File "C:\Users\ASHROCK\Desktop\project1\backend\venv\Lib\site-packages\starlette\middleware\exceptions.py", line 68, in __call__
    await self.app(scope, receive, sender)
  File "C:\Users\ASHROCK\Desktop\project1\backend\venv\Lib\site-packages\fastapi\middleware\asyncexitstack.py", line 20, in __call__
    raise e
  File "C:\Users\ASHROCK\Desktop\project1\backend\venv\Lib\site-packages\fastapi\middleware\asyncexitstack.py", line 17, in __call__
    await self.app(scope, receive, send)
  File "C:\Users\ASHROCK\Desktop\project1\backend\venv\Lib\site-packages\starlette\routing.py", line 718, in __call__
    await route.handle(scope, receive, send)
  File "C:\Users\ASHROCK\Desktop\project1\backend\venv\Lib\site-packages\starlette\routing.py", line 276, in handle
    await self.app(scope, receive, send)
  File "C:\Users\ASHROCK\Desktop\project1\backend\venv\Lib\site-packages\starlette\routing.py", line 66, in app
    response = await func(request)
               ^^^^^^^^^^^^^^^^^^^
  File "C:\Users\ASHROCK\Desktop\project1\backend\venv\Lib\site-packages\fastapi\routing.py", line 274, in app
    raw_response = await run_endpoint_function(
                   ^^^^^^^^^^^^^^^^^^^^^^^^^^^^
  File "C:\Users\ASHROCK\Desktop\project1\backend\venv\Lib\site-packages\fastapi\routing.py", line 193, in run_endpoint_function
    return await run_in_threadpool(dependant.call, **values)
           ^^^^^^^^^^^^^^^^^^^^^^^^^^^^^^^^^^^^^^^^^^^^^^^^^
  File "C:\Users\ASHROCK\Desktop\project1\backend\venv\Lib\site-packages\starlette\concurrency.py", line 41, in run_in_threadpool
    return await anyio.to_thread.run_sync(func, *args)
           ^^^^^^^^^^^^^^^^^^^^^^^^^^^^^^^^^^^^^^^^^^^
  File "C:\Users\ASHROCK\Desktop\project1\backend\venv\Lib\site-packages\anyio\to_thread.py", line 33, in run_sync
    return await get_asynclib().run_sync_in_worker_thread(
           ^^^^^^^^^^^^^^^^^^^^^^^^^^^^^^^^^^^^^^^^^^^^^^^
  File "C:\Users\ASHROCK\Desktop\project1\backend\venv\Lib\site-packages\anyio\_backends\_asyncio.py", line 877, in run_sync_in_worker_thread
    return await future
           ^^^^^^^^^^^^
  File "C:\Users\ASHROCK\Desktop\project1\backend\venv\Lib\site-packages\anyio\_backends\_asyncio.py", line 807, in run
    result = context.run(func, *args)
             ^^^^^^^^^^^^^^^^^^^^^^^^
  File "C:\Users\ASHROCK\Desktop\project1\backend\app\api\v1\auth.py", line 169, in login
    user = user_crud.authenticate(db, form_data.username, form_data.password)
           ^^^^^^^^^^^^^^^^^^^^^^^^^^^^^^^^^^^^^^^^^^^^^^^^^^^^^^^^^^^^^^^^^^
  File "C:\Users\ASHROCK\Desktop\project1\backend\app\api\v1\auth.py", line 117, in authenticate
    user = UserCRUD.get_by_username(db, username)
           ^^^^^^^^^^^^^^^^^^^^^^^^^^^^^^^^^^^^^^
  File "C:\Users\ASHROCK\Desktop\project1\backend\app\api\v1\auth.py", line 108, in get_by_username
    return db.query(User).filter(User.username == username).first()
           ^^^^^^^^^^^^^^^^^^^^^^^^^^^^^^^^^^^^^^^^^^^^^^^^^^^^^^^^
  File "C:\Users\ASHROCK\Desktop\project1\backend\venv\Lib\site-packages\sqlalchemy\orm\query.py", line 2748, in first
    return self.limit(1)._iter().first()  # type: ignore
           ^^^^^^^^^^^^^^^^^^^^^
  File "C:\Users\ASHROCK\Desktop\project1\backend\venv\Lib\site-packages\sqlalchemy\orm\query.py", line 2847, in _iter
    result: Union[ScalarResult[_T], Result[_T]] = self.session.execute(
                                                  ^^^^^^^^^^^^^^^^^^^^^
  File "C:\Users\ASHROCK\Desktop\project1\backend\venv\Lib\site-packages\sqlalchemy\orm\session.py", line 2308, in execute
    return self._execute_internal(
           ^^^^^^^^^^^^^^^^^^^^^^^
  File "C:\Users\ASHROCK\Desktop\project1\backend\venv\Lib\site-packages\sqlalchemy\orm\session.py", line 2190, in _execute_internal
    result: Result[Any] = compile_state_cls.orm_execute_statement(
                          ^^^^^^^^^^^^^^^^^^^^^^^^^^^^^^^^^^^^^^^^
  File "C:\Users\ASHROCK\Desktop\project1\backend\venv\Lib\site-packages\sqlalchemy\orm\context.py", line 293, in orm_execute_statement
    result = conn.execute(
             ^^^^^^^^^^^^^
  File "C:\Users\ASHROCK\Desktop\project1\backend\venv\Lib\site-packages\sqlalchemy\engine\base.py", line 1416, in execute
    return meth(
           ^^^^^
  File "C:\Users\ASHROCK\Desktop\project1\backend\venv\Lib\site-packages\sqlalchemy\sql\elements.py", line 516, in _execute_on_connection
    return connection._execute_clauseelement(
           ^^^^^^^^^^^^^^^^^^^^^^^^^^^^^^^^^^
  File "C:\Users\ASHROCK\Desktop\project1\backend\venv\Lib\site-packages\sqlalchemy\engine\base.py", line 1639, in _execute_clauseelement
    ret = self._execute_context(
          ^^^^^^^^^^^^^^^^^^^^^^
  File "C:\Users\ASHROCK\Desktop\project1\backend\venv\Lib\site-packages\sqlalchemy\engine\base.py", line 1848, in _execute_context
    return self._exec_single_context(
           ^^^^^^^^^^^^^^^^^^^^^^^^^^
  File "C:\Users\ASHROCK\Desktop\project1\backend\venv\Lib\site-packages\sqlalchemy\engine\base.py", line 1988, in _exec_single_context
    self._handle_dbapi_exception(
  File "C:\Users\ASHROCK\Desktop\project1\backend\venv\Lib\site-packages\sqlalchemy\engine\base.py", line 2343, in _handle_dbapi_exception
    raise sqlalchemy_exception.with_traceback(exc_info[2]) from e
  File "C:\Users\ASHROCK\Desktop\project1\backend\venv\Lib\site-packages\sqlalchemy\engine\base.py", line 1969, in _exec_single_context
    self.dialect.do_execute(
  File "C:\Users\ASHROCK\Desktop\project1\backend\venv\Lib\site-packages\sqlalchemy\engine\default.py", line 922, in do_execute
    cursor.execute(statement, parameters)
sqlalchemy.exc.OperationalError: (sqlite3.OperationalError) no such table: users
[SQL: SELECT users.id AS users_id, users.email AS users_email, users.username AS users_username, users.hashed_password AS users_hashed_password, users.full_name AS users_full_name, users.phone AS users_phone, users.role AS users_role, users.is_active AS users_is_active, users.is_verified AS users_is_verified, users.manager_id AS users_manager_id, users.department AS users_department, users.created_at AS users_created_at, users.updated_at AS users_updated_at, users.last_login AS users_last_login 
FROM users 
WHERE users.username = ?
 LIMIT ? OFFSET ?]
[parameters: ('employee', 1, 0)]
(Background on this error at: https://sqlalche.me/e/20/e3q8)
2025-11-25 19:44:32,099 - app.main - INFO - Shutting down Finance Management System Backend
2025-11-25 19:44:33,922 - app.main - INFO - Celery configured successfully
2025-11-25 19:44:33,925 - app.main - INFO - Starting Finance Management System Backend
2025-11-25 19:44:33,927 - app.main - INFO - Database tables created successfully
2025-11-25 19:44:33,927 - app.main - INFO - Directory uploads created/verified
2025-11-25 19:44:33,927 - app.main - INFO - Directory reports created/verified
2025-11-25 19:44:33,927 - app.main - INFO - Directory backups created/verified
2025-11-25 19:44:33,927 - app.main - INFO - Directory logs created/verified
2025-11-25 19:44:33,953 - app.main - INFO - Default admin already exists: admin@expense.com
2025-11-25 19:48:51,103 - app.main - INFO - Request: GET http://localhost:8000/api/v1/dashboard/overview
2025-11-25 19:48:51,131 - app.main - INFO - Request: GET http://localhost:8000/api/v1/dashboard/recent-activity?limit=8
2025-11-25 19:48:51,161 - app.main - WARNING - HTTP Exception: 401 - Not authenticated
2025-11-25 19:48:51,164 - app.main - WARNING - HTTP Exception: 401 - Not authenticated
2025-11-25 19:48:51,202 - app.main - INFO - Response: 401 in 0.0990s
2025-11-25 19:48:51,231 - app.main - INFO - Response: 401 in 0.0992s
2025-11-25 19:48:51,236 - app.main - INFO - Request: GET http://localhost:8000/api/v1/dashboard/overview
2025-11-25 19:48:51,237 - app.main - INFO - Request: GET http://localhost:8000/api/v1/dashboard/recent-activity?limit=8
2025-11-25 19:48:51,238 - app.main - WARNING - HTTP Exception: 401 - Not authenticated
2025-11-25 19:48:51,239 - app.main - WARNING - HTTP Exception: 401 - Not authenticated
2025-11-25 19:48:51,240 - app.main - INFO - Response: 401 in 0.0040s
2025-11-25 19:48:51,242 - app.main - INFO - Response: 401 in 0.0050s
2025-11-25 20:41:27,308 - app.main - INFO - Celery configured successfully
2025-11-25 20:41:27,322 - app.main - INFO - Starting Finance Management System Backend
2025-11-25 20:41:27,345 - app.main - INFO - Database tables created successfully
2025-11-25 20:41:27,345 - app.main - INFO - Directory uploads created/verified
2025-11-25 20:41:27,345 - app.main - INFO - Directory reports created/verified
2025-11-25 20:41:27,345 - app.main - INFO - Directory backups created/verified
2025-11-25 20:41:27,345 - app.main - INFO - Directory logs created/verified
2025-11-25 20:41:27,385 - app.main - INFO - Default admin already exists: admin@expense.com
2025-11-25 20:42:18,864 - app.main - INFO - Request: GET http://localhost:8000/docs
2025-11-25 20:42:18,867 - app.main - INFO - Response: 200 in 0.0026s
2025-11-25 20:42:19,082 - app.main - INFO - Request: GET http://localhost:8000/openapi.json
2025-11-25 20:42:19,259 - app.main - INFO - Response: 200 in 0.1776s
2025-11-25 20:42:55,791 - app.main - INFO - Request: GET http://localhost:8000/docs
2025-11-25 20:42:55,792 - app.main - INFO - Response: 200 in 0.0015s
2025-11-25 21:12:11,227 - app.main - INFO - Request: OPTIONS http://localhost:8000/api/v1/auth/login-json
2025-11-25 21:12:11,227 - app.main - INFO - Response: 200 in 0.0000s
2025-11-25 21:12:11,232 - app.main - INFO - Request: POST http://localhost:8000/api/v1/auth/login-json
2025-11-25 21:12:11,252 - passlib.handlers.bcrypt - WARNING - (trapped) error reading bcrypt version
Traceback (most recent call last):
  File "C:\Users\ASHROCK\Desktop\project1\backend\venv\Lib\site-packages\passlib\handlers\bcrypt.py", line 620, in _load_backend_mixin
    version = _bcrypt.__about__.__version__
              ^^^^^^^^^^^^^^^^^
AttributeError: module 'bcrypt' has no attribute '__about__'
2025-11-25 21:12:11,279 - app.main - ERROR - Unhandled exception: password cannot be longer than 72 bytes, truncate manually if necessary (e.g. my_password[:72])
Traceback (most recent call last):
  File "C:\Users\ASHROCK\Desktop\project1\backend\venv\Lib\site-packages\anyio\streams\memory.py", line 98, in receive
    return self.receive_nowait()
           ^^^^^^^^^^^^^^^^^^^^^
  File "C:\Users\ASHROCK\Desktop\project1\backend\venv\Lib\site-packages\anyio\streams\memory.py", line 93, in receive_nowait
    raise WouldBlock
anyio.WouldBlock

During handling of the above exception, another exception occurred:

Traceback (most recent call last):
  File "C:\Users\ASHROCK\Desktop\project1\backend\venv\Lib\site-packages\starlette\middleware\base.py", line 78, in call_next
    message = await recv_stream.receive()
              ^^^^^^^^^^^^^^^^^^^^^^^^^^^
  File "C:\Users\ASHROCK\Desktop\project1\backend\venv\Lib\site-packages\anyio\streams\memory.py", line 118, in receive
    raise EndOfStream
anyio.EndOfStream

During handling of the above exception, another exception occurred:

Traceback (most recent call last):
  File "C:\Users\ASHROCK\Desktop\project1\backend\venv\Lib\site-packages\starlette\middleware\errors.py", line 162, in __call__
    await self.app(scope, receive, _send)
  File "C:\Users\ASHROCK\Desktop\project1\backend\venv\Lib\site-packages\starlette\middleware\base.py", line 108, in __call__
    response = await self.dispatch_func(request, call_next)
               ^^^^^^^^^^^^^^^^^^^^^^^^^^^^^^^^^^^^^^^^^^^^
  File "C:\Users\ASHROCK\Desktop\project1\backend\app\main.py", line 212, in log_requests
    response = await call_next(request)
               ^^^^^^^^^^^^^^^^^^^^^^^^
  File "C:\Users\ASHROCK\Desktop\project1\backend\venv\Lib\site-packages\starlette\middleware\base.py", line 84, in call_next
    raise app_exc
  File "C:\Users\ASHROCK\Desktop\project1\backend\venv\Lib\site-packages\starlette\middleware\base.py", line 70, in coro
    await self.app(scope, receive_or_disconnect, send_no_error)
  File "C:\Users\ASHROCK\Desktop\project1\backend\venv\Lib\site-packages\starlette\middleware\base.py", line 108, in __call__
    response = await self.dispatch_func(request, call_next)
               ^^^^^^^^^^^^^^^^^^^^^^^^^^^^^^^^^^^^^^^^^^^^
  File "C:\Users\ASHROCK\Desktop\project1\backend\app\main.py", line 197, in add_process_time_header
    response = await call_next(request)
               ^^^^^^^^^^^^^^^^^^^^^^^^
  File "C:\Users\ASHROCK\Desktop\project1\backend\venv\Lib\site-packages\starlette\middleware\base.py", line 84, in call_next
    raise app_exc
  File "C:\Users\ASHROCK\Desktop\project1\backend\venv\Lib\site-packages\starlette\middleware\base.py", line 70, in coro
    await self.app(scope, receive_or_disconnect, send_no_error)
  File "C:\Users\ASHROCK\Desktop\project1\backend\venv\Lib\site-packages\starlette\middleware\cors.py", line 91, in __call__
    await self.simple_response(scope, receive, send, request_headers=headers)
  File "C:\Users\ASHROCK\Desktop\project1\backend\venv\Lib\site-packages\starlette\middleware\cors.py", line 146, in simple_response
    await self.app(scope, receive, send)
  File "C:\Users\ASHROCK\Desktop\project1\backend\venv\Lib\site-packages\starlette\middleware\exceptions.py", line 79, in __call__
    raise exc
  File "C:\Users\ASHROCK\Desktop\project1\backend\venv\Lib\site-packages\starlette\middleware\exceptions.py", line 68, in __call__
    await self.app(scope, receive, sender)
  File "C:\Users\ASHROCK\Desktop\project1\backend\venv\Lib\site-packages\fastapi\middleware\asyncexitstack.py", line 20, in __call__
    raise e
  File "C:\Users\ASHROCK\Desktop\project1\backend\venv\Lib\site-packages\fastapi\middleware\asyncexitstack.py", line 17, in __call__
    await self.app(scope, receive, send)
  File "C:\Users\ASHROCK\Desktop\project1\backend\venv\Lib\site-packages\starlette\routing.py", line 718, in __call__
    await route.handle(scope, receive, send)
  File "C:\Users\ASHROCK\Desktop\project1\backend\venv\Lib\site-packages\starlette\routing.py", line 276, in handle
    await self.app(scope, receive, send)
  File "C:\Users\ASHROCK\Desktop\project1\backend\venv\Lib\site-packages\starlette\routing.py", line 66, in app
    response = await func(request)
               ^^^^^^^^^^^^^^^^^^^
  File "C:\Users\ASHROCK\Desktop\project1\backend\venv\Lib\site-packages\fastapi\routing.py", line 274, in app
    raw_response = await run_endpoint_function(
                   ^^^^^^^^^^^^^^^^^^^^^^^^^^^^
  File "C:\Users\ASHROCK\Desktop\project1\backend\venv\Lib\site-packages\fastapi\routing.py", line 193, in run_endpoint_function
    return await run_in_threadpool(dependant.call, **values)
           ^^^^^^^^^^^^^^^^^^^^^^^^^^^^^^^^^^^^^^^^^^^^^^^^^
  File "C:\Users\ASHROCK\Desktop\project1\backend\venv\Lib\site-packages\starlette\concurrency.py", line 41, in run_in_threadpool
    return await anyio.to_thread.run_sync(func, *args)
           ^^^^^^^^^^^^^^^^^^^^^^^^^^^^^^^^^^^^^^^^^^^
  File "C:\Users\ASHROCK\Desktop\project1\backend\venv\Lib\site-packages\anyio\to_thread.py", line 33, in run_sync
    return await get_asynclib().run_sync_in_worker_thread(
           ^^^^^^^^^^^^^^^^^^^^^^^^^^^^^^^^^^^^^^^^^^^^^^^
  File "C:\Users\ASHROCK\Desktop\project1\backend\venv\Lib\site-packages\anyio\_backends\_asyncio.py", line 877, in run_sync_in_worker_thread
    return await future
           ^^^^^^^^^^^^
  File "C:\Users\ASHROCK\Desktop\project1\backend\venv\Lib\site-packages\anyio\_backends\_asyncio.py", line 807, in run
    result = context.run(func, *args)
             ^^^^^^^^^^^^^^^^^^^^^^^^
  File "C:\Users\ASHROCK\Desktop\project1\backend\app\api\v1\auth.py", line 196, in login_json
    user = user_crud.authenticate(db, user_data.username, user_data.password)
           ^^^^^^^^^^^^^^^^^^^^^^^^^^^^^^^^^^^^^^^^^^^^^^^^^^^^^^^^^^^^^^^^^^
  File "C:\Users\ASHROCK\Desktop\project1\backend\app\api\v1\auth.py", line 120, in authenticate
    if not user or not verify_password(password, user.hashed_password):
                       ^^^^^^^^^^^^^^^^^^^^^^^^^^^^^^^^^^^^^^^^^^^^^^^
  File "C:\Users\ASHROCK\Desktop\project1\backend\app\core\security.py", line 32, in verify_password
    return pwd_context.verify(_safe_password(plain_password), hashed_password)
           ^^^^^^^^^^^^^^^^^^^^^^^^^^^^^^^^^^^^^^^^^^^^^^^^^^^^^^^^^^^^^^^^^^^
  File "C:\Users\ASHROCK\Desktop\project1\backend\venv\Lib\site-packages\passlib\context.py", line 2347, in verify
    return record.verify(secret, hash, **kwds)
           ^^^^^^^^^^^^^^^^^^^^^^^^^^^^^^^^^^^
  File "C:\Users\ASHROCK\Desktop\project1\backend\venv\Lib\site-packages\passlib\utils\handlers.py", line 792, in verify
    return consteq(self._calc_checksum(secret), chk)
                   ^^^^^^^^^^^^^^^^^^^^^^^^^^^
  File "C:\Users\ASHROCK\Desktop\project1\backend\venv\Lib\site-packages\passlib\handlers\bcrypt.py", line 591, in _calc_checksum
    self._stub_requires_backend()
  File "C:\Users\ASHROCK\Desktop\project1\backend\venv\Lib\site-packages\passlib\utils\handlers.py", line 2254, in _stub_requires_backend
    cls.set_backend()
  File "C:\Users\ASHROCK\Desktop\project1\backend\venv\Lib\site-packages\passlib\utils\handlers.py", line 2156, in set_backend
    return owner.set_backend(name, dryrun=dryrun)
           ^^^^^^^^^^^^^^^^^^^^^^^^^^^^^^^^^^^^^^
  File "C:\Users\ASHROCK\Desktop\project1\backend\venv\Lib\site-packages\passlib\utils\handlers.py", line 2163, in set_backend
    return cls.set_backend(name, dryrun=dryrun)
           ^^^^^^^^^^^^^^^^^^^^^^^^^^^^^^^^^^^^
  File "C:\Users\ASHROCK\Desktop\project1\backend\venv\Lib\site-packages\passlib\utils\handlers.py", line 2188, in set_backend
    cls._set_backend(name, dryrun)
  File "C:\Users\ASHROCK\Desktop\project1\backend\venv\Lib\site-packages\passlib\utils\handlers.py", line 2311, in _set_backend
    super(SubclassBackendMixin, cls)._set_backend(name, dryrun)
  File "C:\Users\ASHROCK\Desktop\project1\backend\venv\Lib\site-packages\passlib\utils\handlers.py", line 2224, in _set_backend
    ok = loader(**kwds)
         ^^^^^^^^^^^^^^
  File "C:\Users\ASHROCK\Desktop\project1\backend\venv\Lib\site-packages\passlib\handlers\bcrypt.py", line 626, in _load_backend_mixin
    return mixin_cls._finalize_backend_mixin(name, dryrun)
           ^^^^^^^^^^^^^^^^^^^^^^^^^^^^^^^^^^^^^^^^^^^^^^^
  File "C:\Users\ASHROCK\Desktop\project1\backend\venv\Lib\site-packages\passlib\handlers\bcrypt.py", line 421, in _finalize_backend_mixin
    if detect_wrap_bug(IDENT_2A):
       ^^^^^^^^^^^^^^^^^^^^^^^^^
  File "C:\Users\ASHROCK\Desktop\project1\backend\venv\Lib\site-packages\passlib\handlers\bcrypt.py", line 380, in detect_wrap_bug
    if verify(secret, bug_hash):
       ^^^^^^^^^^^^^^^^^^^^^^^^
  File "C:\Users\ASHROCK\Desktop\project1\backend\venv\Lib\site-packages\passlib\utils\handlers.py", line 792, in verify
    return consteq(self._calc_checksum(secret), chk)
                   ^^^^^^^^^^^^^^^^^^^^^^^^^^^
  File "C:\Users\ASHROCK\Desktop\project1\backend\venv\Lib\site-packages\passlib\handlers\bcrypt.py", line 655, in _calc_checksum
    hash = _bcrypt.hashpw(secret, config)
           ^^^^^^^^^^^^^^^^^^^^^^^^^^^^^^
ValueError: password cannot be longer than 72 bytes, truncate manually if necessary (e.g. my_password[:72])
2025-11-25 21:12:12,787 - app.main - INFO - Request: GET http://localhost:8000/api/v1/dashboard/overview
2025-11-25 21:12:12,789 - app.main - WARNING - HTTP Exception: 401 - Not authenticated
2025-11-25 21:12:12,789 - app.main - INFO - Request: GET http://localhost:8000/api/v1/dashboard/recent-activity?limit=8
2025-11-25 21:12:12,791 - app.main - WARNING - HTTP Exception: 401 - Not authenticated
2025-11-25 21:12:12,797 - app.main - INFO - Response: 401 in 0.0104s
2025-11-25 21:12:12,797 - app.main - INFO - Response: 401 in 0.0080s
2025-11-25 21:12:12,805 - app.main - INFO - Request: GET http://localhost:8000/api/v1/dashboard/overview
2025-11-25 21:12:12,806 - app.main - WARNING - HTTP Exception: 401 - Not authenticated
2025-11-25 21:12:12,806 - app.main - INFO - Request: GET http://localhost:8000/api/v1/dashboard/recent-activity?limit=8
2025-11-25 21:12:12,806 - app.main - WARNING - HTTP Exception: 401 - Not authenticated
2025-11-25 21:12:12,811 - app.main - INFO - Response: 401 in 0.0064s
2025-11-25 21:12:12,814 - app.main - INFO - Response: 401 in 0.0071s
2025-11-25 21:12:44,508 - app.main - INFO - Request: POST http://localhost:8000/api/v1/auth/login-json
2025-11-25 21:12:44,516 - passlib.handlers.bcrypt - WARNING - (trapped) error reading bcrypt version
Traceback (most recent call last):
  File "C:\Users\ASHROCK\Desktop\project1\backend\venv\Lib\site-packages\passlib\handlers\bcrypt.py", line 620, in _load_backend_mixin
    version = _bcrypt.__about__.__version__
              ^^^^^^^^^^^^^^^^^
AttributeError: module 'bcrypt' has no attribute '__about__'
2025-11-25 21:12:44,547 - app.main - ERROR - Unhandled exception: password cannot be longer than 72 bytes, truncate manually if necessary (e.g. my_password[:72])
Traceback (most recent call last):
  File "C:\Users\ASHROCK\Desktop\project1\backend\venv\Lib\site-packages\anyio\streams\memory.py", line 98, in receive
    return self.receive_nowait()
           ^^^^^^^^^^^^^^^^^^^^^
  File "C:\Users\ASHROCK\Desktop\project1\backend\venv\Lib\site-packages\anyio\streams\memory.py", line 93, in receive_nowait
    raise WouldBlock
anyio.WouldBlock

During handling of the above exception, another exception occurred:

Traceback (most recent call last):
  File "C:\Users\ASHROCK\Desktop\project1\backend\venv\Lib\site-packages\starlette\middleware\base.py", line 78, in call_next
    message = await recv_stream.receive()
              ^^^^^^^^^^^^^^^^^^^^^^^^^^^
  File "C:\Users\ASHROCK\Desktop\project1\backend\venv\Lib\site-packages\anyio\streams\memory.py", line 118, in receive
    raise EndOfStream
anyio.EndOfStream

During handling of the above exception, another exception occurred:

Traceback (most recent call last):
  File "C:\Users\ASHROCK\Desktop\project1\backend\venv\Lib\site-packages\starlette\middleware\errors.py", line 162, in __call__
    await self.app(scope, receive, _send)
  File "C:\Users\ASHROCK\Desktop\project1\backend\venv\Lib\site-packages\starlette\middleware\base.py", line 108, in __call__
    response = await self.dispatch_func(request, call_next)
               ^^^^^^^^^^^^^^^^^^^^^^^^^^^^^^^^^^^^^^^^^^^^
  File "C:\Users\ASHROCK\Desktop\project1\backend\app\main.py", line 212, in log_requests
    response = await call_next(request)
               ^^^^^^^^^^^^^^^^^^^^^^^^
  File "C:\Users\ASHROCK\Desktop\project1\backend\venv\Lib\site-packages\starlette\middleware\base.py", line 84, in call_next
    raise app_exc
  File "C:\Users\ASHROCK\Desktop\project1\backend\venv\Lib\site-packages\starlette\middleware\base.py", line 70, in coro
    await self.app(scope, receive_or_disconnect, send_no_error)
  File "C:\Users\ASHROCK\Desktop\project1\backend\venv\Lib\site-packages\starlette\middleware\base.py", line 108, in __call__
    response = await self.dispatch_func(request, call_next)
               ^^^^^^^^^^^^^^^^^^^^^^^^^^^^^^^^^^^^^^^^^^^^
  File "C:\Users\ASHROCK\Desktop\project1\backend\app\main.py", line 197, in add_process_time_header
    response = await call_next(request)
               ^^^^^^^^^^^^^^^^^^^^^^^^
  File "C:\Users\ASHROCK\Desktop\project1\backend\venv\Lib\site-packages\starlette\middleware\base.py", line 84, in call_next
    raise app_exc
  File "C:\Users\ASHROCK\Desktop\project1\backend\venv\Lib\site-packages\starlette\middleware\base.py", line 70, in coro
    await self.app(scope, receive_or_disconnect, send_no_error)
  File "C:\Users\ASHROCK\Desktop\project1\backend\venv\Lib\site-packages\starlette\middleware\cors.py", line 91, in __call__
    await self.simple_response(scope, receive, send, request_headers=headers)
  File "C:\Users\ASHROCK\Desktop\project1\backend\venv\Lib\site-packages\starlette\middleware\cors.py", line 146, in simple_response
    await self.app(scope, receive, send)
  File "C:\Users\ASHROCK\Desktop\project1\backend\venv\Lib\site-packages\starlette\middleware\exceptions.py", line 79, in __call__
    raise exc
  File "C:\Users\ASHROCK\Desktop\project1\backend\venv\Lib\site-packages\starlette\middleware\exceptions.py", line 68, in __call__
    await self.app(scope, receive, sender)
  File "C:\Users\ASHROCK\Desktop\project1\backend\venv\Lib\site-packages\fastapi\middleware\asyncexitstack.py", line 20, in __call__
    raise e
  File "C:\Users\ASHROCK\Desktop\project1\backend\venv\Lib\site-packages\fastapi\middleware\asyncexitstack.py", line 17, in __call__
    await self.app(scope, receive, send)
  File "C:\Users\ASHROCK\Desktop\project1\backend\venv\Lib\site-packages\starlette\routing.py", line 718, in __call__
    await route.handle(scope, receive, send)
  File "C:\Users\ASHROCK\Desktop\project1\backend\venv\Lib\site-packages\starlette\routing.py", line 276, in handle
    await self.app(scope, receive, send)
  File "C:\Users\ASHROCK\Desktop\project1\backend\venv\Lib\site-packages\starlette\routing.py", line 66, in app
    response = await func(request)
               ^^^^^^^^^^^^^^^^^^^
  File "C:\Users\ASHROCK\Desktop\project1\backend\venv\Lib\site-packages\fastapi\routing.py", line 274, in app
    raw_response = await run_endpoint_function(
                   ^^^^^^^^^^^^^^^^^^^^^^^^^^^^
  File "C:\Users\ASHROCK\Desktop\project1\backend\venv\Lib\site-packages\fastapi\routing.py", line 193, in run_endpoint_function
    return await run_in_threadpool(dependant.call, **values)
           ^^^^^^^^^^^^^^^^^^^^^^^^^^^^^^^^^^^^^^^^^^^^^^^^^
  File "C:\Users\ASHROCK\Desktop\project1\backend\venv\Lib\site-packages\starlette\concurrency.py", line 41, in run_in_threadpool
    return await anyio.to_thread.run_sync(func, *args)
           ^^^^^^^^^^^^^^^^^^^^^^^^^^^^^^^^^^^^^^^^^^^
  File "C:\Users\ASHROCK\Desktop\project1\backend\venv\Lib\site-packages\anyio\to_thread.py", line 33, in run_sync
    return await get_asynclib().run_sync_in_worker_thread(
           ^^^^^^^^^^^^^^^^^^^^^^^^^^^^^^^^^^^^^^^^^^^^^^^
  File "C:\Users\ASHROCK\Desktop\project1\backend\venv\Lib\site-packages\anyio\_backends\_asyncio.py", line 877, in run_sync_in_worker_thread
    return await future
           ^^^^^^^^^^^^
  File "C:\Users\ASHROCK\Desktop\project1\backend\venv\Lib\site-packages\anyio\_backends\_asyncio.py", line 807, in run
    result = context.run(func, *args)
             ^^^^^^^^^^^^^^^^^^^^^^^^
  File "C:\Users\ASHROCK\Desktop\project1\backend\app\api\v1\auth.py", line 196, in login_json
    user = user_crud.authenticate(db, user_data.username, user_data.password)
           ^^^^^^^^^^^^^^^^^^^^^^^^^^^^^^^^^^^^^^^^^^^^^^^^^^^^^^^^^^^^^^^^^^
  File "C:\Users\ASHROCK\Desktop\project1\backend\app\api\v1\auth.py", line 120, in authenticate
    if not user or not verify_password(password, user.hashed_password):
                       ^^^^^^^^^^^^^^^^^^^^^^^^^^^^^^^^^^^^^^^^^^^^^^^
  File "C:\Users\ASHROCK\Desktop\project1\backend\app\core\security.py", line 32, in verify_password
    return pwd_context.verify(_safe_password(plain_password), hashed_password)
           ^^^^^^^^^^^^^^^^^^^^^^^^^^^^^^^^^^^^^^^^^^^^^^^^^^^^^^^^^^^^^^^^^^^
  File "C:\Users\ASHROCK\Desktop\project1\backend\venv\Lib\site-packages\passlib\context.py", line 2347, in verify
    return record.verify(secret, hash, **kwds)
           ^^^^^^^^^^^^^^^^^^^^^^^^^^^^^^^^^^^
  File "C:\Users\ASHROCK\Desktop\project1\backend\venv\Lib\site-packages\passlib\utils\handlers.py", line 792, in verify
    return consteq(self._calc_checksum(secret), chk)
                   ^^^^^^^^^^^^^^^^^^^^^^^^^^^
  File "C:\Users\ASHROCK\Desktop\project1\backend\venv\Lib\site-packages\passlib\handlers\bcrypt.py", line 591, in _calc_checksum
    self._stub_requires_backend()
  File "C:\Users\ASHROCK\Desktop\project1\backend\venv\Lib\site-packages\passlib\utils\handlers.py", line 2254, in _stub_requires_backend
    cls.set_backend()
  File "C:\Users\ASHROCK\Desktop\project1\backend\venv\Lib\site-packages\passlib\utils\handlers.py", line 2156, in set_backend
    return owner.set_backend(name, dryrun=dryrun)
           ^^^^^^^^^^^^^^^^^^^^^^^^^^^^^^^^^^^^^^
  File "C:\Users\ASHROCK\Desktop\project1\backend\venv\Lib\site-packages\passlib\utils\handlers.py", line 2163, in set_backend
    return cls.set_backend(name, dryrun=dryrun)
           ^^^^^^^^^^^^^^^^^^^^^^^^^^^^^^^^^^^^
  File "C:\Users\ASHROCK\Desktop\project1\backend\venv\Lib\site-packages\passlib\utils\handlers.py", line 2188, in set_backend
    cls._set_backend(name, dryrun)
  File "C:\Users\ASHROCK\Desktop\project1\backend\venv\Lib\site-packages\passlib\utils\handlers.py", line 2311, in _set_backend
    super(SubclassBackendMixin, cls)._set_backend(name, dryrun)
  File "C:\Users\ASHROCK\Desktop\project1\backend\venv\Lib\site-packages\passlib\utils\handlers.py", line 2224, in _set_backend
    ok = loader(**kwds)
         ^^^^^^^^^^^^^^
  File "C:\Users\ASHROCK\Desktop\project1\backend\venv\Lib\site-packages\passlib\handlers\bcrypt.py", line 626, in _load_backend_mixin
    return mixin_cls._finalize_backend_mixin(name, dryrun)
           ^^^^^^^^^^^^^^^^^^^^^^^^^^^^^^^^^^^^^^^^^^^^^^^
  File "C:\Users\ASHROCK\Desktop\project1\backend\venv\Lib\site-packages\passlib\handlers\bcrypt.py", line 421, in _finalize_backend_mixin
    if detect_wrap_bug(IDENT_2A):
       ^^^^^^^^^^^^^^^^^^^^^^^^^
  File "C:\Users\ASHROCK\Desktop\project1\backend\venv\Lib\site-packages\passlib\handlers\bcrypt.py", line 380, in detect_wrap_bug
    if verify(secret, bug_hash):
       ^^^^^^^^^^^^^^^^^^^^^^^^
  File "C:\Users\ASHROCK\Desktop\project1\backend\venv\Lib\site-packages\passlib\utils\handlers.py", line 792, in verify
    return consteq(self._calc_checksum(secret), chk)
                   ^^^^^^^^^^^^^^^^^^^^^^^^^^^
  File "C:\Users\ASHROCK\Desktop\project1\backend\venv\Lib\site-packages\passlib\handlers\bcrypt.py", line 655, in _calc_checksum
    hash = _bcrypt.hashpw(secret, config)
           ^^^^^^^^^^^^^^^^^^^^^^^^^^^^^^
ValueError: password cannot be longer than 72 bytes, truncate manually if necessary (e.g. my_password[:72])
2025-11-25 21:12:45,042 - app.main - INFO - Request: GET http://localhost:8000/api/v1/dashboard/overview
2025-11-25 21:12:45,045 - app.main - INFO - Request: GET http://localhost:8000/api/v1/dashboard/recent-activity?limit=8
2025-11-25 21:12:45,045 - app.main - WARNING - HTTP Exception: 401 - Not authenticated
2025-11-25 21:12:45,045 - app.main - WARNING - HTTP Exception: 401 - Not authenticated
2025-11-25 21:12:45,045 - app.main - INFO - Response: 401 in 0.0032s
2025-11-25 21:12:45,053 - app.main - INFO - Response: 401 in 0.0085s
2025-11-25 21:12:45,060 - app.main - INFO - Request: GET http://localhost:8000/api/v1/dashboard/overview
2025-11-25 21:12:45,060 - app.main - INFO - Request: GET http://localhost:8000/api/v1/dashboard/recent-activity?limit=8
2025-11-25 21:12:45,060 - app.main - WARNING - HTTP Exception: 401 - Not authenticated
2025-11-25 21:12:45,065 - app.main - WARNING - HTTP Exception: 401 - Not authenticated
2025-11-25 21:12:45,067 - app.main - INFO - Response: 401 in 0.0075s
2025-11-25 21:12:45,071 - app.main - INFO - Response: 401 in 0.0117s
2025-11-25 21:19:04,143 - app.main - INFO - Request: POST http://localhost:8000/api/v1/auth/login-json
2025-11-25 21:19:04,145 - passlib.handlers.bcrypt - WARNING - (trapped) error reading bcrypt version
Traceback (most recent call last):
  File "C:\Users\ASHROCK\Desktop\project1\backend\venv\Lib\site-packages\passlib\handlers\bcrypt.py", line 620, in _load_backend_mixin
    version = _bcrypt.__about__.__version__
              ^^^^^^^^^^^^^^^^^
AttributeError: module 'bcrypt' has no attribute '__about__'
2025-11-25 21:19:04,178 - app.main - ERROR - Unhandled exception: password cannot be longer than 72 bytes, truncate manually if necessary (e.g. my_password[:72])
Traceback (most recent call last):
  File "C:\Users\ASHROCK\Desktop\project1\backend\venv\Lib\site-packages\anyio\streams\memory.py", line 98, in receive
    return self.receive_nowait()
           ^^^^^^^^^^^^^^^^^^^^^
  File "C:\Users\ASHROCK\Desktop\project1\backend\venv\Lib\site-packages\anyio\streams\memory.py", line 93, in receive_nowait
    raise WouldBlock
anyio.WouldBlock

During handling of the above exception, another exception occurred:

Traceback (most recent call last):
  File "C:\Users\ASHROCK\Desktop\project1\backend\venv\Lib\site-packages\starlette\middleware\base.py", line 78, in call_next
    message = await recv_stream.receive()
              ^^^^^^^^^^^^^^^^^^^^^^^^^^^
  File "C:\Users\ASHROCK\Desktop\project1\backend\venv\Lib\site-packages\anyio\streams\memory.py", line 118, in receive
    raise EndOfStream
anyio.EndOfStream

During handling of the above exception, another exception occurred:

Traceback (most recent call last):
  File "C:\Users\ASHROCK\Desktop\project1\backend\venv\Lib\site-packages\starlette\middleware\errors.py", line 162, in __call__
    await self.app(scope, receive, _send)
  File "C:\Users\ASHROCK\Desktop\project1\backend\venv\Lib\site-packages\starlette\middleware\base.py", line 108, in __call__
    response = await self.dispatch_func(request, call_next)
               ^^^^^^^^^^^^^^^^^^^^^^^^^^^^^^^^^^^^^^^^^^^^
  File "C:\Users\ASHROCK\Desktop\project1\backend\app\main.py", line 212, in log_requests
    response = await call_next(request)
               ^^^^^^^^^^^^^^^^^^^^^^^^
  File "C:\Users\ASHROCK\Desktop\project1\backend\venv\Lib\site-packages\starlette\middleware\base.py", line 84, in call_next
    raise app_exc
  File "C:\Users\ASHROCK\Desktop\project1\backend\venv\Lib\site-packages\starlette\middleware\base.py", line 70, in coro
    await self.app(scope, receive_or_disconnect, send_no_error)
  File "C:\Users\ASHROCK\Desktop\project1\backend\venv\Lib\site-packages\starlette\middleware\base.py", line 108, in __call__
    response = await self.dispatch_func(request, call_next)
               ^^^^^^^^^^^^^^^^^^^^^^^^^^^^^^^^^^^^^^^^^^^^
  File "C:\Users\ASHROCK\Desktop\project1\backend\app\main.py", line 197, in add_process_time_header
    response = await call_next(request)
               ^^^^^^^^^^^^^^^^^^^^^^^^
  File "C:\Users\ASHROCK\Desktop\project1\backend\venv\Lib\site-packages\starlette\middleware\base.py", line 84, in call_next
    raise app_exc
  File "C:\Users\ASHROCK\Desktop\project1\backend\venv\Lib\site-packages\starlette\middleware\base.py", line 70, in coro
    await self.app(scope, receive_or_disconnect, send_no_error)
  File "C:\Users\ASHROCK\Desktop\project1\backend\venv\Lib\site-packages\starlette\middleware\cors.py", line 91, in __call__
    await self.simple_response(scope, receive, send, request_headers=headers)
  File "C:\Users\ASHROCK\Desktop\project1\backend\venv\Lib\site-packages\starlette\middleware\cors.py", line 146, in simple_response
    await self.app(scope, receive, send)
  File "C:\Users\ASHROCK\Desktop\project1\backend\venv\Lib\site-packages\starlette\middleware\exceptions.py", line 79, in __call__
    raise exc
  File "C:\Users\ASHROCK\Desktop\project1\backend\venv\Lib\site-packages\starlette\middleware\exceptions.py", line 68, in __call__
    await self.app(scope, receive, sender)
  File "C:\Users\ASHROCK\Desktop\project1\backend\venv\Lib\site-packages\fastapi\middleware\asyncexitstack.py", line 20, in __call__
    raise e
  File "C:\Users\ASHROCK\Desktop\project1\backend\venv\Lib\site-packages\fastapi\middleware\asyncexitstack.py", line 17, in __call__
    await self.app(scope, receive, send)
  File "C:\Users\ASHROCK\Desktop\project1\backend\venv\Lib\site-packages\starlette\routing.py", line 718, in __call__
    await route.handle(scope, receive, send)
  File "C:\Users\ASHROCK\Desktop\project1\backend\venv\Lib\site-packages\starlette\routing.py", line 276, in handle
    await self.app(scope, receive, send)
  File "C:\Users\ASHROCK\Desktop\project1\backend\venv\Lib\site-packages\starlette\routing.py", line 66, in app
    response = await func(request)
               ^^^^^^^^^^^^^^^^^^^
  File "C:\Users\ASHROCK\Desktop\project1\backend\venv\Lib\site-packages\fastapi\routing.py", line 274, in app
    raw_response = await run_endpoint_function(
                   ^^^^^^^^^^^^^^^^^^^^^^^^^^^^
  File "C:\Users\ASHROCK\Desktop\project1\backend\venv\Lib\site-packages\fastapi\routing.py", line 193, in run_endpoint_function
    return await run_in_threadpool(dependant.call, **values)
           ^^^^^^^^^^^^^^^^^^^^^^^^^^^^^^^^^^^^^^^^^^^^^^^^^
  File "C:\Users\ASHROCK\Desktop\project1\backend\venv\Lib\site-packages\starlette\concurrency.py", line 41, in run_in_threadpool
    return await anyio.to_thread.run_sync(func, *args)
           ^^^^^^^^^^^^^^^^^^^^^^^^^^^^^^^^^^^^^^^^^^^
  File "C:\Users\ASHROCK\Desktop\project1\backend\venv\Lib\site-packages\anyio\to_thread.py", line 33, in run_sync
    return await get_asynclib().run_sync_in_worker_thread(
           ^^^^^^^^^^^^^^^^^^^^^^^^^^^^^^^^^^^^^^^^^^^^^^^
  File "C:\Users\ASHROCK\Desktop\project1\backend\venv\Lib\site-packages\anyio\_backends\_asyncio.py", line 877, in run_sync_in_worker_thread
    return await future
           ^^^^^^^^^^^^
  File "C:\Users\ASHROCK\Desktop\project1\backend\venv\Lib\site-packages\anyio\_backends\_asyncio.py", line 807, in run
    result = context.run(func, *args)
             ^^^^^^^^^^^^^^^^^^^^^^^^
  File "C:\Users\ASHROCK\Desktop\project1\backend\app\api\v1\auth.py", line 196, in login_json
    user = user_crud.authenticate(db, user_data.username, user_data.password)
           ^^^^^^^^^^^^^^^^^^^^^^^^^^^^^^^^^^^^^^^^^^^^^^^^^^^^^^^^^^^^^^^^^^
  File "C:\Users\ASHROCK\Desktop\project1\backend\app\api\v1\auth.py", line 120, in authenticate
    if not user or not verify_password(password, user.hashed_password):
                       ^^^^^^^^^^^^^^^^^^^^^^^^^^^^^^^^^^^^^^^^^^^^^^^
  File "C:\Users\ASHROCK\Desktop\project1\backend\app\core\security.py", line 32, in verify_password
    return pwd_context.verify(_safe_password(plain_password), hashed_password)
           ^^^^^^^^^^^^^^^^^^^^^^^^^^^^^^^^^^^^^^^^^^^^^^^^^^^^^^^^^^^^^^^^^^^
  File "C:\Users\ASHROCK\Desktop\project1\backend\venv\Lib\site-packages\passlib\context.py", line 2347, in verify
    return record.verify(secret, hash, **kwds)
           ^^^^^^^^^^^^^^^^^^^^^^^^^^^^^^^^^^^
  File "C:\Users\ASHROCK\Desktop\project1\backend\venv\Lib\site-packages\passlib\utils\handlers.py", line 792, in verify
    return consteq(self._calc_checksum(secret), chk)
                   ^^^^^^^^^^^^^^^^^^^^^^^^^^^
  File "C:\Users\ASHROCK\Desktop\project1\backend\venv\Lib\site-packages\passlib\handlers\bcrypt.py", line 591, in _calc_checksum
    self._stub_requires_backend()
  File "C:\Users\ASHROCK\Desktop\project1\backend\venv\Lib\site-packages\passlib\utils\handlers.py", line 2254, in _stub_requires_backend
    cls.set_backend()
  File "C:\Users\ASHROCK\Desktop\project1\backend\venv\Lib\site-packages\passlib\utils\handlers.py", line 2156, in set_backend
    return owner.set_backend(name, dryrun=dryrun)
           ^^^^^^^^^^^^^^^^^^^^^^^^^^^^^^^^^^^^^^
  File "C:\Users\ASHROCK\Desktop\project1\backend\venv\Lib\site-packages\passlib\utils\handlers.py", line 2163, in set_backend
    return cls.set_backend(name, dryrun=dryrun)
           ^^^^^^^^^^^^^^^^^^^^^^^^^^^^^^^^^^^^
  File "C:\Users\ASHROCK\Desktop\project1\backend\venv\Lib\site-packages\passlib\utils\handlers.py", line 2188, in set_backend
    cls._set_backend(name, dryrun)
  File "C:\Users\ASHROCK\Desktop\project1\backend\venv\Lib\site-packages\passlib\utils\handlers.py", line 2311, in _set_backend
    super(SubclassBackendMixin, cls)._set_backend(name, dryrun)
  File "C:\Users\ASHROCK\Desktop\project1\backend\venv\Lib\site-packages\passlib\utils\handlers.py", line 2224, in _set_backend
    ok = loader(**kwds)
         ^^^^^^^^^^^^^^
  File "C:\Users\ASHROCK\Desktop\project1\backend\venv\Lib\site-packages\passlib\handlers\bcrypt.py", line 626, in _load_backend_mixin
    return mixin_cls._finalize_backend_mixin(name, dryrun)
           ^^^^^^^^^^^^^^^^^^^^^^^^^^^^^^^^^^^^^^^^^^^^^^^
  File "C:\Users\ASHROCK\Desktop\project1\backend\venv\Lib\site-packages\passlib\handlers\bcrypt.py", line 421, in _finalize_backend_mixin
    if detect_wrap_bug(IDENT_2A):
       ^^^^^^^^^^^^^^^^^^^^^^^^^
  File "C:\Users\ASHROCK\Desktop\project1\backend\venv\Lib\site-packages\passlib\handlers\bcrypt.py", line 380, in detect_wrap_bug
    if verify(secret, bug_hash):
       ^^^^^^^^^^^^^^^^^^^^^^^^
  File "C:\Users\ASHROCK\Desktop\project1\backend\venv\Lib\site-packages\passlib\utils\handlers.py", line 792, in verify
    return consteq(self._calc_checksum(secret), chk)
                   ^^^^^^^^^^^^^^^^^^^^^^^^^^^
  File "C:\Users\ASHROCK\Desktop\project1\backend\venv\Lib\site-packages\passlib\handlers\bcrypt.py", line 655, in _calc_checksum
    hash = _bcrypt.hashpw(secret, config)
           ^^^^^^^^^^^^^^^^^^^^^^^^^^^^^^
ValueError: password cannot be longer than 72 bytes, truncate manually if necessary (e.g. my_password[:72])
2025-11-26 07:11:31,823 - app.main - INFO - Celery configured successfully
2025-11-26 07:11:31,823 - app.main - INFO - Starting Finance Management System Backend
2025-11-26 07:11:31,823 - app.main - INFO - Database tables created successfully
2025-11-26 07:11:31,823 - app.main - INFO - Directory uploads created/verified
2025-11-26 07:11:31,823 - app.main - INFO - Directory reports created/verified
2025-11-26 07:11:31,823 - app.main - INFO - Directory backups created/verified
2025-11-26 07:11:31,823 - app.main - INFO - Directory logs created/verified
2025-11-26 07:11:31,880 - app.main - INFO - Default admin already exists: admin@expense.com
2025-11-26 07:11:42,573 - app.main - INFO - Request: GET http://localhost:8000/docs
2025-11-26 07:11:42,574 - app.main - INFO - Response: 200 in 0.0011s
2025-11-26 07:11:42,668 - app.main - INFO - Request: GET http://localhost:8000/openapi.json
2025-11-26 07:11:42,756 - app.main - INFO - Response: 200 in 0.0878s
2025-11-26 07:11:58,739 - app.main - INFO - Request: POST http://localhost:8000/api/v1/auth/login
2025-11-26 07:11:58,748 - passlib.handlers.bcrypt - WARNING - (trapped) error reading bcrypt version
Traceback (most recent call last):
  File "C:\Users\ASHROCK\Desktop\project1\backend\venv\Lib\site-packages\passlib\handlers\bcrypt.py", line 620, in _load_backend_mixin
    version = _bcrypt.__about__.__version__
              ^^^^^^^^^^^^^^^^^
AttributeError: module 'bcrypt' has no attribute '__about__'
2025-11-26 07:11:58,756 - app.main - ERROR - Unhandled exception: password cannot be longer than 72 bytes, truncate manually if necessary (e.g. my_password[:72])
Traceback (most recent call last):
  File "C:\Users\ASHROCK\Desktop\project1\backend\venv\Lib\site-packages\anyio\streams\memory.py", line 98, in receive
    return self.receive_nowait()
           ^^^^^^^^^^^^^^^^^^^^^
  File "C:\Users\ASHROCK\Desktop\project1\backend\venv\Lib\site-packages\anyio\streams\memory.py", line 93, in receive_nowait
    raise WouldBlock
anyio.WouldBlock

During handling of the above exception, another exception occurred:

Traceback (most recent call last):
  File "C:\Users\ASHROCK\Desktop\project1\backend\venv\Lib\site-packages\starlette\middleware\base.py", line 78, in call_next
    message = await recv_stream.receive()
              ^^^^^^^^^^^^^^^^^^^^^^^^^^^
  File "C:\Users\ASHROCK\Desktop\project1\backend\venv\Lib\site-packages\anyio\streams\memory.py", line 118, in receive
    raise EndOfStream
anyio.EndOfStream

During handling of the above exception, another exception occurred:

Traceback (most recent call last):
  File "C:\Users\ASHROCK\Desktop\project1\backend\venv\Lib\site-packages\starlette\middleware\errors.py", line 162, in __call__
    await self.app(scope, receive, _send)
  File "C:\Users\ASHROCK\Desktop\project1\backend\venv\Lib\site-packages\starlette\middleware\base.py", line 108, in __call__
    response = await self.dispatch_func(request, call_next)
               ^^^^^^^^^^^^^^^^^^^^^^^^^^^^^^^^^^^^^^^^^^^^
  File "C:\Users\ASHROCK\Desktop\project1\backend\app\main.py", line 212, in log_requests
    response = await call_next(request)
               ^^^^^^^^^^^^^^^^^^^^^^^^
  File "C:\Users\ASHROCK\Desktop\project1\backend\venv\Lib\site-packages\starlette\middleware\base.py", line 84, in call_next
    raise app_exc
  File "C:\Users\ASHROCK\Desktop\project1\backend\venv\Lib\site-packages\starlette\middleware\base.py", line 70, in coro
    await self.app(scope, receive_or_disconnect, send_no_error)
  File "C:\Users\ASHROCK\Desktop\project1\backend\venv\Lib\site-packages\starlette\middleware\base.py", line 108, in __call__
    response = await self.dispatch_func(request, call_next)
               ^^^^^^^^^^^^^^^^^^^^^^^^^^^^^^^^^^^^^^^^^^^^
  File "C:\Users\ASHROCK\Desktop\project1\backend\app\main.py", line 197, in add_process_time_header
    response = await call_next(request)
               ^^^^^^^^^^^^^^^^^^^^^^^^
  File "C:\Users\ASHROCK\Desktop\project1\backend\venv\Lib\site-packages\starlette\middleware\base.py", line 84, in call_next
    raise app_exc
  File "C:\Users\ASHROCK\Desktop\project1\backend\venv\Lib\site-packages\starlette\middleware\base.py", line 70, in coro
    await self.app(scope, receive_or_disconnect, send_no_error)
  File "C:\Users\ASHROCK\Desktop\project1\backend\venv\Lib\site-packages\starlette\middleware\cors.py", line 91, in __call__
    await self.simple_response(scope, receive, send, request_headers=headers)
  File "C:\Users\ASHROCK\Desktop\project1\backend\venv\Lib\site-packages\starlette\middleware\cors.py", line 146, in simple_response
    await self.app(scope, receive, send)
  File "C:\Users\ASHROCK\Desktop\project1\backend\venv\Lib\site-packages\starlette\middleware\exceptions.py", line 79, in __call__
    raise exc
  File "C:\Users\ASHROCK\Desktop\project1\backend\venv\Lib\site-packages\starlette\middleware\exceptions.py", line 68, in __call__
    await self.app(scope, receive, sender)
  File "C:\Users\ASHROCK\Desktop\project1\backend\venv\Lib\site-packages\fastapi\middleware\asyncexitstack.py", line 20, in __call__
    raise e
  File "C:\Users\ASHROCK\Desktop\project1\backend\venv\Lib\site-packages\fastapi\middleware\asyncexitstack.py", line 17, in __call__
    await self.app(scope, receive, send)
  File "C:\Users\ASHROCK\Desktop\project1\backend\venv\Lib\site-packages\starlette\routing.py", line 718, in __call__
    await route.handle(scope, receive, send)
  File "C:\Users\ASHROCK\Desktop\project1\backend\venv\Lib\site-packages\starlette\routing.py", line 276, in handle
    await self.app(scope, receive, send)
  File "C:\Users\ASHROCK\Desktop\project1\backend\venv\Lib\site-packages\starlette\routing.py", line 66, in app
    response = await func(request)
               ^^^^^^^^^^^^^^^^^^^
  File "C:\Users\ASHROCK\Desktop\project1\backend\venv\Lib\site-packages\fastapi\routing.py", line 274, in app
    raw_response = await run_endpoint_function(
                   ^^^^^^^^^^^^^^^^^^^^^^^^^^^^
  File "C:\Users\ASHROCK\Desktop\project1\backend\venv\Lib\site-packages\fastapi\routing.py", line 193, in run_endpoint_function
    return await run_in_threadpool(dependant.call, **values)
           ^^^^^^^^^^^^^^^^^^^^^^^^^^^^^^^^^^^^^^^^^^^^^^^^^
  File "C:\Users\ASHROCK\Desktop\project1\backend\venv\Lib\site-packages\starlette\concurrency.py", line 41, in run_in_threadpool
    return await anyio.to_thread.run_sync(func, *args)
           ^^^^^^^^^^^^^^^^^^^^^^^^^^^^^^^^^^^^^^^^^^^
  File "C:\Users\ASHROCK\Desktop\project1\backend\venv\Lib\site-packages\anyio\to_thread.py", line 33, in run_sync
    return await get_asynclib().run_sync_in_worker_thread(
           ^^^^^^^^^^^^^^^^^^^^^^^^^^^^^^^^^^^^^^^^^^^^^^^
  File "C:\Users\ASHROCK\Desktop\project1\backend\venv\Lib\site-packages\anyio\_backends\_asyncio.py", line 877, in run_sync_in_worker_thread
    return await future
           ^^^^^^^^^^^^
  File "C:\Users\ASHROCK\Desktop\project1\backend\venv\Lib\site-packages\anyio\_backends\_asyncio.py", line 807, in run
    result = context.run(func, *args)
             ^^^^^^^^^^^^^^^^^^^^^^^^
  File "C:\Users\ASHROCK\Desktop\project1\backend\app\api\v1\auth.py", line 169, in login
    user = user_crud.authenticate(db, form_data.username, form_data.password)
           ^^^^^^^^^^^^^^^^^^^^^^^^^^^^^^^^^^^^^^^^^^^^^^^^^^^^^^^^^^^^^^^^^^
  File "C:\Users\ASHROCK\Desktop\project1\backend\app\api\v1\auth.py", line 120, in authenticate
    if not user or not verify_password(password, user.hashed_password):
                       ^^^^^^^^^^^^^^^^^^^^^^^^^^^^^^^^^^^^^^^^^^^^^^^
  File "C:\Users\ASHROCK\Desktop\project1\backend\app\core\security.py", line 32, in verify_password
    return pwd_context.verify(_safe_password(plain_password), hashed_password)
           ^^^^^^^^^^^^^^^^^^^^^^^^^^^^^^^^^^^^^^^^^^^^^^^^^^^^^^^^^^^^^^^^^^^
  File "C:\Users\ASHROCK\Desktop\project1\backend\venv\Lib\site-packages\passlib\context.py", line 2347, in verify
    return record.verify(secret, hash, **kwds)
           ^^^^^^^^^^^^^^^^^^^^^^^^^^^^^^^^^^^
  File "C:\Users\ASHROCK\Desktop\project1\backend\venv\Lib\site-packages\passlib\utils\handlers.py", line 792, in verify
    return consteq(self._calc_checksum(secret), chk)
                   ^^^^^^^^^^^^^^^^^^^^^^^^^^^
  File "C:\Users\ASHROCK\Desktop\project1\backend\venv\Lib\site-packages\passlib\handlers\bcrypt.py", line 591, in _calc_checksum
    self._stub_requires_backend()
  File "C:\Users\ASHROCK\Desktop\project1\backend\venv\Lib\site-packages\passlib\utils\handlers.py", line 2254, in _stub_requires_backend
    cls.set_backend()
  File "C:\Users\ASHROCK\Desktop\project1\backend\venv\Lib\site-packages\passlib\utils\handlers.py", line 2156, in set_backend
    return owner.set_backend(name, dryrun=dryrun)
           ^^^^^^^^^^^^^^^^^^^^^^^^^^^^^^^^^^^^^^
  File "C:\Users\ASHROCK\Desktop\project1\backend\venv\Lib\site-packages\passlib\utils\handlers.py", line 2163, in set_backend
    return cls.set_backend(name, dryrun=dryrun)
           ^^^^^^^^^^^^^^^^^^^^^^^^^^^^^^^^^^^^
  File "C:\Users\ASHROCK\Desktop\project1\backend\venv\Lib\site-packages\passlib\utils\handlers.py", line 2188, in set_backend
    cls._set_backend(name, dryrun)
  File "C:\Users\ASHROCK\Desktop\project1\backend\venv\Lib\site-packages\passlib\utils\handlers.py", line 2311, in _set_backend
    super(SubclassBackendMixin, cls)._set_backend(name, dryrun)
  File "C:\Users\ASHROCK\Desktop\project1\backend\venv\Lib\site-packages\passlib\utils\handlers.py", line 2224, in _set_backend
    ok = loader(**kwds)
         ^^^^^^^^^^^^^^
  File "C:\Users\ASHROCK\Desktop\project1\backend\venv\Lib\site-packages\passlib\handlers\bcrypt.py", line 626, in _load_backend_mixin
    return mixin_cls._finalize_backend_mixin(name, dryrun)
           ^^^^^^^^^^^^^^^^^^^^^^^^^^^^^^^^^^^^^^^^^^^^^^^
  File "C:\Users\ASHROCK\Desktop\project1\backend\venv\Lib\site-packages\passlib\handlers\bcrypt.py", line 421, in _finalize_backend_mixin
    if detect_wrap_bug(IDENT_2A):
       ^^^^^^^^^^^^^^^^^^^^^^^^^
  File "C:\Users\ASHROCK\Desktop\project1\backend\venv\Lib\site-packages\passlib\handlers\bcrypt.py", line 380, in detect_wrap_bug
    if verify(secret, bug_hash):
       ^^^^^^^^^^^^^^^^^^^^^^^^
  File "C:\Users\ASHROCK\Desktop\project1\backend\venv\Lib\site-packages\passlib\utils\handlers.py", line 792, in verify
    return consteq(self._calc_checksum(secret), chk)
                   ^^^^^^^^^^^^^^^^^^^^^^^^^^^
  File "C:\Users\ASHROCK\Desktop\project1\backend\venv\Lib\site-packages\passlib\handlers\bcrypt.py", line 655, in _calc_checksum
    hash = _bcrypt.hashpw(secret, config)
           ^^^^^^^^^^^^^^^^^^^^^^^^^^^^^^
ValueError: password cannot be longer than 72 bytes, truncate manually if necessary (e.g. my_password[:72])
2025-11-26 07:12:13,244 - app.main - INFO - Request: POST http://localhost:8000/api/v1/auth/login
2025-11-26 07:12:13,250 - passlib.handlers.bcrypt - WARNING - (trapped) error reading bcrypt version
Traceback (most recent call last):
  File "C:\Users\ASHROCK\Desktop\project1\backend\venv\Lib\site-packages\passlib\handlers\bcrypt.py", line 620, in _load_backend_mixin
    version = _bcrypt.__about__.__version__
              ^^^^^^^^^^^^^^^^^
AttributeError: module 'bcrypt' has no attribute '__about__'
2025-11-26 07:12:13,263 - app.main - ERROR - Unhandled exception: password cannot be longer than 72 bytes, truncate manually if necessary (e.g. my_password[:72])
Traceback (most recent call last):
  File "C:\Users\ASHROCK\Desktop\project1\backend\venv\Lib\site-packages\anyio\streams\memory.py", line 98, in receive
    return self.receive_nowait()
           ^^^^^^^^^^^^^^^^^^^^^
  File "C:\Users\ASHROCK\Desktop\project1\backend\venv\Lib\site-packages\anyio\streams\memory.py", line 93, in receive_nowait
    raise WouldBlock
anyio.WouldBlock

During handling of the above exception, another exception occurred:

Traceback (most recent call last):
  File "C:\Users\ASHROCK\Desktop\project1\backend\venv\Lib\site-packages\starlette\middleware\base.py", line 78, in call_next
    message = await recv_stream.receive()
              ^^^^^^^^^^^^^^^^^^^^^^^^^^^
  File "C:\Users\ASHROCK\Desktop\project1\backend\venv\Lib\site-packages\anyio\streams\memory.py", line 118, in receive
    raise EndOfStream
anyio.EndOfStream

During handling of the above exception, another exception occurred:

Traceback (most recent call last):
  File "C:\Users\ASHROCK\Desktop\project1\backend\venv\Lib\site-packages\starlette\middleware\errors.py", line 162, in __call__
    await self.app(scope, receive, _send)
  File "C:\Users\ASHROCK\Desktop\project1\backend\venv\Lib\site-packages\starlette\middleware\base.py", line 108, in __call__
    response = await self.dispatch_func(request, call_next)
               ^^^^^^^^^^^^^^^^^^^^^^^^^^^^^^^^^^^^^^^^^^^^
  File "C:\Users\ASHROCK\Desktop\project1\backend\app\main.py", line 212, in log_requests
    response = await call_next(request)
               ^^^^^^^^^^^^^^^^^^^^^^^^
  File "C:\Users\ASHROCK\Desktop\project1\backend\venv\Lib\site-packages\starlette\middleware\base.py", line 84, in call_next
    raise app_exc
  File "C:\Users\ASHROCK\Desktop\project1\backend\venv\Lib\site-packages\starlette\middleware\base.py", line 70, in coro
    await self.app(scope, receive_or_disconnect, send_no_error)
  File "C:\Users\ASHROCK\Desktop\project1\backend\venv\Lib\site-packages\starlette\middleware\base.py", line 108, in __call__
    response = await self.dispatch_func(request, call_next)
               ^^^^^^^^^^^^^^^^^^^^^^^^^^^^^^^^^^^^^^^^^^^^
  File "C:\Users\ASHROCK\Desktop\project1\backend\app\main.py", line 197, in add_process_time_header
    response = await call_next(request)
               ^^^^^^^^^^^^^^^^^^^^^^^^
  File "C:\Users\ASHROCK\Desktop\project1\backend\venv\Lib\site-packages\starlette\middleware\base.py", line 84, in call_next
    raise app_exc
  File "C:\Users\ASHROCK\Desktop\project1\backend\venv\Lib\site-packages\starlette\middleware\base.py", line 70, in coro
    await self.app(scope, receive_or_disconnect, send_no_error)
  File "C:\Users\ASHROCK\Desktop\project1\backend\venv\Lib\site-packages\starlette\middleware\cors.py", line 91, in __call__
    await self.simple_response(scope, receive, send, request_headers=headers)
  File "C:\Users\ASHROCK\Desktop\project1\backend\venv\Lib\site-packages\starlette\middleware\cors.py", line 146, in simple_response
    await self.app(scope, receive, send)
  File "C:\Users\ASHROCK\Desktop\project1\backend\venv\Lib\site-packages\starlette\middleware\exceptions.py", line 79, in __call__
    raise exc
  File "C:\Users\ASHROCK\Desktop\project1\backend\venv\Lib\site-packages\starlette\middleware\exceptions.py", line 68, in __call__
    await self.app(scope, receive, sender)
  File "C:\Users\ASHROCK\Desktop\project1\backend\venv\Lib\site-packages\fastapi\middleware\asyncexitstack.py", line 20, in __call__
    raise e
  File "C:\Users\ASHROCK\Desktop\project1\backend\venv\Lib\site-packages\fastapi\middleware\asyncexitstack.py", line 17, in __call__
    await self.app(scope, receive, send)
  File "C:\Users\ASHROCK\Desktop\project1\backend\venv\Lib\site-packages\starlette\routing.py", line 718, in __call__
    await route.handle(scope, receive, send)
  File "C:\Users\ASHROCK\Desktop\project1\backend\venv\Lib\site-packages\starlette\routing.py", line 276, in handle
    await self.app(scope, receive, send)
  File "C:\Users\ASHROCK\Desktop\project1\backend\venv\Lib\site-packages\starlette\routing.py", line 66, in app
    response = await func(request)
               ^^^^^^^^^^^^^^^^^^^
  File "C:\Users\ASHROCK\Desktop\project1\backend\venv\Lib\site-packages\fastapi\routing.py", line 274, in app
    raw_response = await run_endpoint_function(
                   ^^^^^^^^^^^^^^^^^^^^^^^^^^^^
  File "C:\Users\ASHROCK\Desktop\project1\backend\venv\Lib\site-packages\fastapi\routing.py", line 193, in run_endpoint_function
    return await run_in_threadpool(dependant.call, **values)
           ^^^^^^^^^^^^^^^^^^^^^^^^^^^^^^^^^^^^^^^^^^^^^^^^^
  File "C:\Users\ASHROCK\Desktop\project1\backend\venv\Lib\site-packages\starlette\concurrency.py", line 41, in run_in_threadpool
    return await anyio.to_thread.run_sync(func, *args)
           ^^^^^^^^^^^^^^^^^^^^^^^^^^^^^^^^^^^^^^^^^^^
  File "C:\Users\ASHROCK\Desktop\project1\backend\venv\Lib\site-packages\anyio\to_thread.py", line 33, in run_sync
    return await get_asynclib().run_sync_in_worker_thread(
           ^^^^^^^^^^^^^^^^^^^^^^^^^^^^^^^^^^^^^^^^^^^^^^^
  File "C:\Users\ASHROCK\Desktop\project1\backend\venv\Lib\site-packages\anyio\_backends\_asyncio.py", line 877, in run_sync_in_worker_thread
    return await future
           ^^^^^^^^^^^^
  File "C:\Users\ASHROCK\Desktop\project1\backend\venv\Lib\site-packages\anyio\_backends\_asyncio.py", line 807, in run
    result = context.run(func, *args)
             ^^^^^^^^^^^^^^^^^^^^^^^^
  File "C:\Users\ASHROCK\Desktop\project1\backend\app\api\v1\auth.py", line 169, in login
    user = user_crud.authenticate(db, form_data.username, form_data.password)
           ^^^^^^^^^^^^^^^^^^^^^^^^^^^^^^^^^^^^^^^^^^^^^^^^^^^^^^^^^^^^^^^^^^
  File "C:\Users\ASHROCK\Desktop\project1\backend\app\api\v1\auth.py", line 120, in authenticate
    if not user or not verify_password(password, user.hashed_password):
                       ^^^^^^^^^^^^^^^^^^^^^^^^^^^^^^^^^^^^^^^^^^^^^^^
  File "C:\Users\ASHROCK\Desktop\project1\backend\app\core\security.py", line 32, in verify_password
    return pwd_context.verify(_safe_password(plain_password), hashed_password)
           ^^^^^^^^^^^^^^^^^^^^^^^^^^^^^^^^^^^^^^^^^^^^^^^^^^^^^^^^^^^^^^^^^^^
  File "C:\Users\ASHROCK\Desktop\project1\backend\venv\Lib\site-packages\passlib\context.py", line 2347, in verify
    return record.verify(secret, hash, **kwds)
           ^^^^^^^^^^^^^^^^^^^^^^^^^^^^^^^^^^^
  File "C:\Users\ASHROCK\Desktop\project1\backend\venv\Lib\site-packages\passlib\utils\handlers.py", line 792, in verify
    return consteq(self._calc_checksum(secret), chk)
                   ^^^^^^^^^^^^^^^^^^^^^^^^^^^
  File "C:\Users\ASHROCK\Desktop\project1\backend\venv\Lib\site-packages\passlib\handlers\bcrypt.py", line 591, in _calc_checksum
    self._stub_requires_backend()
  File "C:\Users\ASHROCK\Desktop\project1\backend\venv\Lib\site-packages\passlib\utils\handlers.py", line 2254, in _stub_requires_backend
    cls.set_backend()
  File "C:\Users\ASHROCK\Desktop\project1\backend\venv\Lib\site-packages\passlib\utils\handlers.py", line 2156, in set_backend
    return owner.set_backend(name, dryrun=dryrun)
           ^^^^^^^^^^^^^^^^^^^^^^^^^^^^^^^^^^^^^^
  File "C:\Users\ASHROCK\Desktop\project1\backend\venv\Lib\site-packages\passlib\utils\handlers.py", line 2163, in set_backend
    return cls.set_backend(name, dryrun=dryrun)
           ^^^^^^^^^^^^^^^^^^^^^^^^^^^^^^^^^^^^
  File "C:\Users\ASHROCK\Desktop\project1\backend\venv\Lib\site-packages\passlib\utils\handlers.py", line 2188, in set_backend
    cls._set_backend(name, dryrun)
  File "C:\Users\ASHROCK\Desktop\project1\backend\venv\Lib\site-packages\passlib\utils\handlers.py", line 2311, in _set_backend
    super(SubclassBackendMixin, cls)._set_backend(name, dryrun)
  File "C:\Users\ASHROCK\Desktop\project1\backend\venv\Lib\site-packages\passlib\utils\handlers.py", line 2224, in _set_backend
    ok = loader(**kwds)
         ^^^^^^^^^^^^^^
  File "C:\Users\ASHROCK\Desktop\project1\backend\venv\Lib\site-packages\passlib\handlers\bcrypt.py", line 626, in _load_backend_mixin
    return mixin_cls._finalize_backend_mixin(name, dryrun)
           ^^^^^^^^^^^^^^^^^^^^^^^^^^^^^^^^^^^^^^^^^^^^^^^
  File "C:\Users\ASHROCK\Desktop\project1\backend\venv\Lib\site-packages\passlib\handlers\bcrypt.py", line 421, in _finalize_backend_mixin
    if detect_wrap_bug(IDENT_2A):
       ^^^^^^^^^^^^^^^^^^^^^^^^^
  File "C:\Users\ASHROCK\Desktop\project1\backend\venv\Lib\site-packages\passlib\handlers\bcrypt.py", line 380, in detect_wrap_bug
    if verify(secret, bug_hash):
       ^^^^^^^^^^^^^^^^^^^^^^^^
  File "C:\Users\ASHROCK\Desktop\project1\backend\venv\Lib\site-packages\passlib\utils\handlers.py", line 792, in verify
    return consteq(self._calc_checksum(secret), chk)
                   ^^^^^^^^^^^^^^^^^^^^^^^^^^^
  File "C:\Users\ASHROCK\Desktop\project1\backend\venv\Lib\site-packages\passlib\handlers\bcrypt.py", line 655, in _calc_checksum
    hash = _bcrypt.hashpw(secret, config)
           ^^^^^^^^^^^^^^^^^^^^^^^^^^^^^^
ValueError: password cannot be longer than 72 bytes, truncate manually if necessary (e.g. my_password[:72])
2025-11-26 07:12:15,576 - app.main - INFO - Request: POST http://localhost:8000/api/v1/auth/login
2025-11-26 07:12:15,587 - passlib.handlers.bcrypt - WARNING - (trapped) error reading bcrypt version
Traceback (most recent call last):
  File "C:\Users\ASHROCK\Desktop\project1\backend\venv\Lib\site-packages\passlib\handlers\bcrypt.py", line 620, in _load_backend_mixin
    version = _bcrypt.__about__.__version__
              ^^^^^^^^^^^^^^^^^
AttributeError: module 'bcrypt' has no attribute '__about__'
2025-11-26 07:12:15,589 - app.main - ERROR - Unhandled exception: password cannot be longer than 72 bytes, truncate manually if necessary (e.g. my_password[:72])
Traceback (most recent call last):
  File "C:\Users\ASHROCK\Desktop\project1\backend\venv\Lib\site-packages\anyio\streams\memory.py", line 98, in receive
    return self.receive_nowait()
           ^^^^^^^^^^^^^^^^^^^^^
  File "C:\Users\ASHROCK\Desktop\project1\backend\venv\Lib\site-packages\anyio\streams\memory.py", line 93, in receive_nowait
    raise WouldBlock
anyio.WouldBlock

During handling of the above exception, another exception occurred:

Traceback (most recent call last):
  File "C:\Users\ASHROCK\Desktop\project1\backend\venv\Lib\site-packages\starlette\middleware\base.py", line 78, in call_next
    message = await recv_stream.receive()
              ^^^^^^^^^^^^^^^^^^^^^^^^^^^
  File "C:\Users\ASHROCK\Desktop\project1\backend\venv\Lib\site-packages\anyio\streams\memory.py", line 118, in receive
    raise EndOfStream
anyio.EndOfStream

During handling of the above exception, another exception occurred:

Traceback (most recent call last):
  File "C:\Users\ASHROCK\Desktop\project1\backend\venv\Lib\site-packages\starlette\middleware\errors.py", line 162, in __call__
    await self.app(scope, receive, _send)
  File "C:\Users\ASHROCK\Desktop\project1\backend\venv\Lib\site-packages\starlette\middleware\base.py", line 108, in __call__
    response = await self.dispatch_func(request, call_next)
               ^^^^^^^^^^^^^^^^^^^^^^^^^^^^^^^^^^^^^^^^^^^^
  File "C:\Users\ASHROCK\Desktop\project1\backend\app\main.py", line 212, in log_requests
    response = await call_next(request)
               ^^^^^^^^^^^^^^^^^^^^^^^^
  File "C:\Users\ASHROCK\Desktop\project1\backend\venv\Lib\site-packages\starlette\middleware\base.py", line 84, in call_next
    raise app_exc
  File "C:\Users\ASHROCK\Desktop\project1\backend\venv\Lib\site-packages\starlette\middleware\base.py", line 70, in coro
    await self.app(scope, receive_or_disconnect, send_no_error)
  File "C:\Users\ASHROCK\Desktop\project1\backend\venv\Lib\site-packages\starlette\middleware\base.py", line 108, in __call__
    response = await self.dispatch_func(request, call_next)
               ^^^^^^^^^^^^^^^^^^^^^^^^^^^^^^^^^^^^^^^^^^^^
  File "C:\Users\ASHROCK\Desktop\project1\backend\app\main.py", line 197, in add_process_time_header
    response = await call_next(request)
               ^^^^^^^^^^^^^^^^^^^^^^^^
  File "C:\Users\ASHROCK\Desktop\project1\backend\venv\Lib\site-packages\starlette\middleware\base.py", line 84, in call_next
    raise app_exc
  File "C:\Users\ASHROCK\Desktop\project1\backend\venv\Lib\site-packages\starlette\middleware\base.py", line 70, in coro
    await self.app(scope, receive_or_disconnect, send_no_error)
  File "C:\Users\ASHROCK\Desktop\project1\backend\venv\Lib\site-packages\starlette\middleware\cors.py", line 91, in __call__
    await self.simple_response(scope, receive, send, request_headers=headers)
  File "C:\Users\ASHROCK\Desktop\project1\backend\venv\Lib\site-packages\starlette\middleware\cors.py", line 146, in simple_response
    await self.app(scope, receive, send)
  File "C:\Users\ASHROCK\Desktop\project1\backend\venv\Lib\site-packages\starlette\middleware\exceptions.py", line 79, in __call__
    raise exc
  File "C:\Users\ASHROCK\Desktop\project1\backend\venv\Lib\site-packages\starlette\middleware\exceptions.py", line 68, in __call__
    await self.app(scope, receive, sender)
  File "C:\Users\ASHROCK\Desktop\project1\backend\venv\Lib\site-packages\fastapi\middleware\asyncexitstack.py", line 20, in __call__
    raise e
  File "C:\Users\ASHROCK\Desktop\project1\backend\venv\Lib\site-packages\fastapi\middleware\asyncexitstack.py", line 17, in __call__
    await self.app(scope, receive, send)
  File "C:\Users\ASHROCK\Desktop\project1\backend\venv\Lib\site-packages\starlette\routing.py", line 718, in __call__
    await route.handle(scope, receive, send)
  File "C:\Users\ASHROCK\Desktop\project1\backend\venv\Lib\site-packages\starlette\routing.py", line 276, in handle
    await self.app(scope, receive, send)
  File "C:\Users\ASHROCK\Desktop\project1\backend\venv\Lib\site-packages\starlette\routing.py", line 66, in app
    response = await func(request)
               ^^^^^^^^^^^^^^^^^^^
  File "C:\Users\ASHROCK\Desktop\project1\backend\venv\Lib\site-packages\fastapi\routing.py", line 274, in app
    raw_response = await run_endpoint_function(
                   ^^^^^^^^^^^^^^^^^^^^^^^^^^^^
  File "C:\Users\ASHROCK\Desktop\project1\backend\venv\Lib\site-packages\fastapi\routing.py", line 193, in run_endpoint_function
    return await run_in_threadpool(dependant.call, **values)
           ^^^^^^^^^^^^^^^^^^^^^^^^^^^^^^^^^^^^^^^^^^^^^^^^^
  File "C:\Users\ASHROCK\Desktop\project1\backend\venv\Lib\site-packages\starlette\concurrency.py", line 41, in run_in_threadpool
    return await anyio.to_thread.run_sync(func, *args)
           ^^^^^^^^^^^^^^^^^^^^^^^^^^^^^^^^^^^^^^^^^^^
  File "C:\Users\ASHROCK\Desktop\project1\backend\venv\Lib\site-packages\anyio\to_thread.py", line 33, in run_sync
    return await get_asynclib().run_sync_in_worker_thread(
           ^^^^^^^^^^^^^^^^^^^^^^^^^^^^^^^^^^^^^^^^^^^^^^^
  File "C:\Users\ASHROCK\Desktop\project1\backend\venv\Lib\site-packages\anyio\_backends\_asyncio.py", line 877, in run_sync_in_worker_thread
    return await future
           ^^^^^^^^^^^^
  File "C:\Users\ASHROCK\Desktop\project1\backend\venv\Lib\site-packages\anyio\_backends\_asyncio.py", line 807, in run
    result = context.run(func, *args)
             ^^^^^^^^^^^^^^^^^^^^^^^^
  File "C:\Users\ASHROCK\Desktop\project1\backend\app\api\v1\auth.py", line 169, in login
    user = user_crud.authenticate(db, form_data.username, form_data.password)
           ^^^^^^^^^^^^^^^^^^^^^^^^^^^^^^^^^^^^^^^^^^^^^^^^^^^^^^^^^^^^^^^^^^
  File "C:\Users\ASHROCK\Desktop\project1\backend\app\api\v1\auth.py", line 120, in authenticate
    if not user or not verify_password(password, user.hashed_password):
                       ^^^^^^^^^^^^^^^^^^^^^^^^^^^^^^^^^^^^^^^^^^^^^^^
  File "C:\Users\ASHROCK\Desktop\project1\backend\app\core\security.py", line 32, in verify_password
    return pwd_context.verify(_safe_password(plain_password), hashed_password)
           ^^^^^^^^^^^^^^^^^^^^^^^^^^^^^^^^^^^^^^^^^^^^^^^^^^^^^^^^^^^^^^^^^^^
  File "C:\Users\ASHROCK\Desktop\project1\backend\venv\Lib\site-packages\passlib\context.py", line 2347, in verify
    return record.verify(secret, hash, **kwds)
           ^^^^^^^^^^^^^^^^^^^^^^^^^^^^^^^^^^^
  File "C:\Users\ASHROCK\Desktop\project1\backend\venv\Lib\site-packages\passlib\utils\handlers.py", line 792, in verify
    return consteq(self._calc_checksum(secret), chk)
                   ^^^^^^^^^^^^^^^^^^^^^^^^^^^
  File "C:\Users\ASHROCK\Desktop\project1\backend\venv\Lib\site-packages\passlib\handlers\bcrypt.py", line 591, in _calc_checksum
    self._stub_requires_backend()
  File "C:\Users\ASHROCK\Desktop\project1\backend\venv\Lib\site-packages\passlib\utils\handlers.py", line 2254, in _stub_requires_backend
    cls.set_backend()
  File "C:\Users\ASHROCK\Desktop\project1\backend\venv\Lib\site-packages\passlib\utils\handlers.py", line 2156, in set_backend
    return owner.set_backend(name, dryrun=dryrun)
           ^^^^^^^^^^^^^^^^^^^^^^^^^^^^^^^^^^^^^^
  File "C:\Users\ASHROCK\Desktop\project1\backend\venv\Lib\site-packages\passlib\utils\handlers.py", line 2163, in set_backend
    return cls.set_backend(name, dryrun=dryrun)
           ^^^^^^^^^^^^^^^^^^^^^^^^^^^^^^^^^^^^
  File "C:\Users\ASHROCK\Desktop\project1\backend\venv\Lib\site-packages\passlib\utils\handlers.py", line 2188, in set_backend
    cls._set_backend(name, dryrun)
  File "C:\Users\ASHROCK\Desktop\project1\backend\venv\Lib\site-packages\passlib\utils\handlers.py", line 2311, in _set_backend
    super(SubclassBackendMixin, cls)._set_backend(name, dryrun)
  File "C:\Users\ASHROCK\Desktop\project1\backend\venv\Lib\site-packages\passlib\utils\handlers.py", line 2224, in _set_backend
    ok = loader(**kwds)
         ^^^^^^^^^^^^^^
  File "C:\Users\ASHROCK\Desktop\project1\backend\venv\Lib\site-packages\passlib\handlers\bcrypt.py", line 626, in _load_backend_mixin
    return mixin_cls._finalize_backend_mixin(name, dryrun)
           ^^^^^^^^^^^^^^^^^^^^^^^^^^^^^^^^^^^^^^^^^^^^^^^
  File "C:\Users\ASHROCK\Desktop\project1\backend\venv\Lib\site-packages\passlib\handlers\bcrypt.py", line 421, in _finalize_backend_mixin
    if detect_wrap_bug(IDENT_2A):
       ^^^^^^^^^^^^^^^^^^^^^^^^^
  File "C:\Users\ASHROCK\Desktop\project1\backend\venv\Lib\site-packages\passlib\handlers\bcrypt.py", line 380, in detect_wrap_bug
    if verify(secret, bug_hash):
       ^^^^^^^^^^^^^^^^^^^^^^^^
  File "C:\Users\ASHROCK\Desktop\project1\backend\venv\Lib\site-packages\passlib\utils\handlers.py", line 792, in verify
    return consteq(self._calc_checksum(secret), chk)
                   ^^^^^^^^^^^^^^^^^^^^^^^^^^^
  File "C:\Users\ASHROCK\Desktop\project1\backend\venv\Lib\site-packages\passlib\handlers\bcrypt.py", line 655, in _calc_checksum
    hash = _bcrypt.hashpw(secret, config)
           ^^^^^^^^^^^^^^^^^^^^^^^^^^^^^^
ValueError: password cannot be longer than 72 bytes, truncate manually if necessary (e.g. my_password[:72])
2025-11-26 07:13:29,009 - app.main - INFO - Shutting down Finance Management System Backend
2025-11-26 07:13:40,077 - app.main - INFO - Celery configured successfully
2025-11-26 07:13:40,092 - app.main - INFO - Starting Finance Management System Backend
2025-11-26 07:13:40,092 - app.main - INFO - Database tables created successfully
2025-11-26 07:13:40,092 - app.main - INFO - Directory uploads created/verified
2025-11-26 07:13:40,092 - app.main - INFO - Directory reports created/verified
2025-11-26 07:13:40,092 - app.main - INFO - Directory backups created/verified
2025-11-26 07:13:40,092 - app.main - INFO - Directory logs created/verified
2025-11-26 07:13:40,135 - app.main - INFO - Default admin already exists: admin@expense.com
2025-11-26 07:13:46,669 - app.main - INFO - Request: POST http://localhost:8000/api/v1/auth/login
2025-11-26 07:13:46,689 - passlib.handlers.bcrypt - WARNING - (trapped) error reading bcrypt version
Traceback (most recent call last):
  File "C:\Users\ASHROCK\Desktop\project1\backend\venv\Lib\site-packages\passlib\handlers\bcrypt.py", line 620, in _load_backend_mixin
    version = _bcrypt.__about__.__version__
              ^^^^^^^^^^^^^^^^^
AttributeError: module 'bcrypt' has no attribute '__about__'
2025-11-26 07:13:46,700 - app.main - ERROR - Unhandled exception: password cannot be longer than 72 bytes, truncate manually if necessary (e.g. my_password[:72])
Traceback (most recent call last):
  File "C:\Users\ASHROCK\Desktop\project1\backend\venv\Lib\site-packages\anyio\streams\memory.py", line 98, in receive
    return self.receive_nowait()
           ^^^^^^^^^^^^^^^^^^^^^
  File "C:\Users\ASHROCK\Desktop\project1\backend\venv\Lib\site-packages\anyio\streams\memory.py", line 93, in receive_nowait
    raise WouldBlock
anyio.WouldBlock

During handling of the above exception, another exception occurred:

Traceback (most recent call last):
  File "C:\Users\ASHROCK\Desktop\project1\backend\venv\Lib\site-packages\starlette\middleware\base.py", line 78, in call_next
    message = await recv_stream.receive()
              ^^^^^^^^^^^^^^^^^^^^^^^^^^^
  File "C:\Users\ASHROCK\Desktop\project1\backend\venv\Lib\site-packages\anyio\streams\memory.py", line 118, in receive
    raise EndOfStream
anyio.EndOfStream

During handling of the above exception, another exception occurred:

Traceback (most recent call last):
  File "C:\Users\ASHROCK\Desktop\project1\backend\venv\Lib\site-packages\starlette\middleware\errors.py", line 162, in __call__
    await self.app(scope, receive, _send)
  File "C:\Users\ASHROCK\Desktop\project1\backend\venv\Lib\site-packages\starlette\middleware\base.py", line 108, in __call__
    response = await self.dispatch_func(request, call_next)
               ^^^^^^^^^^^^^^^^^^^^^^^^^^^^^^^^^^^^^^^^^^^^
  File "C:\Users\ASHROCK\Desktop\project1\backend\app\main.py", line 212, in log_requests
    response = await call_next(request)
               ^^^^^^^^^^^^^^^^^^^^^^^^
  File "C:\Users\ASHROCK\Desktop\project1\backend\venv\Lib\site-packages\starlette\middleware\base.py", line 84, in call_next
    raise app_exc
  File "C:\Users\ASHROCK\Desktop\project1\backend\venv\Lib\site-packages\starlette\middleware\base.py", line 70, in coro
    await self.app(scope, receive_or_disconnect, send_no_error)
  File "C:\Users\ASHROCK\Desktop\project1\backend\venv\Lib\site-packages\starlette\middleware\base.py", line 108, in __call__
    response = await self.dispatch_func(request, call_next)
               ^^^^^^^^^^^^^^^^^^^^^^^^^^^^^^^^^^^^^^^^^^^^
  File "C:\Users\ASHROCK\Desktop\project1\backend\app\main.py", line 197, in add_process_time_header
    response = await call_next(request)
               ^^^^^^^^^^^^^^^^^^^^^^^^
  File "C:\Users\ASHROCK\Desktop\project1\backend\venv\Lib\site-packages\starlette\middleware\base.py", line 84, in call_next
    raise app_exc
  File "C:\Users\ASHROCK\Desktop\project1\backend\venv\Lib\site-packages\starlette\middleware\base.py", line 70, in coro
    await self.app(scope, receive_or_disconnect, send_no_error)
  File "C:\Users\ASHROCK\Desktop\project1\backend\venv\Lib\site-packages\starlette\middleware\cors.py", line 91, in __call__
    await self.simple_response(scope, receive, send, request_headers=headers)
  File "C:\Users\ASHROCK\Desktop\project1\backend\venv\Lib\site-packages\starlette\middleware\cors.py", line 146, in simple_response
    await self.app(scope, receive, send)
  File "C:\Users\ASHROCK\Desktop\project1\backend\venv\Lib\site-packages\starlette\middleware\exceptions.py", line 79, in __call__
    raise exc
  File "C:\Users\ASHROCK\Desktop\project1\backend\venv\Lib\site-packages\starlette\middleware\exceptions.py", line 68, in __call__
    await self.app(scope, receive, sender)
  File "C:\Users\ASHROCK\Desktop\project1\backend\venv\Lib\site-packages\fastapi\middleware\asyncexitstack.py", line 20, in __call__
    raise e
  File "C:\Users\ASHROCK\Desktop\project1\backend\venv\Lib\site-packages\fastapi\middleware\asyncexitstack.py", line 17, in __call__
    await self.app(scope, receive, send)
  File "C:\Users\ASHROCK\Desktop\project1\backend\venv\Lib\site-packages\starlette\routing.py", line 718, in __call__
    await route.handle(scope, receive, send)
  File "C:\Users\ASHROCK\Desktop\project1\backend\venv\Lib\site-packages\starlette\routing.py", line 276, in handle
    await self.app(scope, receive, send)
  File "C:\Users\ASHROCK\Desktop\project1\backend\venv\Lib\site-packages\starlette\routing.py", line 66, in app
    response = await func(request)
               ^^^^^^^^^^^^^^^^^^^
  File "C:\Users\ASHROCK\Desktop\project1\backend\venv\Lib\site-packages\fastapi\routing.py", line 274, in app
    raw_response = await run_endpoint_function(
                   ^^^^^^^^^^^^^^^^^^^^^^^^^^^^
  File "C:\Users\ASHROCK\Desktop\project1\backend\venv\Lib\site-packages\fastapi\routing.py", line 193, in run_endpoint_function
    return await run_in_threadpool(dependant.call, **values)
           ^^^^^^^^^^^^^^^^^^^^^^^^^^^^^^^^^^^^^^^^^^^^^^^^^
  File "C:\Users\ASHROCK\Desktop\project1\backend\venv\Lib\site-packages\starlette\concurrency.py", line 41, in run_in_threadpool
    return await anyio.to_thread.run_sync(func, *args)
           ^^^^^^^^^^^^^^^^^^^^^^^^^^^^^^^^^^^^^^^^^^^
  File "C:\Users\ASHROCK\Desktop\project1\backend\venv\Lib\site-packages\anyio\to_thread.py", line 33, in run_sync
    return await get_asynclib().run_sync_in_worker_thread(
           ^^^^^^^^^^^^^^^^^^^^^^^^^^^^^^^^^^^^^^^^^^^^^^^
  File "C:\Users\ASHROCK\Desktop\project1\backend\venv\Lib\site-packages\anyio\_backends\_asyncio.py", line 877, in run_sync_in_worker_thread
    return await future
           ^^^^^^^^^^^^
  File "C:\Users\ASHROCK\Desktop\project1\backend\venv\Lib\site-packages\anyio\_backends\_asyncio.py", line 807, in run
    result = context.run(func, *args)
             ^^^^^^^^^^^^^^^^^^^^^^^^
  File "C:\Users\ASHROCK\Desktop\project1\backend\app\api\v1\auth.py", line 169, in login
    user = user_crud.authenticate(db, form_data.username, form_data.password)
           ^^^^^^^^^^^^^^^^^^^^^^^^^^^^^^^^^^^^^^^^^^^^^^^^^^^^^^^^^^^^^^^^^^
  File "C:\Users\ASHROCK\Desktop\project1\backend\app\api\v1\auth.py", line 120, in authenticate
    if not user or not verify_password(password, user.hashed_password):
                       ^^^^^^^^^^^^^^^^^^^^^^^^^^^^^^^^^^^^^^^^^^^^^^^
  File "C:\Users\ASHROCK\Desktop\project1\backend\app\core\security.py", line 32, in verify_password
    return pwd_context.verify(_safe_password(plain_password), hashed_password)
           ^^^^^^^^^^^^^^^^^^^^^^^^^^^^^^^^^^^^^^^^^^^^^^^^^^^^^^^^^^^^^^^^^^^
  File "C:\Users\ASHROCK\Desktop\project1\backend\venv\Lib\site-packages\passlib\context.py", line 2347, in verify
    return record.verify(secret, hash, **kwds)
           ^^^^^^^^^^^^^^^^^^^^^^^^^^^^^^^^^^^
  File "C:\Users\ASHROCK\Desktop\project1\backend\venv\Lib\site-packages\passlib\utils\handlers.py", line 792, in verify
    return consteq(self._calc_checksum(secret), chk)
                   ^^^^^^^^^^^^^^^^^^^^^^^^^^^
  File "C:\Users\ASHROCK\Desktop\project1\backend\venv\Lib\site-packages\passlib\handlers\bcrypt.py", line 591, in _calc_checksum
    self._stub_requires_backend()
  File "C:\Users\ASHROCK\Desktop\project1\backend\venv\Lib\site-packages\passlib\utils\handlers.py", line 2254, in _stub_requires_backend
    cls.set_backend()
  File "C:\Users\ASHROCK\Desktop\project1\backend\venv\Lib\site-packages\passlib\utils\handlers.py", line 2156, in set_backend
    return owner.set_backend(name, dryrun=dryrun)
           ^^^^^^^^^^^^^^^^^^^^^^^^^^^^^^^^^^^^^^
  File "C:\Users\ASHROCK\Desktop\project1\backend\venv\Lib\site-packages\passlib\utils\handlers.py", line 2163, in set_backend
    return cls.set_backend(name, dryrun=dryrun)
           ^^^^^^^^^^^^^^^^^^^^^^^^^^^^^^^^^^^^
  File "C:\Users\ASHROCK\Desktop\project1\backend\venv\Lib\site-packages\passlib\utils\handlers.py", line 2188, in set_backend
    cls._set_backend(name, dryrun)
  File "C:\Users\ASHROCK\Desktop\project1\backend\venv\Lib\site-packages\passlib\utils\handlers.py", line 2311, in _set_backend
    super(SubclassBackendMixin, cls)._set_backend(name, dryrun)
  File "C:\Users\ASHROCK\Desktop\project1\backend\venv\Lib\site-packages\passlib\utils\handlers.py", line 2224, in _set_backend
    ok = loader(**kwds)
         ^^^^^^^^^^^^^^
  File "C:\Users\ASHROCK\Desktop\project1\backend\venv\Lib\site-packages\passlib\handlers\bcrypt.py", line 626, in _load_backend_mixin
    return mixin_cls._finalize_backend_mixin(name, dryrun)
           ^^^^^^^^^^^^^^^^^^^^^^^^^^^^^^^^^^^^^^^^^^^^^^^
  File "C:\Users\ASHROCK\Desktop\project1\backend\venv\Lib\site-packages\passlib\handlers\bcrypt.py", line 421, in _finalize_backend_mixin
    if detect_wrap_bug(IDENT_2A):
       ^^^^^^^^^^^^^^^^^^^^^^^^^
  File "C:\Users\ASHROCK\Desktop\project1\backend\venv\Lib\site-packages\passlib\handlers\bcrypt.py", line 380, in detect_wrap_bug
    if verify(secret, bug_hash):
       ^^^^^^^^^^^^^^^^^^^^^^^^
  File "C:\Users\ASHROCK\Desktop\project1\backend\venv\Lib\site-packages\passlib\utils\handlers.py", line 792, in verify
    return consteq(self._calc_checksum(secret), chk)
                   ^^^^^^^^^^^^^^^^^^^^^^^^^^^
  File "C:\Users\ASHROCK\Desktop\project1\backend\venv\Lib\site-packages\passlib\handlers\bcrypt.py", line 655, in _calc_checksum
    hash = _bcrypt.hashpw(secret, config)
           ^^^^^^^^^^^^^^^^^^^^^^^^^^^^^^
ValueError: password cannot be longer than 72 bytes, truncate manually if necessary (e.g. my_password[:72])
2025-11-26 07:13:48,348 - app.main - INFO - Request: POST http://localhost:8000/api/v1/auth/login
2025-11-26 07:13:48,355 - passlib.handlers.bcrypt - WARNING - (trapped) error reading bcrypt version
Traceback (most recent call last):
  File "C:\Users\ASHROCK\Desktop\project1\backend\venv\Lib\site-packages\passlib\handlers\bcrypt.py", line 620, in _load_backend_mixin
    version = _bcrypt.__about__.__version__
              ^^^^^^^^^^^^^^^^^
AttributeError: module 'bcrypt' has no attribute '__about__'
2025-11-26 07:13:48,405 - app.main - ERROR - Unhandled exception: password cannot be longer than 72 bytes, truncate manually if necessary (e.g. my_password[:72])
Traceback (most recent call last):
  File "C:\Users\ASHROCK\Desktop\project1\backend\venv\Lib\site-packages\anyio\streams\memory.py", line 98, in receive
    return self.receive_nowait()
           ^^^^^^^^^^^^^^^^^^^^^
  File "C:\Users\ASHROCK\Desktop\project1\backend\venv\Lib\site-packages\anyio\streams\memory.py", line 93, in receive_nowait
    raise WouldBlock
anyio.WouldBlock

During handling of the above exception, another exception occurred:

Traceback (most recent call last):
  File "C:\Users\ASHROCK\Desktop\project1\backend\venv\Lib\site-packages\starlette\middleware\base.py", line 78, in call_next
    message = await recv_stream.receive()
              ^^^^^^^^^^^^^^^^^^^^^^^^^^^
  File "C:\Users\ASHROCK\Desktop\project1\backend\venv\Lib\site-packages\anyio\streams\memory.py", line 118, in receive
    raise EndOfStream
anyio.EndOfStream

During handling of the above exception, another exception occurred:

Traceback (most recent call last):
  File "C:\Users\ASHROCK\Desktop\project1\backend\venv\Lib\site-packages\starlette\middleware\errors.py", line 162, in __call__
    await self.app(scope, receive, _send)
  File "C:\Users\ASHROCK\Desktop\project1\backend\venv\Lib\site-packages\starlette\middleware\base.py", line 108, in __call__
    response = await self.dispatch_func(request, call_next)
               ^^^^^^^^^^^^^^^^^^^^^^^^^^^^^^^^^^^^^^^^^^^^
  File "C:\Users\ASHROCK\Desktop\project1\backend\app\main.py", line 212, in log_requests
    response = await call_next(request)
               ^^^^^^^^^^^^^^^^^^^^^^^^
  File "C:\Users\ASHROCK\Desktop\project1\backend\venv\Lib\site-packages\starlette\middleware\base.py", line 84, in call_next
    raise app_exc
  File "C:\Users\ASHROCK\Desktop\project1\backend\venv\Lib\site-packages\starlette\middleware\base.py", line 70, in coro
    await self.app(scope, receive_or_disconnect, send_no_error)
  File "C:\Users\ASHROCK\Desktop\project1\backend\venv\Lib\site-packages\starlette\middleware\base.py", line 108, in __call__
    response = await self.dispatch_func(request, call_next)
               ^^^^^^^^^^^^^^^^^^^^^^^^^^^^^^^^^^^^^^^^^^^^
  File "C:\Users\ASHROCK\Desktop\project1\backend\app\main.py", line 197, in add_process_time_header
    response = await call_next(request)
               ^^^^^^^^^^^^^^^^^^^^^^^^
  File "C:\Users\ASHROCK\Desktop\project1\backend\venv\Lib\site-packages\starlette\middleware\base.py", line 84, in call_next
    raise app_exc
  File "C:\Users\ASHROCK\Desktop\project1\backend\venv\Lib\site-packages\starlette\middleware\base.py", line 70, in coro
    await self.app(scope, receive_or_disconnect, send_no_error)
  File "C:\Users\ASHROCK\Desktop\project1\backend\venv\Lib\site-packages\starlette\middleware\cors.py", line 91, in __call__
    await self.simple_response(scope, receive, send, request_headers=headers)
  File "C:\Users\ASHROCK\Desktop\project1\backend\venv\Lib\site-packages\starlette\middleware\cors.py", line 146, in simple_response
    await self.app(scope, receive, send)
  File "C:\Users\ASHROCK\Desktop\project1\backend\venv\Lib\site-packages\starlette\middleware\exceptions.py", line 79, in __call__
    raise exc
  File "C:\Users\ASHROCK\Desktop\project1\backend\venv\Lib\site-packages\starlette\middleware\exceptions.py", line 68, in __call__
    await self.app(scope, receive, sender)
  File "C:\Users\ASHROCK\Desktop\project1\backend\venv\Lib\site-packages\fastapi\middleware\asyncexitstack.py", line 20, in __call__
    raise e
  File "C:\Users\ASHROCK\Desktop\project1\backend\venv\Lib\site-packages\fastapi\middleware\asyncexitstack.py", line 17, in __call__
    await self.app(scope, receive, send)
  File "C:\Users\ASHROCK\Desktop\project1\backend\venv\Lib\site-packages\starlette\routing.py", line 718, in __call__
    await route.handle(scope, receive, send)
  File "C:\Users\ASHROCK\Desktop\project1\backend\venv\Lib\site-packages\starlette\routing.py", line 276, in handle
    await self.app(scope, receive, send)
  File "C:\Users\ASHROCK\Desktop\project1\backend\venv\Lib\site-packages\starlette\routing.py", line 66, in app
    response = await func(request)
               ^^^^^^^^^^^^^^^^^^^
  File "C:\Users\ASHROCK\Desktop\project1\backend\venv\Lib\site-packages\fastapi\routing.py", line 274, in app
    raw_response = await run_endpoint_function(
                   ^^^^^^^^^^^^^^^^^^^^^^^^^^^^
  File "C:\Users\ASHROCK\Desktop\project1\backend\venv\Lib\site-packages\fastapi\routing.py", line 193, in run_endpoint_function
    return await run_in_threadpool(dependant.call, **values)
           ^^^^^^^^^^^^^^^^^^^^^^^^^^^^^^^^^^^^^^^^^^^^^^^^^
  File "C:\Users\ASHROCK\Desktop\project1\backend\venv\Lib\site-packages\starlette\concurrency.py", line 41, in run_in_threadpool
    return await anyio.to_thread.run_sync(func, *args)
           ^^^^^^^^^^^^^^^^^^^^^^^^^^^^^^^^^^^^^^^^^^^
  File "C:\Users\ASHROCK\Desktop\project1\backend\venv\Lib\site-packages\anyio\to_thread.py", line 33, in run_sync
    return await get_asynclib().run_sync_in_worker_thread(
           ^^^^^^^^^^^^^^^^^^^^^^^^^^^^^^^^^^^^^^^^^^^^^^^
  File "C:\Users\ASHROCK\Desktop\project1\backend\venv\Lib\site-packages\anyio\_backends\_asyncio.py", line 877, in run_sync_in_worker_thread
    return await future
           ^^^^^^^^^^^^
  File "C:\Users\ASHROCK\Desktop\project1\backend\venv\Lib\site-packages\anyio\_backends\_asyncio.py", line 807, in run
    result = context.run(func, *args)
             ^^^^^^^^^^^^^^^^^^^^^^^^
  File "C:\Users\ASHROCK\Desktop\project1\backend\app\api\v1\auth.py", line 169, in login
    user = user_crud.authenticate(db, form_data.username, form_data.password)
           ^^^^^^^^^^^^^^^^^^^^^^^^^^^^^^^^^^^^^^^^^^^^^^^^^^^^^^^^^^^^^^^^^^
  File "C:\Users\ASHROCK\Desktop\project1\backend\app\api\v1\auth.py", line 120, in authenticate
    if not user or not verify_password(password, user.hashed_password):
                       ^^^^^^^^^^^^^^^^^^^^^^^^^^^^^^^^^^^^^^^^^^^^^^^
  File "C:\Users\ASHROCK\Desktop\project1\backend\app\core\security.py", line 32, in verify_password
    return pwd_context.verify(_safe_password(plain_password), hashed_password)
           ^^^^^^^^^^^^^^^^^^^^^^^^^^^^^^^^^^^^^^^^^^^^^^^^^^^^^^^^^^^^^^^^^^^
  File "C:\Users\ASHROCK\Desktop\project1\backend\venv\Lib\site-packages\passlib\context.py", line 2347, in verify
    return record.verify(secret, hash, **kwds)
           ^^^^^^^^^^^^^^^^^^^^^^^^^^^^^^^^^^^
  File "C:\Users\ASHROCK\Desktop\project1\backend\venv\Lib\site-packages\passlib\utils\handlers.py", line 792, in verify
    return consteq(self._calc_checksum(secret), chk)
                   ^^^^^^^^^^^^^^^^^^^^^^^^^^^
  File "C:\Users\ASHROCK\Desktop\project1\backend\venv\Lib\site-packages\passlib\handlers\bcrypt.py", line 591, in _calc_checksum
    self._stub_requires_backend()
  File "C:\Users\ASHROCK\Desktop\project1\backend\venv\Lib\site-packages\passlib\utils\handlers.py", line 2254, in _stub_requires_backend
    cls.set_backend()
  File "C:\Users\ASHROCK\Desktop\project1\backend\venv\Lib\site-packages\passlib\utils\handlers.py", line 2156, in set_backend
    return owner.set_backend(name, dryrun=dryrun)
           ^^^^^^^^^^^^^^^^^^^^^^^^^^^^^^^^^^^^^^
  File "C:\Users\ASHROCK\Desktop\project1\backend\venv\Lib\site-packages\passlib\utils\handlers.py", line 2163, in set_backend
    return cls.set_backend(name, dryrun=dryrun)
           ^^^^^^^^^^^^^^^^^^^^^^^^^^^^^^^^^^^^
  File "C:\Users\ASHROCK\Desktop\project1\backend\venv\Lib\site-packages\passlib\utils\handlers.py", line 2188, in set_backend
    cls._set_backend(name, dryrun)
  File "C:\Users\ASHROCK\Desktop\project1\backend\venv\Lib\site-packages\passlib\utils\handlers.py", line 2311, in _set_backend
    super(SubclassBackendMixin, cls)._set_backend(name, dryrun)
  File "C:\Users\ASHROCK\Desktop\project1\backend\venv\Lib\site-packages\passlib\utils\handlers.py", line 2224, in _set_backend
    ok = loader(**kwds)
         ^^^^^^^^^^^^^^
  File "C:\Users\ASHROCK\Desktop\project1\backend\venv\Lib\site-packages\passlib\handlers\bcrypt.py", line 626, in _load_backend_mixin
    return mixin_cls._finalize_backend_mixin(name, dryrun)
           ^^^^^^^^^^^^^^^^^^^^^^^^^^^^^^^^^^^^^^^^^^^^^^^
  File "C:\Users\ASHROCK\Desktop\project1\backend\venv\Lib\site-packages\passlib\handlers\bcrypt.py", line 421, in _finalize_backend_mixin
    if detect_wrap_bug(IDENT_2A):
       ^^^^^^^^^^^^^^^^^^^^^^^^^
  File "C:\Users\ASHROCK\Desktop\project1\backend\venv\Lib\site-packages\passlib\handlers\bcrypt.py", line 380, in detect_wrap_bug
    if verify(secret, bug_hash):
       ^^^^^^^^^^^^^^^^^^^^^^^^
  File "C:\Users\ASHROCK\Desktop\project1\backend\venv\Lib\site-packages\passlib\utils\handlers.py", line 792, in verify
    return consteq(self._calc_checksum(secret), chk)
                   ^^^^^^^^^^^^^^^^^^^^^^^^^^^
  File "C:\Users\ASHROCK\Desktop\project1\backend\venv\Lib\site-packages\passlib\handlers\bcrypt.py", line 655, in _calc_checksum
    hash = _bcrypt.hashpw(secret, config)
           ^^^^^^^^^^^^^^^^^^^^^^^^^^^^^^
ValueError: password cannot be longer than 72 bytes, truncate manually if necessary (e.g. my_password[:72])
2025-11-26 07:13:54,151 - app.main - INFO - Request: GET http://localhost:8000/docs
2025-11-26 07:13:54,151 - app.main - INFO - Response: 200 in 0.0000s
2025-11-26 07:13:54,249 - app.main - INFO - Request: GET http://localhost:8000/openapi.json
2025-11-26 07:13:54,349 - app.main - INFO - Response: 200 in 0.1004s
2025-11-26 07:14:05,068 - app.main - INFO - Request: POST http://localhost:8000/api/v1/auth/login
2025-11-26 07:14:05,076 - passlib.handlers.bcrypt - WARNING - (trapped) error reading bcrypt version
Traceback (most recent call last):
  File "C:\Users\ASHROCK\Desktop\project1\backend\venv\Lib\site-packages\passlib\handlers\bcrypt.py", line 620, in _load_backend_mixin
    version = _bcrypt.__about__.__version__
              ^^^^^^^^^^^^^^^^^
AttributeError: module 'bcrypt' has no attribute '__about__'
2025-11-26 07:14:05,087 - app.main - ERROR - Unhandled exception: password cannot be longer than 72 bytes, truncate manually if necessary (e.g. my_password[:72])
Traceback (most recent call last):
  File "C:\Users\ASHROCK\Desktop\project1\backend\venv\Lib\site-packages\anyio\streams\memory.py", line 98, in receive
    return self.receive_nowait()
           ^^^^^^^^^^^^^^^^^^^^^
  File "C:\Users\ASHROCK\Desktop\project1\backend\venv\Lib\site-packages\anyio\streams\memory.py", line 93, in receive_nowait
    raise WouldBlock
anyio.WouldBlock

During handling of the above exception, another exception occurred:

Traceback (most recent call last):
  File "C:\Users\ASHROCK\Desktop\project1\backend\venv\Lib\site-packages\starlette\middleware\base.py", line 78, in call_next
    message = await recv_stream.receive()
              ^^^^^^^^^^^^^^^^^^^^^^^^^^^
  File "C:\Users\ASHROCK\Desktop\project1\backend\venv\Lib\site-packages\anyio\streams\memory.py", line 118, in receive
    raise EndOfStream
anyio.EndOfStream

During handling of the above exception, another exception occurred:

Traceback (most recent call last):
  File "C:\Users\ASHROCK\Desktop\project1\backend\venv\Lib\site-packages\starlette\middleware\errors.py", line 162, in __call__
    await self.app(scope, receive, _send)
  File "C:\Users\ASHROCK\Desktop\project1\backend\venv\Lib\site-packages\starlette\middleware\base.py", line 108, in __call__
    response = await self.dispatch_func(request, call_next)
               ^^^^^^^^^^^^^^^^^^^^^^^^^^^^^^^^^^^^^^^^^^^^
  File "C:\Users\ASHROCK\Desktop\project1\backend\app\main.py", line 212, in log_requests
    response = await call_next(request)
               ^^^^^^^^^^^^^^^^^^^^^^^^
  File "C:\Users\ASHROCK\Desktop\project1\backend\venv\Lib\site-packages\starlette\middleware\base.py", line 84, in call_next
    raise app_exc
  File "C:\Users\ASHROCK\Desktop\project1\backend\venv\Lib\site-packages\starlette\middleware\base.py", line 70, in coro
    await self.app(scope, receive_or_disconnect, send_no_error)
  File "C:\Users\ASHROCK\Desktop\project1\backend\venv\Lib\site-packages\starlette\middleware\base.py", line 108, in __call__
    response = await self.dispatch_func(request, call_next)
               ^^^^^^^^^^^^^^^^^^^^^^^^^^^^^^^^^^^^^^^^^^^^
  File "C:\Users\ASHROCK\Desktop\project1\backend\app\main.py", line 197, in add_process_time_header
    response = await call_next(request)
               ^^^^^^^^^^^^^^^^^^^^^^^^
  File "C:\Users\ASHROCK\Desktop\project1\backend\venv\Lib\site-packages\starlette\middleware\base.py", line 84, in call_next
    raise app_exc
  File "C:\Users\ASHROCK\Desktop\project1\backend\venv\Lib\site-packages\starlette\middleware\base.py", line 70, in coro
    await self.app(scope, receive_or_disconnect, send_no_error)
  File "C:\Users\ASHROCK\Desktop\project1\backend\venv\Lib\site-packages\starlette\middleware\cors.py", line 91, in __call__
    await self.simple_response(scope, receive, send, request_headers=headers)
  File "C:\Users\ASHROCK\Desktop\project1\backend\venv\Lib\site-packages\starlette\middleware\cors.py", line 146, in simple_response
    await self.app(scope, receive, send)
  File "C:\Users\ASHROCK\Desktop\project1\backend\venv\Lib\site-packages\starlette\middleware\exceptions.py", line 79, in __call__
    raise exc
  File "C:\Users\ASHROCK\Desktop\project1\backend\venv\Lib\site-packages\starlette\middleware\exceptions.py", line 68, in __call__
    await self.app(scope, receive, sender)
  File "C:\Users\ASHROCK\Desktop\project1\backend\venv\Lib\site-packages\fastapi\middleware\asyncexitstack.py", line 20, in __call__
    raise e
  File "C:\Users\ASHROCK\Desktop\project1\backend\venv\Lib\site-packages\fastapi\middleware\asyncexitstack.py", line 17, in __call__
    await self.app(scope, receive, send)
  File "C:\Users\ASHROCK\Desktop\project1\backend\venv\Lib\site-packages\starlette\routing.py", line 718, in __call__
    await route.handle(scope, receive, send)
  File "C:\Users\ASHROCK\Desktop\project1\backend\venv\Lib\site-packages\starlette\routing.py", line 276, in handle
    await self.app(scope, receive, send)
  File "C:\Users\ASHROCK\Desktop\project1\backend\venv\Lib\site-packages\starlette\routing.py", line 66, in app
    response = await func(request)
               ^^^^^^^^^^^^^^^^^^^
  File "C:\Users\ASHROCK\Desktop\project1\backend\venv\Lib\site-packages\fastapi\routing.py", line 274, in app
    raw_response = await run_endpoint_function(
                   ^^^^^^^^^^^^^^^^^^^^^^^^^^^^
  File "C:\Users\ASHROCK\Desktop\project1\backend\venv\Lib\site-packages\fastapi\routing.py", line 193, in run_endpoint_function
    return await run_in_threadpool(dependant.call, **values)
           ^^^^^^^^^^^^^^^^^^^^^^^^^^^^^^^^^^^^^^^^^^^^^^^^^
  File "C:\Users\ASHROCK\Desktop\project1\backend\venv\Lib\site-packages\starlette\concurrency.py", line 41, in run_in_threadpool
    return await anyio.to_thread.run_sync(func, *args)
           ^^^^^^^^^^^^^^^^^^^^^^^^^^^^^^^^^^^^^^^^^^^
  File "C:\Users\ASHROCK\Desktop\project1\backend\venv\Lib\site-packages\anyio\to_thread.py", line 33, in run_sync
    return await get_asynclib().run_sync_in_worker_thread(
           ^^^^^^^^^^^^^^^^^^^^^^^^^^^^^^^^^^^^^^^^^^^^^^^
  File "C:\Users\ASHROCK\Desktop\project1\backend\venv\Lib\site-packages\anyio\_backends\_asyncio.py", line 877, in run_sync_in_worker_thread
    return await future
           ^^^^^^^^^^^^
  File "C:\Users\ASHROCK\Desktop\project1\backend\venv\Lib\site-packages\anyio\_backends\_asyncio.py", line 807, in run
    result = context.run(func, *args)
             ^^^^^^^^^^^^^^^^^^^^^^^^
  File "C:\Users\ASHROCK\Desktop\project1\backend\app\api\v1\auth.py", line 169, in login
    user = user_crud.authenticate(db, form_data.username, form_data.password)
           ^^^^^^^^^^^^^^^^^^^^^^^^^^^^^^^^^^^^^^^^^^^^^^^^^^^^^^^^^^^^^^^^^^
  File "C:\Users\ASHROCK\Desktop\project1\backend\app\api\v1\auth.py", line 120, in authenticate
    if not user or not verify_password(password, user.hashed_password):
                       ^^^^^^^^^^^^^^^^^^^^^^^^^^^^^^^^^^^^^^^^^^^^^^^
  File "C:\Users\ASHROCK\Desktop\project1\backend\app\core\security.py", line 32, in verify_password
    return pwd_context.verify(_safe_password(plain_password), hashed_password)
           ^^^^^^^^^^^^^^^^^^^^^^^^^^^^^^^^^^^^^^^^^^^^^^^^^^^^^^^^^^^^^^^^^^^
  File "C:\Users\ASHROCK\Desktop\project1\backend\venv\Lib\site-packages\passlib\context.py", line 2347, in verify
    return record.verify(secret, hash, **kwds)
           ^^^^^^^^^^^^^^^^^^^^^^^^^^^^^^^^^^^
  File "C:\Users\ASHROCK\Desktop\project1\backend\venv\Lib\site-packages\passlib\utils\handlers.py", line 792, in verify
    return consteq(self._calc_checksum(secret), chk)
                   ^^^^^^^^^^^^^^^^^^^^^^^^^^^
  File "C:\Users\ASHROCK\Desktop\project1\backend\venv\Lib\site-packages\passlib\handlers\bcrypt.py", line 591, in _calc_checksum
    self._stub_requires_backend()
  File "C:\Users\ASHROCK\Desktop\project1\backend\venv\Lib\site-packages\passlib\utils\handlers.py", line 2254, in _stub_requires_backend
    cls.set_backend()
  File "C:\Users\ASHROCK\Desktop\project1\backend\venv\Lib\site-packages\passlib\utils\handlers.py", line 2156, in set_backend
    return owner.set_backend(name, dryrun=dryrun)
           ^^^^^^^^^^^^^^^^^^^^^^^^^^^^^^^^^^^^^^
  File "C:\Users\ASHROCK\Desktop\project1\backend\venv\Lib\site-packages\passlib\utils\handlers.py", line 2163, in set_backend
    return cls.set_backend(name, dryrun=dryrun)
           ^^^^^^^^^^^^^^^^^^^^^^^^^^^^^^^^^^^^
  File "C:\Users\ASHROCK\Desktop\project1\backend\venv\Lib\site-packages\passlib\utils\handlers.py", line 2188, in set_backend
    cls._set_backend(name, dryrun)
  File "C:\Users\ASHROCK\Desktop\project1\backend\venv\Lib\site-packages\passlib\utils\handlers.py", line 2311, in _set_backend
    super(SubclassBackendMixin, cls)._set_backend(name, dryrun)
  File "C:\Users\ASHROCK\Desktop\project1\backend\venv\Lib\site-packages\passlib\utils\handlers.py", line 2224, in _set_backend
    ok = loader(**kwds)
         ^^^^^^^^^^^^^^
  File "C:\Users\ASHROCK\Desktop\project1\backend\venv\Lib\site-packages\passlib\handlers\bcrypt.py", line 626, in _load_backend_mixin
    return mixin_cls._finalize_backend_mixin(name, dryrun)
           ^^^^^^^^^^^^^^^^^^^^^^^^^^^^^^^^^^^^^^^^^^^^^^^
  File "C:\Users\ASHROCK\Desktop\project1\backend\venv\Lib\site-packages\passlib\handlers\bcrypt.py", line 421, in _finalize_backend_mixin
    if detect_wrap_bug(IDENT_2A):
       ^^^^^^^^^^^^^^^^^^^^^^^^^
  File "C:\Users\ASHROCK\Desktop\project1\backend\venv\Lib\site-packages\passlib\handlers\bcrypt.py", line 380, in detect_wrap_bug
    if verify(secret, bug_hash):
       ^^^^^^^^^^^^^^^^^^^^^^^^
  File "C:\Users\ASHROCK\Desktop\project1\backend\venv\Lib\site-packages\passlib\utils\handlers.py", line 792, in verify
    return consteq(self._calc_checksum(secret), chk)
                   ^^^^^^^^^^^^^^^^^^^^^^^^^^^
  File "C:\Users\ASHROCK\Desktop\project1\backend\venv\Lib\site-packages\passlib\handlers\bcrypt.py", line 655, in _calc_checksum
    hash = _bcrypt.hashpw(secret, config)
           ^^^^^^^^^^^^^^^^^^^^^^^^^^^^^^
ValueError: password cannot be longer than 72 bytes, truncate manually if necessary (e.g. my_password[:72])
2025-11-26 07:15:18,572 - app.main - INFO - Shutting down Finance Management System Backend
2025-11-26 07:15:36,584 - app.main - INFO - Celery configured successfully
2025-11-26 07:15:36,584 - app.main - INFO - Starting Finance Management System Backend
2025-11-26 07:15:36,584 - app.main - INFO - Database tables created successfully
2025-11-26 07:15:36,584 - app.main - INFO - Directory uploads created/verified
2025-11-26 07:15:36,584 - app.main - INFO - Directory reports created/verified
2025-11-26 07:15:36,584 - app.main - INFO - Directory backups created/verified
2025-11-26 07:15:36,584 - app.main - INFO - Directory logs created/verified
2025-11-26 07:15:36,628 - app.main - INFO - Default admin already exists: admin@expense.com
2025-11-26 07:15:44,085 - app.main - INFO - Request: GET http://localhost:8000/docs
2025-11-26 07:15:44,085 - app.main - INFO - Response: 200 in 0.0000s
2025-11-26 07:15:44,159 - app.main - INFO - Request: GET http://localhost:8000/openapi.json
2025-11-26 07:15:44,244 - app.main - INFO - Response: 200 in 0.0846s
2025-11-26 07:15:56,799 - app.main - INFO - Request: POST http://localhost:8000/api/v1/auth/login
2025-11-26 07:15:56,809 - passlib.handlers.bcrypt - WARNING - (trapped) error reading bcrypt version
Traceback (most recent call last):
  File "C:\Users\ASHROCK\Desktop\project1\backend\venv\Lib\site-packages\passlib\handlers\bcrypt.py", line 620, in _load_backend_mixin
    version = _bcrypt.__about__.__version__
              ^^^^^^^^^^^^^^^^^
AttributeError: module 'bcrypt' has no attribute '__about__'
2025-11-26 07:15:56,819 - app.main - ERROR - Unhandled exception: password cannot be longer than 72 bytes, truncate manually if necessary (e.g. my_password[:72])
Traceback (most recent call last):
  File "C:\Users\ASHROCK\Desktop\project1\backend\venv\Lib\site-packages\anyio\streams\memory.py", line 98, in receive
    return self.receive_nowait()
           ^^^^^^^^^^^^^^^^^^^^^
  File "C:\Users\ASHROCK\Desktop\project1\backend\venv\Lib\site-packages\anyio\streams\memory.py", line 93, in receive_nowait
    raise WouldBlock
anyio.WouldBlock

During handling of the above exception, another exception occurred:

Traceback (most recent call last):
  File "C:\Users\ASHROCK\Desktop\project1\backend\venv\Lib\site-packages\starlette\middleware\base.py", line 78, in call_next
    message = await recv_stream.receive()
              ^^^^^^^^^^^^^^^^^^^^^^^^^^^
  File "C:\Users\ASHROCK\Desktop\project1\backend\venv\Lib\site-packages\anyio\streams\memory.py", line 118, in receive
    raise EndOfStream
anyio.EndOfStream

During handling of the above exception, another exception occurred:

Traceback (most recent call last):
  File "C:\Users\ASHROCK\Desktop\project1\backend\venv\Lib\site-packages\starlette\middleware\errors.py", line 162, in __call__
    await self.app(scope, receive, _send)
  File "C:\Users\ASHROCK\Desktop\project1\backend\venv\Lib\site-packages\starlette\middleware\base.py", line 108, in __call__
    response = await self.dispatch_func(request, call_next)
               ^^^^^^^^^^^^^^^^^^^^^^^^^^^^^^^^^^^^^^^^^^^^
  File "C:\Users\ASHROCK\Desktop\project1\backend\app\main.py", line 212, in log_requests
    response = await call_next(request)
               ^^^^^^^^^^^^^^^^^^^^^^^^
  File "C:\Users\ASHROCK\Desktop\project1\backend\venv\Lib\site-packages\starlette\middleware\base.py", line 84, in call_next
    raise app_exc
  File "C:\Users\ASHROCK\Desktop\project1\backend\venv\Lib\site-packages\starlette\middleware\base.py", line 70, in coro
    await self.app(scope, receive_or_disconnect, send_no_error)
  File "C:\Users\ASHROCK\Desktop\project1\backend\venv\Lib\site-packages\starlette\middleware\base.py", line 108, in __call__
    response = await self.dispatch_func(request, call_next)
               ^^^^^^^^^^^^^^^^^^^^^^^^^^^^^^^^^^^^^^^^^^^^
  File "C:\Users\ASHROCK\Desktop\project1\backend\app\main.py", line 197, in add_process_time_header
    response = await call_next(request)
               ^^^^^^^^^^^^^^^^^^^^^^^^
  File "C:\Users\ASHROCK\Desktop\project1\backend\venv\Lib\site-packages\starlette\middleware\base.py", line 84, in call_next
    raise app_exc
  File "C:\Users\ASHROCK\Desktop\project1\backend\venv\Lib\site-packages\starlette\middleware\base.py", line 70, in coro
    await self.app(scope, receive_or_disconnect, send_no_error)
  File "C:\Users\ASHROCK\Desktop\project1\backend\venv\Lib\site-packages\starlette\middleware\cors.py", line 91, in __call__
    await self.simple_response(scope, receive, send, request_headers=headers)
  File "C:\Users\ASHROCK\Desktop\project1\backend\venv\Lib\site-packages\starlette\middleware\cors.py", line 146, in simple_response
    await self.app(scope, receive, send)
  File "C:\Users\ASHROCK\Desktop\project1\backend\venv\Lib\site-packages\starlette\middleware\exceptions.py", line 79, in __call__
    raise exc
  File "C:\Users\ASHROCK\Desktop\project1\backend\venv\Lib\site-packages\starlette\middleware\exceptions.py", line 68, in __call__
    await self.app(scope, receive, sender)
  File "C:\Users\ASHROCK\Desktop\project1\backend\venv\Lib\site-packages\fastapi\middleware\asyncexitstack.py", line 20, in __call__
    raise e
  File "C:\Users\ASHROCK\Desktop\project1\backend\venv\Lib\site-packages\fastapi\middleware\asyncexitstack.py", line 17, in __call__
    await self.app(scope, receive, send)
  File "C:\Users\ASHROCK\Desktop\project1\backend\venv\Lib\site-packages\starlette\routing.py", line 718, in __call__
    await route.handle(scope, receive, send)
  File "C:\Users\ASHROCK\Desktop\project1\backend\venv\Lib\site-packages\starlette\routing.py", line 276, in handle
    await self.app(scope, receive, send)
  File "C:\Users\ASHROCK\Desktop\project1\backend\venv\Lib\site-packages\starlette\routing.py", line 66, in app
    response = await func(request)
               ^^^^^^^^^^^^^^^^^^^
  File "C:\Users\ASHROCK\Desktop\project1\backend\venv\Lib\site-packages\fastapi\routing.py", line 274, in app
    raw_response = await run_endpoint_function(
                   ^^^^^^^^^^^^^^^^^^^^^^^^^^^^
  File "C:\Users\ASHROCK\Desktop\project1\backend\venv\Lib\site-packages\fastapi\routing.py", line 193, in run_endpoint_function
    return await run_in_threadpool(dependant.call, **values)
           ^^^^^^^^^^^^^^^^^^^^^^^^^^^^^^^^^^^^^^^^^^^^^^^^^
  File "C:\Users\ASHROCK\Desktop\project1\backend\venv\Lib\site-packages\starlette\concurrency.py", line 41, in run_in_threadpool
    return await anyio.to_thread.run_sync(func, *args)
           ^^^^^^^^^^^^^^^^^^^^^^^^^^^^^^^^^^^^^^^^^^^
  File "C:\Users\ASHROCK\Desktop\project1\backend\venv\Lib\site-packages\anyio\to_thread.py", line 33, in run_sync
    return await get_asynclib().run_sync_in_worker_thread(
           ^^^^^^^^^^^^^^^^^^^^^^^^^^^^^^^^^^^^^^^^^^^^^^^
  File "C:\Users\ASHROCK\Desktop\project1\backend\venv\Lib\site-packages\anyio\_backends\_asyncio.py", line 877, in run_sync_in_worker_thread
    return await future
           ^^^^^^^^^^^^
  File "C:\Users\ASHROCK\Desktop\project1\backend\venv\Lib\site-packages\anyio\_backends\_asyncio.py", line 807, in run
    result = context.run(func, *args)
             ^^^^^^^^^^^^^^^^^^^^^^^^
  File "C:\Users\ASHROCK\Desktop\project1\backend\app\api\v1\auth.py", line 169, in login
    user = user_crud.authenticate(db, form_data.username, form_data.password)
           ^^^^^^^^^^^^^^^^^^^^^^^^^^^^^^^^^^^^^^^^^^^^^^^^^^^^^^^^^^^^^^^^^^
  File "C:\Users\ASHROCK\Desktop\project1\backend\app\api\v1\auth.py", line 120, in authenticate
    if not user or not verify_password(password, user.hashed_password):
                       ^^^^^^^^^^^^^^^^^^^^^^^^^^^^^^^^^^^^^^^^^^^^^^^
  File "C:\Users\ASHROCK\Desktop\project1\backend\app\core\security.py", line 32, in verify_password
    return pwd_context.verify(_safe_password(plain_password), hashed_password)
           ^^^^^^^^^^^^^^^^^^^^^^^^^^^^^^^^^^^^^^^^^^^^^^^^^^^^^^^^^^^^^^^^^^^
  File "C:\Users\ASHROCK\Desktop\project1\backend\venv\Lib\site-packages\passlib\context.py", line 2347, in verify
    return record.verify(secret, hash, **kwds)
           ^^^^^^^^^^^^^^^^^^^^^^^^^^^^^^^^^^^
  File "C:\Users\ASHROCK\Desktop\project1\backend\venv\Lib\site-packages\passlib\utils\handlers.py", line 792, in verify
    return consteq(self._calc_checksum(secret), chk)
                   ^^^^^^^^^^^^^^^^^^^^^^^^^^^
  File "C:\Users\ASHROCK\Desktop\project1\backend\venv\Lib\site-packages\passlib\handlers\bcrypt.py", line 591, in _calc_checksum
    self._stub_requires_backend()
  File "C:\Users\ASHROCK\Desktop\project1\backend\venv\Lib\site-packages\passlib\utils\handlers.py", line 2254, in _stub_requires_backend
    cls.set_backend()
  File "C:\Users\ASHROCK\Desktop\project1\backend\venv\Lib\site-packages\passlib\utils\handlers.py", line 2156, in set_backend
    return owner.set_backend(name, dryrun=dryrun)
           ^^^^^^^^^^^^^^^^^^^^^^^^^^^^^^^^^^^^^^
  File "C:\Users\ASHROCK\Desktop\project1\backend\venv\Lib\site-packages\passlib\utils\handlers.py", line 2163, in set_backend
    return cls.set_backend(name, dryrun=dryrun)
           ^^^^^^^^^^^^^^^^^^^^^^^^^^^^^^^^^^^^
  File "C:\Users\ASHROCK\Desktop\project1\backend\venv\Lib\site-packages\passlib\utils\handlers.py", line 2188, in set_backend
    cls._set_backend(name, dryrun)
  File "C:\Users\ASHROCK\Desktop\project1\backend\venv\Lib\site-packages\passlib\utils\handlers.py", line 2311, in _set_backend
    super(SubclassBackendMixin, cls)._set_backend(name, dryrun)
  File "C:\Users\ASHROCK\Desktop\project1\backend\venv\Lib\site-packages\passlib\utils\handlers.py", line 2224, in _set_backend
    ok = loader(**kwds)
         ^^^^^^^^^^^^^^
  File "C:\Users\ASHROCK\Desktop\project1\backend\venv\Lib\site-packages\passlib\handlers\bcrypt.py", line 626, in _load_backend_mixin
    return mixin_cls._finalize_backend_mixin(name, dryrun)
           ^^^^^^^^^^^^^^^^^^^^^^^^^^^^^^^^^^^^^^^^^^^^^^^
  File "C:\Users\ASHROCK\Desktop\project1\backend\venv\Lib\site-packages\passlib\handlers\bcrypt.py", line 421, in _finalize_backend_mixin
    if detect_wrap_bug(IDENT_2A):
       ^^^^^^^^^^^^^^^^^^^^^^^^^
  File "C:\Users\ASHROCK\Desktop\project1\backend\venv\Lib\site-packages\passlib\handlers\bcrypt.py", line 380, in detect_wrap_bug
    if verify(secret, bug_hash):
       ^^^^^^^^^^^^^^^^^^^^^^^^
  File "C:\Users\ASHROCK\Desktop\project1\backend\venv\Lib\site-packages\passlib\utils\handlers.py", line 792, in verify
    return consteq(self._calc_checksum(secret), chk)
                   ^^^^^^^^^^^^^^^^^^^^^^^^^^^
  File "C:\Users\ASHROCK\Desktop\project1\backend\venv\Lib\site-packages\passlib\handlers\bcrypt.py", line 655, in _calc_checksum
    hash = _bcrypt.hashpw(secret, config)
           ^^^^^^^^^^^^^^^^^^^^^^^^^^^^^^
ValueError: password cannot be longer than 72 bytes, truncate manually if necessary (e.g. my_password[:72])
2025-11-26 07:17:24,636 - app.main - INFO - Shutting down Finance Management System Backend
2025-11-26 07:17:44,294 - app.main - INFO - Celery configured successfully
2025-11-26 07:17:44,294 - app.main - INFO - Starting Finance Management System Backend
2025-11-26 07:17:44,294 - app.main - INFO - Database tables created successfully
2025-11-26 07:17:44,294 - app.main - INFO - Directory uploads created/verified
2025-11-26 07:17:44,294 - app.main - INFO - Directory reports created/verified
2025-11-26 07:17:44,294 - app.main - INFO - Directory backups created/verified
2025-11-26 07:17:44,294 - app.main - INFO - Directory logs created/verified
2025-11-26 07:17:44,340 - app.main - INFO - Default admin already exists: admin@expense.com
2025-11-26 07:17:52,644 - app.main - INFO - Request: GET http://localhost:8000/docs
2025-11-26 07:17:52,645 - app.main - INFO - Response: 200 in 0.0015s
2025-11-26 07:17:52,725 - app.main - INFO - Request: GET http://localhost:8000/openapi.json
2025-11-26 07:17:52,822 - app.main - INFO - Response: 200 in 0.0963s
2025-11-26 07:18:07,314 - app.main - INFO - Request: POST http://localhost:8000/api/v1/auth/login
2025-11-26 07:18:07,556 - app.main - INFO - Response: 200 in 0.2421s
2025-11-26 07:18:37,886 - app.main - INFO - Request: OPTIONS http://localhost:8000/api/v1/auth/login-json
2025-11-26 07:18:37,886 - app.main - INFO - Response: 200 in 0.0000s
2025-11-26 07:18:37,886 - app.main - INFO - Request: POST http://localhost:8000/api/v1/auth/login-json
2025-11-26 07:18:38,119 - app.main - INFO - Response: 200 in 0.2328s
2025-11-26 07:18:38,901 - app.main - INFO - Request: OPTIONS http://localhost:8000/api/v1/dashboard/overview
2025-11-26 07:18:38,902 - app.main - INFO - Request: OPTIONS http://localhost:8000/api/v1/dashboard/recent-activity?limit=8
2025-11-26 07:18:38,902 - app.main - INFO - Request: OPTIONS http://localhost:8000/api/v1/dashboard/overview
2025-11-26 07:18:38,903 - app.main - INFO - Response: 200 in 0.0026s
2025-11-26 07:18:38,904 - app.main - INFO - Response: 200 in 0.0020s
2025-11-26 07:18:38,905 - app.main - INFO - Response: 200 in 0.0020s
2025-11-26 07:18:38,907 - app.main - INFO - Request: OPTIONS http://localhost:8000/api/v1/dashboard/recent-activity?limit=8
2025-11-26 07:18:38,908 - app.main - INFO - Request: GET http://localhost:8000/api/v1/dashboard/overview
2025-11-26 07:18:38,908 - app.main - INFO - Request: GET http://localhost:8000/api/v1/dashboard/recent-activity?limit=8
2025-11-26 07:18:38,913 - app.main - INFO - Response: 200 in 0.0060s
2025-11-26 07:18:38,935 - app.main - INFO - Response: 200 in 0.0261s
2025-11-26 07:18:38,938 - app.main - INFO - Response: 200 in 0.0300s
2025-11-26 07:18:38,942 - app.main - INFO - Request: GET http://localhost:8000/api/v1/dashboard/recent-activity?limit=8
2025-11-26 07:18:38,948 - app.main - INFO - Request: GET http://localhost:8000/api/v1/dashboard/overview
2025-11-26 07:18:38,951 - app.main - INFO - Response: 200 in 0.0088s
2025-11-26 07:18:38,956 - app.main - INFO - Response: 200 in 0.0085s
